CRITICAL - 2024-11-22 04:32:45 --> Error: Class "App\Controllers\EventModel" not found
[Method: GET, Route: news-events]
in APPPATH\Controllers\NewsEvents.php on line 15.
 1 SYSTEMPATH\CodeIgniter.php(933): App\Controllers\NewsEvents->index()
 2 SYSTEMPATH\CodeIgniter.php(509): CodeIgniter\CodeIgniter->runController(Object(App\Controllers\NewsEvents))
 3 SYSTEMPATH\CodeIgniter.php(355): CodeIgniter\CodeIgniter->handleRequest(null, Object(Config\Cache), false)
 4 SYSTEMPATH\Boot.php(325): CodeIgniter\CodeIgniter->run()
 5 SYSTEMPATH\Boot.php(67): CodeIgniter\Boot::runCodeIgniter(Object(CodeIgniter\CodeIgniter))
 6 FCPATH\index.php(56): CodeIgniter\Boot::bootWeb(Object(Config\Paths))
 7 SYSTEMPATH\rewrite.php(44): require_once('C:\\xampp\\htdocs\\LadyAndalSchool\\public\\index.php')
CRITICAL - 2024-11-22 06:30:34 --> ErrorException: Undefined variable $pastEvents
[Method: GET, Route: news-events]
in APPPATH\Views\news-events.php on line 79.
 1 APPPATH\Views\news-events.php(79): CodeIgniter\Debug\Exceptions->errorHandler(2, 'Undefined variable $pastEvents', 'C:\\xampp\\htdocs\\LadyAndalSchool\\app\\Views\\news-events.php', 79)
 2 SYSTEMPATH\View\View.php(234): include('C:\\xampp\\htdocs\\LadyAndalSchool\\app\\Views\\news-events.php')
 3 SYSTEMPATH\View\View.php(237): CodeIgniter\View\View->CodeIgniter\View\{closure}()
 4 SYSTEMPATH\Common.php(1171): CodeIgniter\View\View->render('news-events', [], true)
 5 APPPATH\Controllers\NewsEvents.php(41): view('news-events', [...])
 6 SYSTEMPATH\CodeIgniter.php(933): App\Controllers\NewsEvents->index()
 7 SYSTEMPATH\CodeIgniter.php(509): CodeIgniter\CodeIgniter->runController(Object(App\Controllers\NewsEvents))
 8 SYSTEMPATH\CodeIgniter.php(355): CodeIgniter\CodeIgniter->handleRequest(null, Object(Config\Cache), false)
 9 SYSTEMPATH\Boot.php(325): CodeIgniter\CodeIgniter->run()
10 SYSTEMPATH\Boot.php(67): CodeIgniter\Boot::runCodeIgniter(Object(CodeIgniter\CodeIgniter))
11 FCPATH\index.php(56): CodeIgniter\Boot::bootWeb(Object(Config\Paths))
12 SYSTEMPATH\rewrite.php(44): require_once('C:\\xampp\\htdocs\\LadyAndalSchool\\public\\index.php')
CRITICAL - 2024-11-22 06:32:34 --> ErrorException: Undefined variable $pastEvents
[Method: GET, Route: news-events]
in APPPATH\Views\news-events.php on line 79.
 1 APPPATH\Views\news-events.php(79): CodeIgniter\Debug\Exceptions->errorHandler(2, 'Undefined variable $pastEvents', 'C:\\xampp\\htdocs\\LadyAndalSchool\\app\\Views\\news-events.php', 79)
 2 SYSTEMPATH\View\View.php(234): include('C:\\xampp\\htdocs\\LadyAndalSchool\\app\\Views\\news-events.php')
 3 SYSTEMPATH\View\View.php(237): CodeIgniter\View\View->CodeIgniter\View\{closure}()
 4 SYSTEMPATH\Common.php(1171): CodeIgniter\View\View->render('news-events', [], true)
 5 APPPATH\Controllers\NewsEvents.php(41): view('news-events', [...])
 6 SYSTEMPATH\CodeIgniter.php(933): App\Controllers\NewsEvents->index()
 7 SYSTEMPATH\CodeIgniter.php(509): CodeIgniter\CodeIgniter->runController(Object(App\Controllers\NewsEvents))
 8 SYSTEMPATH\CodeIgniter.php(355): CodeIgniter\CodeIgniter->handleRequest(null, Object(Config\Cache), false)
 9 SYSTEMPATH\Boot.php(325): CodeIgniter\CodeIgniter->run()
10 SYSTEMPATH\Boot.php(67): CodeIgniter\Boot::runCodeIgniter(Object(CodeIgniter\CodeIgniter))
11 FCPATH\index.php(56): CodeIgniter\Boot::bootWeb(Object(Config\Paths))
12 SYSTEMPATH\rewrite.php(44): require_once('C:\\xampp\\htdocs\\LadyAndalSchool\\public\\index.php')
ERROR - 2024-11-22 07:09:08 --> Event ID not provided
ERROR - 2024-11-22 07:18:50 --> Event ID not provided
ERROR - 2024-11-22 07:20:50 --> Event ID not provided
ERROR - 2024-11-22 07:22:58 --> Event ID not provided
CRITICAL - 2024-11-22 07:22:58 --> ErrorException: Undefined variable $eventId
[Method: GET, Route: event-details]
in APPPATH\Controllers\NewsEvents.php on line 59.
 1 APPPATH\Controllers\NewsEvents.php(59): CodeIgniter\Debug\Exceptions->errorHandler(2, 'Undefined variable $eventId', 'C:\\xampp\\htdocs\\LadyAndalSchool\\app\\Controllers\\NewsEvents.php', 59)
 2 SYSTEMPATH\CodeIgniter.php(933): App\Controllers\NewsEvents->eventDetails()
 3 SYSTEMPATH\CodeIgniter.php(509): CodeIgniter\CodeIgniter->runController(Object(App\Controllers\NewsEvents))
 4 SYSTEMPATH\CodeIgniter.php(355): CodeIgniter\CodeIgniter->handleRequest(null, Object(Config\Cache), false)
 5 SYSTEMPATH\Boot.php(325): CodeIgniter\CodeIgniter->run()
 6 SYSTEMPATH\Boot.php(67): CodeIgniter\Boot::runCodeIgniter(Object(CodeIgniter\CodeIgniter))
 7 FCPATH\index.php(56): CodeIgniter\Boot::bootWeb(Object(Config\Paths))
 8 SYSTEMPATH\rewrite.php(44): require_once('C:\\xampp\\htdocs\\LadyAndalSchool\\public\\index.php')
CRITICAL - 2024-11-22 07:29:12 --> ErrorException: Undefined variable $eventId
[Method: GET, Route: event-details]
in APPPATH\Controllers\NewsEvents.php on line 59.
 1 APPPATH\Controllers\NewsEvents.php(59): CodeIgniter\Debug\Exceptions->errorHandler(2, 'Undefined variable $eventId', 'C:\\xampp\\htdocs\\LadyAndalSchool\\app\\Controllers\\NewsEvents.php', 59)
 2 SYSTEMPATH\CodeIgniter.php(933): App\Controllers\NewsEvents->eventDetails()
 3 SYSTEMPATH\CodeIgniter.php(509): CodeIgniter\CodeIgniter->runController(Object(App\Controllers\NewsEvents))
 4 SYSTEMPATH\CodeIgniter.php(355): CodeIgniter\CodeIgniter->handleRequest(null, Object(Config\Cache), false)
 5 SYSTEMPATH\Boot.php(325): CodeIgniter\CodeIgniter->run()
 6 SYSTEMPATH\Boot.php(67): CodeIgniter\Boot::runCodeIgniter(Object(CodeIgniter\CodeIgniter))
 7 FCPATH\index.php(56): CodeIgniter\Boot::bootWeb(Object(Config\Paths))
 8 SYSTEMPATH\rewrite.php(44): require_once('C:\\xampp\\htdocs\\LadyAndalSchool\\public\\index.php')
CRITICAL - 2024-11-22 07:29:13 --> ErrorException: Undefined array key "eventId"
[Method: GET, Route: news-events]
in APPPATH\Views\news-events.php on line 41.
 1 APPPATH\Views\news-events.php(41): CodeIgniter\Debug\Exceptions->errorHandler(2, 'Undefined array key "eventId"', 'C:\\xampp\\htdocs\\LadyAndalSchool\\app\\Views\\news-events.php', 41)
 2 SYSTEMPATH\View\View.php(234): include('C:\\xampp\\htdocs\\LadyAndalSchool\\app\\Views\\news-events.php')
 3 SYSTEMPATH\View\View.php(237): CodeIgniter\View\View->CodeIgniter\View\{closure}()
 4 SYSTEMPATH\Common.php(1171): CodeIgniter\View\View->render('news-events', [], true)
 5 APPPATH\Controllers\NewsEvents.php(39): view('news-events', [...])
 6 SYSTEMPATH\CodeIgniter.php(933): App\Controllers\NewsEvents->index()
 7 SYSTEMPATH\CodeIgniter.php(509): CodeIgniter\CodeIgniter->runController(Object(App\Controllers\NewsEvents))
 8 SYSTEMPATH\CodeIgniter.php(355): CodeIgniter\CodeIgniter->handleRequest(null, Object(Config\Cache), false)
 9 SYSTEMPATH\Boot.php(325): CodeIgniter\CodeIgniter->run()
10 SYSTEMPATH\Boot.php(67): CodeIgniter\Boot::runCodeIgniter(Object(CodeIgniter\CodeIgniter))
11 FCPATH\index.php(56): CodeIgniter\Boot::bootWeb(Object(Config\Paths))
12 SYSTEMPATH\rewrite.php(44): require_once('C:\\xampp\\htdocs\\LadyAndalSchool\\public\\index.php')
CRITICAL - 2024-11-22 07:29:16 --> ErrorException: Undefined array key "eventId"
[Method: GET, Route: news-events]
in APPPATH\Views\news-events.php on line 41.
 1 APPPATH\Views\news-events.php(41): CodeIgniter\Debug\Exceptions->errorHandler(2, 'Undefined array key "eventId"', 'C:\\xampp\\htdocs\\LadyAndalSchool\\app\\Views\\news-events.php', 41)
 2 SYSTEMPATH\View\View.php(234): include('C:\\xampp\\htdocs\\LadyAndalSchool\\app\\Views\\news-events.php')
 3 SYSTEMPATH\View\View.php(237): CodeIgniter\View\View->CodeIgniter\View\{closure}()
 4 SYSTEMPATH\Common.php(1171): CodeIgniter\View\View->render('news-events', [], true)
 5 APPPATH\Controllers\NewsEvents.php(39): view('news-events', [...])
 6 SYSTEMPATH\CodeIgniter.php(933): App\Controllers\NewsEvents->index()
 7 SYSTEMPATH\CodeIgniter.php(509): CodeIgniter\CodeIgniter->runController(Object(App\Controllers\NewsEvents))
 8 SYSTEMPATH\CodeIgniter.php(355): CodeIgniter\CodeIgniter->handleRequest(null, Object(Config\Cache), false)
 9 SYSTEMPATH\Boot.php(325): CodeIgniter\CodeIgniter->run()
10 SYSTEMPATH\Boot.php(67): CodeIgniter\Boot::runCodeIgniter(Object(CodeIgniter\CodeIgniter))
11 FCPATH\index.php(56): CodeIgniter\Boot::bootWeb(Object(Config\Paths))
12 SYSTEMPATH\rewrite.php(44): require_once('C:\\xampp\\htdocs\\LadyAndalSchool\\public\\index.php')
ERROR - 2024-11-22 07:31:23 --> Event ID not provided
CRITICAL - 2024-11-22 07:31:23 --> ErrorException: Undefined variable $eventId
[Method: GET, Route: event-details]
in APPPATH\Controllers\NewsEvents.php on line 59.
 1 APPPATH\Controllers\NewsEvents.php(59): CodeIgniter\Debug\Exceptions->errorHandler(2, 'Undefined variable $eventId', 'C:\\xampp\\htdocs\\LadyAndalSchool\\app\\Controllers\\NewsEvents.php', 59)
 2 SYSTEMPATH\CodeIgniter.php(933): App\Controllers\NewsEvents->eventDetails()
 3 SYSTEMPATH\CodeIgniter.php(509): CodeIgniter\CodeIgniter->runController(Object(App\Controllers\NewsEvents))
 4 SYSTEMPATH\CodeIgniter.php(355): CodeIgniter\CodeIgniter->handleRequest(null, Object(Config\Cache), false)
 5 SYSTEMPATH\Boot.php(325): CodeIgniter\CodeIgniter->run()
 6 SYSTEMPATH\Boot.php(67): CodeIgniter\Boot::runCodeIgniter(Object(CodeIgniter\CodeIgniter))
 7 FCPATH\index.php(56): CodeIgniter\Boot::bootWeb(Object(Config\Paths))
 8 SYSTEMPATH\rewrite.php(44): require_once('C:\\xampp\\htdocs\\LadyAndalSchool\\public\\index.php')
CRITICAL - 2024-11-22 07:31:51 --> ErrorException: Undefined variable $eventId
[Method: GET, Route: event-details]
in APPPATH\Controllers\NewsEvents.php on line 59.
 1 APPPATH\Controllers\NewsEvents.php(59): CodeIgniter\Debug\Exceptions->errorHandler(2, 'Undefined variable $eventId', 'C:\\xampp\\htdocs\\LadyAndalSchool\\app\\Controllers\\NewsEvents.php', 59)
 2 SYSTEMPATH\CodeIgniter.php(933): App\Controllers\NewsEvents->eventDetails()
 3 SYSTEMPATH\CodeIgniter.php(509): CodeIgniter\CodeIgniter->runController(Object(App\Controllers\NewsEvents))
 4 SYSTEMPATH\CodeIgniter.php(355): CodeIgniter\CodeIgniter->handleRequest(null, Object(Config\Cache), false)
 5 SYSTEMPATH\Boot.php(325): CodeIgniter\CodeIgniter->run()
 6 SYSTEMPATH\Boot.php(67): CodeIgniter\Boot::runCodeIgniter(Object(CodeIgniter\CodeIgniter))
 7 FCPATH\index.php(56): CodeIgniter\Boot::bootWeb(Object(Config\Paths))
 8 SYSTEMPATH\rewrite.php(44): require_once('C:\\xampp\\htdocs\\LadyAndalSchool\\public\\index.php')
ERROR - 2024-11-22 07:32:17 --> Event ID not provided
CRITICAL - 2024-11-22 07:32:17 --> ErrorException: Undefined variable $eventId
[Method: GET, Route: event-details]
in APPPATH\Controllers\NewsEvents.php on line 59.
 1 APPPATH\Controllers\NewsEvents.php(59): CodeIgniter\Debug\Exceptions->errorHandler(2, 'Undefined variable $eventId', 'C:\\xampp\\htdocs\\LadyAndalSchool\\app\\Controllers\\NewsEvents.php', 59)
 2 SYSTEMPATH\CodeIgniter.php(933): App\Controllers\NewsEvents->eventDetails()
 3 SYSTEMPATH\CodeIgniter.php(509): CodeIgniter\CodeIgniter->runController(Object(App\Controllers\NewsEvents))
 4 SYSTEMPATH\CodeIgniter.php(355): CodeIgniter\CodeIgniter->handleRequest(null, Object(Config\Cache), false)
 5 SYSTEMPATH\Boot.php(325): CodeIgniter\CodeIgniter->run()
 6 SYSTEMPATH\Boot.php(67): CodeIgniter\Boot::runCodeIgniter(Object(CodeIgniter\CodeIgniter))
 7 FCPATH\index.php(56): CodeIgniter\Boot::bootWeb(Object(Config\Paths))
 8 SYSTEMPATH\rewrite.php(44): require_once('C:\\xampp\\htdocs\\LadyAndalSchool\\public\\index.php')
ERROR - 2024-11-22 07:36:59 --> Event ID not provided
ERROR - 2024-11-22 07:39:35 --> Event ID not provided
CRITICAL - 2024-11-22 08:21:03 --> ErrorException: Undefined variable $event
[Method: GET, Route: event-details]
in APPPATH\Views\event-details.php on line 36.
 1 APPPATH\Views\event-details.php(36): CodeIgniter\Debug\Exceptions->errorHandler(2, 'Undefined variable $event', 'C:\\xampp\\htdocs\\LadyAndalSchool\\app\\Views\\event-details.php', 36)
 2 SYSTEMPATH\View\View.php(234): include('C:\\xampp\\htdocs\\LadyAndalSchool\\app\\Views\\event-details.php')
 3 SYSTEMPATH\View\View.php(237): CodeIgniter\View\View->CodeIgniter\View\{closure}()
 4 SYSTEMPATH\Common.php(1171): CodeIgniter\View\View->render('event-details', [], true)
 5 APPPATH\Controllers\NewsEvents.php(98): view('event-details', [...])
 6 SYSTEMPATH\CodeIgniter.php(933): App\Controllers\NewsEvents->eventDetails()
 7 SYSTEMPATH\CodeIgniter.php(509): CodeIgniter\CodeIgniter->runController(Object(App\Controllers\NewsEvents))
 8 SYSTEMPATH\CodeIgniter.php(355): CodeIgniter\CodeIgniter->handleRequest(null, Object(Config\Cache), false)
 9 SYSTEMPATH\Boot.php(325): CodeIgniter\CodeIgniter->run()
10 SYSTEMPATH\Boot.php(67): CodeIgniter\Boot::runCodeIgniter(Object(CodeIgniter\CodeIgniter))
11 FCPATH\index.php(56): CodeIgniter\Boot::bootWeb(Object(Config\Paths))
12 SYSTEMPATH\rewrite.php(44): require_once('C:\\xampp\\htdocs\\LadyAndalSchool\\public\\index.php')
ERROR - 2024-11-22 09:19:17 --> mysqli_sql_exception: Column 'event_id' cannot be null in C:\xampp\htdocs\LadyAndalSchool\vendor\codeigniter4\framework\system\Database\MySQLi\Connection.php:312
Stack trace:
#0 C:\xampp\htdocs\LadyAndalSchool\vendor\codeigniter4\framework\system\Database\MySQLi\Connection.php(312): mysqli->query('INSERT INTO `ev...', 0)
#1 C:\xampp\htdocs\LadyAndalSchool\vendor\codeigniter4\framework\system\Database\BaseConnection.php(734): CodeIgniter\Database\MySQLi\Connection->execute('INSERT INTO `ev...')
#2 C:\xampp\htdocs\LadyAndalSchool\vendor\codeigniter4\framework\system\Database\BaseConnection.php(648): CodeIgniter\Database\BaseConnection->simpleQuery('INSERT INTO `ev...')
#3 C:\xampp\htdocs\LadyAndalSchool\vendor\codeigniter4\framework\system\Database\BaseBuilder.php(2340): CodeIgniter\Database\BaseConnection->query('INSERT INTO `ev...', Array, false)
#4 C:\xampp\htdocs\LadyAndalSchool\vendor\codeigniter4\framework\system\Model.php(394): CodeIgniter\Database\BaseBuilder->insert()
#5 C:\xampp\htdocs\LadyAndalSchool\vendor\codeigniter4\framework\system\BaseModel.php(840): CodeIgniter\Model->doInsert(Array)
#6 C:\xampp\htdocs\LadyAndalSchool\vendor\codeigniter4\framework\system\Model.php(802): CodeIgniter\BaseModel->insert(Array, true)
#7 C:\xampp\htdocs\LadyAndalSchool\app\Controllers\NewsEvents.php(106): CodeIgniter\Model->insert(Array)
#8 C:\xampp\htdocs\LadyAndalSchool\vendor\codeigniter4\framework\system\CodeIgniter.php(933): App\Controllers\NewsEvents->saveRegistration()
#9 C:\xampp\htdocs\LadyAndalSchool\vendor\codeigniter4\framework\system\CodeIgniter.php(509): CodeIgniter\CodeIgniter->runController(Object(App\Controllers\NewsEvents))
#10 C:\xampp\htdocs\LadyAndalSchool\vendor\codeigniter4\framework\system\CodeIgniter.php(355): CodeIgniter\CodeIgniter->handleRequest(NULL, Object(Config\Cache), false)
#11 C:\xampp\htdocs\LadyAndalSchool\vendor\codeigniter4\framework\system\Boot.php(325): CodeIgniter\CodeIgniter->run()
#12 C:\xampp\htdocs\LadyAndalSchool\vendor\codeigniter4\framework\system\Boot.php(67): CodeIgniter\Boot::runCodeIgniter(Object(CodeIgniter\CodeIgniter))
#13 C:\xampp\htdocs\LadyAndalSchool\public\index.php(56): CodeIgniter\Boot::bootWeb(Object(Config\Paths))
#14 C:\xampp\htdocs\LadyAndalSchool\vendor\codeigniter4\framework\system\rewrite.php(44): require_once('C:\\xampp\\htdocs...')
#15 {main}
CRITICAL - 2024-11-22 09:19:17 --> CodeIgniter\Database\Exceptions\DatabaseException: Column 'event_id' cannot be null
[Method: POST, Route: register-event]
in SYSTEMPATH\Database\BaseConnection.php on line 688.
 1 SYSTEMPATH\Database\BaseBuilder.php(2340): CodeIgniter\Database\BaseConnection->query('INSERT INTO `event_users` (`event_id`, `user_name`, `email`, `mobile_number`, `guests`, `residential_address`, `created_at`, `updated_at`) VALUES (:event_id:, :user_name:, :email:, :mobile_number:, :guests:, :residential_address:, :created_at:, :updated_at:)', [...], false)
 2 SYSTEMPATH\Model.php(394): CodeIgniter\Database\BaseBuilder->insert()
 3 SYSTEMPATH\BaseModel.php(840): CodeIgniter\Model->doInsert([...])
 4 SYSTEMPATH\Model.php(802): CodeIgniter\BaseModel->insert([...], true)
 5 APPPATH\Controllers\NewsEvents.php(106): CodeIgniter\Model->insert([...])
 6 SYSTEMPATH\CodeIgniter.php(933): App\Controllers\NewsEvents->saveRegistration()
 7 SYSTEMPATH\CodeIgniter.php(509): CodeIgniter\CodeIgniter->runController(Object(App\Controllers\NewsEvents))
 8 SYSTEMPATH\CodeIgniter.php(355): CodeIgniter\CodeIgniter->handleRequest(null, Object(Config\Cache), false)
 9 SYSTEMPATH\Boot.php(325): CodeIgniter\CodeIgniter->run()
10 SYSTEMPATH\Boot.php(67): CodeIgniter\Boot::runCodeIgniter(Object(CodeIgniter\CodeIgniter))
11 FCPATH\index.php(56): CodeIgniter\Boot::bootWeb(Object(Config\Paths))
12 SYSTEMPATH\rewrite.php(44): require_once('C:\\xampp\\htdocs\\LadyAndalSchool\\public\\index.php')
CRITICAL - 2024-11-22 09:19:17 --> [Caused by] CodeIgniter\Database\Exceptions\DatabaseException: Column 'event_id' cannot be null
in SYSTEMPATH\Database\MySQLi\Connection.php on line 317.
 1 SYSTEMPATH\Database\BaseConnection.php(734): CodeIgniter\Database\MySQLi\Connection->execute('INSERT INTO `event_users` (`event_id`, `user_name`, `email`, `mobile_number`, `guests`, `residential_address`, `created_at`, `updated_at`) VALUES (NULL, NULL, \'dcfgvbh@fg.fgv\', NULL, \'6\', NULL, \'2024-11-22 09:19:17\', \'2024-11-22 09:19:17\')')
 2 SYSTEMPATH\Database\BaseConnection.php(648): CodeIgniter\Database\BaseConnection->simpleQuery('INSERT INTO `event_users` (`event_id`, `user_name`, `email`, `mobile_number`, `guests`, `residential_address`, `created_at`, `updated_at`) VALUES (NULL, NULL, \'dcfgvbh@fg.fgv\', NULL, \'6\', NULL, \'2024-11-22 09:19:17\', \'2024-11-22 09:19:17\')')
 3 SYSTEMPATH\Database\BaseBuilder.php(2340): CodeIgniter\Database\BaseConnection->query('INSERT INTO `event_users` (`event_id`, `user_name`, `email`, `mobile_number`, `guests`, `residential_address`, `created_at`, `updated_at`) VALUES (:event_id:, :user_name:, :email:, :mobile_number:, :guests:, :residential_address:, :created_at:, :updated_at:)', [...], false)
 4 SYSTEMPATH\Model.php(394): CodeIgniter\Database\BaseBuilder->insert()
 5 SYSTEMPATH\BaseModel.php(840): CodeIgniter\Model->doInsert([...])
 6 SYSTEMPATH\Model.php(802): CodeIgniter\BaseModel->insert([...], true)
 7 APPPATH\Controllers\NewsEvents.php(106): CodeIgniter\Model->insert([...])
 8 SYSTEMPATH\CodeIgniter.php(933): App\Controllers\NewsEvents->saveRegistration()
 9 SYSTEMPATH\CodeIgniter.php(509): CodeIgniter\CodeIgniter->runController(Object(App\Controllers\NewsEvents))
10 SYSTEMPATH\CodeIgniter.php(355): CodeIgniter\CodeIgniter->handleRequest(null, Object(Config\Cache), false)
11 SYSTEMPATH\Boot.php(325): CodeIgniter\CodeIgniter->run()
12 SYSTEMPATH\Boot.php(67): CodeIgniter\Boot::runCodeIgniter(Object(CodeIgniter\CodeIgniter))
13 FCPATH\index.php(56): CodeIgniter\Boot::bootWeb(Object(Config\Paths))
14 SYSTEMPATH\rewrite.php(44): require_once('C:\\xampp\\htdocs\\LadyAndalSchool\\public\\index.php')
CRITICAL - 2024-11-22 09:19:17 --> [Caused by] mysqli_sql_exception: Column 'event_id' cannot be null
in SYSTEMPATH\Database\MySQLi\Connection.php on line 312.
 1 SYSTEMPATH\Database\MySQLi\Connection.php(312): mysqli->query('INSERT INTO `event_users` (`event_id`, `user_name`, `email`, `mobile_number`, `guests`, `residential_address`, `created_at`, `updated_at`) VALUES (NULL, NULL, \'dcfgvbh@fg.fgv\', NULL, \'6\', NULL, \'2024-11-22 09:19:17\', \'2024-11-22 09:19:17\')', 0)
 2 SYSTEMPATH\Database\BaseConnection.php(734): CodeIgniter\Database\MySQLi\Connection->execute('INSERT INTO `event_users` (`event_id`, `user_name`, `email`, `mobile_number`, `guests`, `residential_address`, `created_at`, `updated_at`) VALUES (NULL, NULL, \'dcfgvbh@fg.fgv\', NULL, \'6\', NULL, \'2024-11-22 09:19:17\', \'2024-11-22 09:19:17\')')
 3 SYSTEMPATH\Database\BaseConnection.php(648): CodeIgniter\Database\BaseConnection->simpleQuery('INSERT INTO `event_users` (`event_id`, `user_name`, `email`, `mobile_number`, `guests`, `residential_address`, `created_at`, `updated_at`) VALUES (NULL, NULL, \'dcfgvbh@fg.fgv\', NULL, \'6\', NULL, \'2024-11-22 09:19:17\', \'2024-11-22 09:19:17\')')
 4 SYSTEMPATH\Database\BaseBuilder.php(2340): CodeIgniter\Database\BaseConnection->query('INSERT INTO `event_users` (`event_id`, `user_name`, `email`, `mobile_number`, `guests`, `residential_address`, `created_at`, `updated_at`) VALUES (:event_id:, :user_name:, :email:, :mobile_number:, :guests:, :residential_address:, :created_at:, :updated_at:)', [...], false)
 5 SYSTEMPATH\Model.php(394): CodeIgniter\Database\BaseBuilder->insert()
 6 SYSTEMPATH\BaseModel.php(840): CodeIgniter\Model->doInsert([...])
 7 SYSTEMPATH\Model.php(802): CodeIgniter\BaseModel->insert([...], true)
 8 APPPATH\Controllers\NewsEvents.php(106): CodeIgniter\Model->insert([...])
 9 SYSTEMPATH\CodeIgniter.php(933): App\Controllers\NewsEvents->saveRegistration()
10 SYSTEMPATH\CodeIgniter.php(509): CodeIgniter\CodeIgniter->runController(Object(App\Controllers\NewsEvents))
11 SYSTEMPATH\CodeIgniter.php(355): CodeIgniter\CodeIgniter->handleRequest(null, Object(Config\Cache), false)
12 SYSTEMPATH\Boot.php(325): CodeIgniter\CodeIgniter->run()
13 SYSTEMPATH\Boot.php(67): CodeIgniter\Boot::runCodeIgniter(Object(CodeIgniter\CodeIgniter))
14 FCPATH\index.php(56): CodeIgniter\Boot::bootWeb(Object(Config\Paths))
15 SYSTEMPATH\rewrite.php(44): require_once('C:\\xampp\\htdocs\\LadyAndalSchool\\public\\index.php')
CRITICAL - 2024-11-22 09:51:55 --> ErrorException: Undefined variable $eventUserModel
[Method: POST, Route: register-event]
in APPPATH\Controllers\NewsEvents.php on line 113.
 1 APPPATH\Controllers\NewsEvents.php(113): CodeIgniter\Debug\Exceptions->errorHandler(2, 'Undefined variable $eventUserModel', 'C:\\xampp\\htdocs\\LadyAndalSchool\\app\\Controllers\\NewsEvents.php', 113)
 2 SYSTEMPATH\CodeIgniter.php(933): App\Controllers\NewsEvents->saveRegistration()
 3 SYSTEMPATH\CodeIgniter.php(509): CodeIgniter\CodeIgniter->runController(Object(App\Controllers\NewsEvents))
 4 SYSTEMPATH\CodeIgniter.php(355): CodeIgniter\CodeIgniter->handleRequest(null, Object(Config\Cache), false)
 5 SYSTEMPATH\Boot.php(325): CodeIgniter\CodeIgniter->run()
 6 SYSTEMPATH\Boot.php(67): CodeIgniter\Boot::runCodeIgniter(Object(CodeIgniter\CodeIgniter))
 7 FCPATH\index.php(56): CodeIgniter\Boot::bootWeb(Object(Config\Paths))
 8 SYSTEMPATH\rewrite.php(44): require_once('C:\\xampp\\htdocs\\LadyAndalSchool\\public\\index.php')
CRITICAL - 2024-11-22 10:16:05 --> ErrorException: Undefined variable $currentDate
[Method: GET, Route: past-events]
in APPPATH\Controllers\NewsEvents.php on line 137.
 1 APPPATH\Controllers\NewsEvents.php(137): CodeIgniter\Debug\Exceptions->errorHandler(2, 'Undefined variable $currentDate', 'C:\\xampp\\htdocs\\LadyAndalSchool\\app\\Controllers\\NewsEvents.php', 137)
 2 SYSTEMPATH\CodeIgniter.php(933): App\Controllers\NewsEvents->pastEvents()
 3 SYSTEMPATH\CodeIgniter.php(509): CodeIgniter\CodeIgniter->runController(Object(App\Controllers\NewsEvents))
 4 SYSTEMPATH\CodeIgniter.php(355): CodeIgniter\CodeIgniter->handleRequest(null, Object(Config\Cache), false)
 5 SYSTEMPATH\Boot.php(325): CodeIgniter\CodeIgniter->run()
 6 SYSTEMPATH\Boot.php(67): CodeIgniter\Boot::runCodeIgniter(Object(CodeIgniter\CodeIgniter))
 7 FCPATH\index.php(56): CodeIgniter\Boot::bootWeb(Object(Config\Paths))
 8 SYSTEMPATH\rewrite.php(44): require_once('C:\\xampp\\htdocs\\LadyAndalSchool\\public\\index.php')
CRITICAL - 2024-11-22 12:55:41 --> ErrorException: Array to string conversion
[Method: GET, Route: news-events]
in APPPATH\Controllers\NewsEvents.php on line 31.
 1 APPPATH\Controllers\NewsEvents.php(31): CodeIgniter\Debug\Exceptions->errorHandler(2, 'Array to string conversion', 'C:\\xampp\\htdocs\\LadyAndalSchool\\app\\Controllers\\NewsEvents.php', 31)
 2 SYSTEMPATH\CodeIgniter.php(933): App\Controllers\NewsEvents->index()
 3 SYSTEMPATH\CodeIgniter.php(509): CodeIgniter\CodeIgniter->runController(Object(App\Controllers\NewsEvents))
 4 SYSTEMPATH\CodeIgniter.php(355): CodeIgniter\CodeIgniter->handleRequest(null, Object(Config\Cache), false)
 5 SYSTEMPATH\Boot.php(325): CodeIgniter\CodeIgniter->run()
 6 SYSTEMPATH\Boot.php(67): CodeIgniter\Boot::runCodeIgniter(Object(CodeIgniter\CodeIgniter))
 7 FCPATH\index.php(56): CodeIgniter\Boot::bootWeb(Object(Config\Paths))
 8 SYSTEMPATH\rewrite.php(44): require_once('C:\\xampp\\htdocs\\LadyAndalSchool\\public\\index.php')
CRITICAL - 2024-11-22 12:56:36 --> ErrorException: Array to string conversion
[Method: GET, Route: news-events]
in APPPATH\Controllers\NewsEvents.php on line 24.
 1 APPPATH\Controllers\NewsEvents.php(24): CodeIgniter\Debug\Exceptions->errorHandler(2, 'Array to string conversion', 'C:\\xampp\\htdocs\\LadyAndalSchool\\app\\Controllers\\NewsEvents.php', 24)
 2 SYSTEMPATH\CodeIgniter.php(933): App\Controllers\NewsEvents->index()
 3 SYSTEMPATH\CodeIgniter.php(509): CodeIgniter\CodeIgniter->runController(Object(App\Controllers\NewsEvents))
 4 SYSTEMPATH\CodeIgniter.php(355): CodeIgniter\CodeIgniter->handleRequest(null, Object(Config\Cache), false)
 5 SYSTEMPATH\Boot.php(325): CodeIgniter\CodeIgniter->run()
 6 SYSTEMPATH\Boot.php(67): CodeIgniter\Boot::runCodeIgniter(Object(CodeIgniter\CodeIgniter))
 7 FCPATH\index.php(56): CodeIgniter\Boot::bootWeb(Object(Config\Paths))
 8 SYSTEMPATH\rewrite.php(44): require_once('C:\\xampp\\htdocs\\LadyAndalSchool\\public\\index.php')
