ERROR - 2024-11-19 00:05:33 --> Error log message test
ERROR - 2024-11-19 00:05:36 --> Error log message test
CRITICAL - 2024-11-19 00:10:42 --> Error: Class "App\Controllers\DocumentModel" not found
[Method: GET, Route: documents]
in APPPATH\Controllers\Documents.php on line 12.
 1 SYSTEMPATH\CodeIgniter.php(933): App\Controllers\Documents->index()
 2 SYSTEMPATH\CodeIgniter.php(509): CodeIgniter\CodeIgniter->runController(Object(App\Controllers\Documents))
 3 SYSTEMPATH\CodeIgniter.php(355): CodeIgniter\CodeIgniter->handleRequest(null, Object(Config\Cache), false)
 4 SYSTEMPATH\Boot.php(325): CodeIgniter\CodeIgniter->run()
 5 SYSTEMPATH\Boot.php(67): CodeIgniter\Boot::runCodeIgniter(Object(CodeIgniter\CodeIgniter))
 6 FCPATH\index.php(56): CodeIgniter\Boot::bootWeb(Object(Config\Paths))
 7 SYSTEMPATH\rewrite.php(44): require_once('D:\\xampp\\htdocs\\projects\\LadyAndal\\LadyAndalSchool\\public\\index.php')
CRITICAL - 2024-11-19 00:16:15 --> Error: Class "App\Controllers\DocumentModel" not found
[Method: GET, Route: documents]
in APPPATH\Controllers\Documents.php on line 12.
 1 SYSTEMPATH\CodeIgniter.php(933): App\Controllers\Documents->index()
 2 SYSTEMPATH\CodeIgniter.php(509): CodeIgniter\CodeIgniter->runController(Object(App\Controllers\Documents))
 3 SYSTEMPATH\CodeIgniter.php(355): CodeIgniter\CodeIgniter->handleRequest(null, Object(Config\Cache), false)
 4 SYSTEMPATH\Boot.php(325): CodeIgniter\CodeIgniter->run()
 5 SYSTEMPATH\Boot.php(67): CodeIgniter\Boot::runCodeIgniter(Object(CodeIgniter\CodeIgniter))
 6 FCPATH\index.php(56): CodeIgniter\Boot::bootWeb(Object(Config\Paths))
 7 SYSTEMPATH\rewrite.php(44): require_once('D:\\xampp\\htdocs\\projects\\LadyAndal\\LadyAndalSchool\\public\\index.php')
CRITICAL - 2024-11-19 00:16:26 --> Error: Class "App\Controllers\DocumentModel" not found
[Method: GET, Route: documents]
in APPPATH\Controllers\Documents.php on line 12.
 1 SYSTEMPATH\CodeIgniter.php(933): App\Controllers\Documents->index()
 2 SYSTEMPATH\CodeIgniter.php(509): CodeIgniter\CodeIgniter->runController(Object(App\Controllers\Documents))
 3 SYSTEMPATH\CodeIgniter.php(355): CodeIgniter\CodeIgniter->handleRequest(null, Object(Config\Cache), false)
 4 SYSTEMPATH\Boot.php(325): CodeIgniter\CodeIgniter->run()
 5 SYSTEMPATH\Boot.php(67): CodeIgniter\Boot::runCodeIgniter(Object(CodeIgniter\CodeIgniter))
 6 FCPATH\index.php(56): CodeIgniter\Boot::bootWeb(Object(Config\Paths))
 7 SYSTEMPATH\rewrite.php(44): require_once('D:\\xampp\\htdocs\\projects\\LadyAndal\\LadyAndalSchool\\public\\index.php')
CRITICAL - 2024-11-19 00:16:56 --> Error: Class "App\Controllers\DocumentModel" not found
[Method: GET, Route: documents]
in APPPATH\Controllers\Documents.php on line 12.
 1 SYSTEMPATH\CodeIgniter.php(933): App\Controllers\Documents->index()
 2 SYSTEMPATH\CodeIgniter.php(509): CodeIgniter\CodeIgniter->runController(Object(App\Controllers\Documents))
 3 SYSTEMPATH\CodeIgniter.php(355): CodeIgniter\CodeIgniter->handleRequest(null, Object(Config\Cache), false)
 4 SYSTEMPATH\Boot.php(325): CodeIgniter\CodeIgniter->run()
 5 SYSTEMPATH\Boot.php(67): CodeIgniter\Boot::runCodeIgniter(Object(CodeIgniter\CodeIgniter))
 6 FCPATH\index.php(56): CodeIgniter\Boot::bootWeb(Object(Config\Paths))
 7 SYSTEMPATH\rewrite.php(44): require_once('D:\\xampp\\htdocs\\projects\\LadyAndal\\LadyAndalSchool\\public\\index.php')
CRITICAL - 2024-11-19 00:17:09 --> Error: Class "App\Controllers\DocumentModel" not found
[Method: GET, Route: documents]
in APPPATH\Controllers\Documents.php on line 12.
 1 SYSTEMPATH\CodeIgniter.php(933): App\Controllers\Documents->index()
 2 SYSTEMPATH\CodeIgniter.php(509): CodeIgniter\CodeIgniter->runController(Object(App\Controllers\Documents))
 3 SYSTEMPATH\CodeIgniter.php(355): CodeIgniter\CodeIgniter->handleRequest(null, Object(Config\Cache), false)
 4 SYSTEMPATH\Boot.php(325): CodeIgniter\CodeIgniter->run()
 5 SYSTEMPATH\Boot.php(67): CodeIgniter\Boot::runCodeIgniter(Object(CodeIgniter\CodeIgniter))
 6 FCPATH\index.php(56): CodeIgniter\Boot::bootWeb(Object(Config\Paths))
 7 SYSTEMPATH\rewrite.php(44): require_once('D:\\xampp\\htdocs\\projects\\LadyAndal\\LadyAndalSchool\\public\\index.php')
ERROR - 2024-11-19 00:19:39 --> mysqli_sql_exception: Unknown column 'updated_at' in 'field list' in D:\xampp\htdocs\projects\LadyAndal\LadyAndalSchool\vendor\codeigniter4\framework\system\Database\MySQLi\Connection.php:312
Stack trace:
#0 D:\xampp\htdocs\projects\LadyAndal\LadyAndalSchool\vendor\codeigniter4\framework\system\Database\MySQLi\Connection.php(312): mysqli->query('INSERT INTO `do...', 0)
#1 D:\xampp\htdocs\projects\LadyAndal\LadyAndalSchool\vendor\codeigniter4\framework\system\Database\BaseConnection.php(734): CodeIgniter\Database\MySQLi\Connection->execute('INSERT INTO `do...')
#2 D:\xampp\htdocs\projects\LadyAndal\LadyAndalSchool\vendor\codeigniter4\framework\system\Database\BaseConnection.php(648): CodeIgniter\Database\BaseConnection->simpleQuery('INSERT INTO `do...')
#3 D:\xampp\htdocs\projects\LadyAndal\LadyAndalSchool\vendor\codeigniter4\framework\system\Database\BaseBuilder.php(2340): CodeIgniter\Database\BaseConnection->query('INSERT INTO `do...', Array, false)
#4 D:\xampp\htdocs\projects\LadyAndal\LadyAndalSchool\vendor\codeigniter4\framework\system\Model.php(394): CodeIgniter\Database\BaseBuilder->insert()
#5 D:\xampp\htdocs\projects\LadyAndal\LadyAndalSchool\vendor\codeigniter4\framework\system\BaseModel.php(840): CodeIgniter\Model->doInsert(Array)
#6 D:\xampp\htdocs\projects\LadyAndal\LadyAndalSchool\vendor\codeigniter4\framework\system\Model.php(802): CodeIgniter\BaseModel->insert(Array, false)
#7 D:\xampp\htdocs\projects\LadyAndal\LadyAndalSchool\vendor\codeigniter4\framework\system\BaseModel.php(751): CodeIgniter\Model->insert(Array, false)
#8 D:\xampp\htdocs\projects\LadyAndal\LadyAndalSchool\app\Controllers\DocumentController.php(48): CodeIgniter\BaseModel->save(Array)
#9 D:\xampp\htdocs\projects\LadyAndal\LadyAndalSchool\vendor\codeigniter4\framework\system\CodeIgniter.php(933): App\Controllers\DocumentController->submit()
#10 D:\xampp\htdocs\projects\LadyAndal\LadyAndalSchool\vendor\codeigniter4\framework\system\CodeIgniter.php(509): CodeIgniter\CodeIgniter->runController(Object(App\Controllers\DocumentController))
#11 D:\xampp\htdocs\projects\LadyAndal\LadyAndalSchool\vendor\codeigniter4\framework\system\CodeIgniter.php(355): CodeIgniter\CodeIgniter->handleRequest(NULL, Object(Config\Cache), false)
#12 D:\xampp\htdocs\projects\LadyAndal\LadyAndalSchool\vendor\codeigniter4\framework\system\Boot.php(325): CodeIgniter\CodeIgniter->run()
#13 D:\xampp\htdocs\projects\LadyAndal\LadyAndalSchool\vendor\codeigniter4\framework\system\Boot.php(67): CodeIgniter\Boot::runCodeIgniter(Object(CodeIgniter\CodeIgniter))
#14 D:\xampp\htdocs\projects\LadyAndal\LadyAndalSchool\public\index.php(56): CodeIgniter\Boot::bootWeb(Object(Config\Paths))
#15 D:\xampp\htdocs\projects\LadyAndal\LadyAndalSchool\vendor\codeigniter4\framework\system\rewrite.php(44): require_once('D:\\xampp\\htdocs...')
#16 {main}
CRITICAL - 2024-11-19 00:19:39 --> CodeIgniter\Database\Exceptions\DatabaseException: Unknown column 'updated_at' in 'field list'
[Method: POST, Route: adm1n/document/submit]
in SYSTEMPATH\Database\BaseConnection.php on line 688.
 1 SYSTEMPATH\Database\BaseBuilder.php(2340): CodeIgniter\Database\BaseConnection->query('INSERT INTO `documents` (`programme`, `academic_year`, `document_name`, `uploaded_at`, `is_published`, `created_at`, `updated_at`) VALUES (:programme:, :academic_year:, :document_name:, :uploaded_at:, :is_published:, :created_at:, :updated_at:)', [...], false)
 2 SYSTEMPATH\Model.php(394): CodeIgniter\Database\BaseBuilder->insert()
 3 SYSTEMPATH\BaseModel.php(840): CodeIgniter\Model->doInsert([...])
 4 SYSTEMPATH\Model.php(802): CodeIgniter\BaseModel->insert([...], false)
 5 SYSTEMPATH\BaseModel.php(751): CodeIgniter\Model->insert([...], false)
 6 APPPATH\Controllers\DocumentController.php(48): CodeIgniter\BaseModel->save([...])
 7 SYSTEMPATH\CodeIgniter.php(933): App\Controllers\DocumentController->submit()
 8 SYSTEMPATH\CodeIgniter.php(509): CodeIgniter\CodeIgniter->runController(Object(App\Controllers\DocumentController))
 9 SYSTEMPATH\CodeIgniter.php(355): CodeIgniter\CodeIgniter->handleRequest(null, Object(Config\Cache), false)
10 SYSTEMPATH\Boot.php(325): CodeIgniter\CodeIgniter->run()
11 SYSTEMPATH\Boot.php(67): CodeIgniter\Boot::runCodeIgniter(Object(CodeIgniter\CodeIgniter))
12 FCPATH\index.php(56): CodeIgniter\Boot::bootWeb(Object(Config\Paths))
13 SYSTEMPATH\rewrite.php(44): require_once('D:\\xampp\\htdocs\\projects\\LadyAndal\\LadyAndalSchool\\public\\index.php')
CRITICAL - 2024-11-19 00:19:39 --> [Caused by] CodeIgniter\Database\Exceptions\DatabaseException: Unknown column 'updated_at' in 'field list'
in SYSTEMPATH\Database\MySQLi\Connection.php on line 317.
 1 SYSTEMPATH\Database\BaseConnection.php(734): CodeIgniter\Database\MySQLi\Connection->execute('INSERT INTO `documents` (`programme`, `academic_year`, `document_name`, `uploaded_at`, `is_published`, `created_at`, `updated_at`) VALUES (\'PYP\', \'2024-2025\', \'1731975579_3c6fd4564b6fb8cd370e.pdf\', \'2024-11-19 00:19:39\', 1, \'2024-11-19 00:19:39\', \'2024-11-19 00:19:39\')')
 2 SYSTEMPATH\Database\BaseConnection.php(648): CodeIgniter\Database\BaseConnection->simpleQuery('INSERT INTO `documents` (`programme`, `academic_year`, `document_name`, `uploaded_at`, `is_published`, `created_at`, `updated_at`) VALUES (\'PYP\', \'2024-2025\', \'1731975579_3c6fd4564b6fb8cd370e.pdf\', \'2024-11-19 00:19:39\', 1, \'2024-11-19 00:19:39\', \'2024-11-19 00:19:39\')')
 3 SYSTEMPATH\Database\BaseBuilder.php(2340): CodeIgniter\Database\BaseConnection->query('INSERT INTO `documents` (`programme`, `academic_year`, `document_name`, `uploaded_at`, `is_published`, `created_at`, `updated_at`) VALUES (:programme:, :academic_year:, :document_name:, :uploaded_at:, :is_published:, :created_at:, :updated_at:)', [...], false)
 4 SYSTEMPATH\Model.php(394): CodeIgniter\Database\BaseBuilder->insert()
 5 SYSTEMPATH\BaseModel.php(840): CodeIgniter\Model->doInsert([...])
 6 SYSTEMPATH\Model.php(802): CodeIgniter\BaseModel->insert([...], false)
 7 SYSTEMPATH\BaseModel.php(751): CodeIgniter\Model->insert([...], false)
 8 APPPATH\Controllers\DocumentController.php(48): CodeIgniter\BaseModel->save([...])
 9 SYSTEMPATH\CodeIgniter.php(933): App\Controllers\DocumentController->submit()
10 SYSTEMPATH\CodeIgniter.php(509): CodeIgniter\CodeIgniter->runController(Object(App\Controllers\DocumentController))
11 SYSTEMPATH\CodeIgniter.php(355): CodeIgniter\CodeIgniter->handleRequest(null, Object(Config\Cache), false)
12 SYSTEMPATH\Boot.php(325): CodeIgniter\CodeIgniter->run()
13 SYSTEMPATH\Boot.php(67): CodeIgniter\Boot::runCodeIgniter(Object(CodeIgniter\CodeIgniter))
14 FCPATH\index.php(56): CodeIgniter\Boot::bootWeb(Object(Config\Paths))
15 SYSTEMPATH\rewrite.php(44): require_once('D:\\xampp\\htdocs\\projects\\LadyAndal\\LadyAndalSchool\\public\\index.php')
CRITICAL - 2024-11-19 00:19:39 --> [Caused by] mysqli_sql_exception: Unknown column 'updated_at' in 'field list'
in SYSTEMPATH\Database\MySQLi\Connection.php on line 312.
 1 SYSTEMPATH\Database\MySQLi\Connection.php(312): mysqli->query('INSERT INTO `documents` (`programme`, `academic_year`, `document_name`, `uploaded_at`, `is_published`, `created_at`, `updated_at`) VALUES (\'PYP\', \'2024-2025\', \'1731975579_3c6fd4564b6fb8cd370e.pdf\', \'2024-11-19 00:19:39\', 1, \'2024-11-19 00:19:39\', \'2024-11-19 00:19:39\')', 0)
 2 SYSTEMPATH\Database\BaseConnection.php(734): CodeIgniter\Database\MySQLi\Connection->execute('INSERT INTO `documents` (`programme`, `academic_year`, `document_name`, `uploaded_at`, `is_published`, `created_at`, `updated_at`) VALUES (\'PYP\', \'2024-2025\', \'1731975579_3c6fd4564b6fb8cd370e.pdf\', \'2024-11-19 00:19:39\', 1, \'2024-11-19 00:19:39\', \'2024-11-19 00:19:39\')')
 3 SYSTEMPATH\Database\BaseConnection.php(648): CodeIgniter\Database\BaseConnection->simpleQuery('INSERT INTO `documents` (`programme`, `academic_year`, `document_name`, `uploaded_at`, `is_published`, `created_at`, `updated_at`) VALUES (\'PYP\', \'2024-2025\', \'1731975579_3c6fd4564b6fb8cd370e.pdf\', \'2024-11-19 00:19:39\', 1, \'2024-11-19 00:19:39\', \'2024-11-19 00:19:39\')')
 4 SYSTEMPATH\Database\BaseBuilder.php(2340): CodeIgniter\Database\BaseConnection->query('INSERT INTO `documents` (`programme`, `academic_year`, `document_name`, `uploaded_at`, `is_published`, `created_at`, `updated_at`) VALUES (:programme:, :academic_year:, :document_name:, :uploaded_at:, :is_published:, :created_at:, :updated_at:)', [...], false)
 5 SYSTEMPATH\Model.php(394): CodeIgniter\Database\BaseBuilder->insert()
 6 SYSTEMPATH\BaseModel.php(840): CodeIgniter\Model->doInsert([...])
 7 SYSTEMPATH\Model.php(802): CodeIgniter\BaseModel->insert([...], false)
 8 SYSTEMPATH\BaseModel.php(751): CodeIgniter\Model->insert([...], false)
 9 APPPATH\Controllers\DocumentController.php(48): CodeIgniter\BaseModel->save([...])
10 SYSTEMPATH\CodeIgniter.php(933): App\Controllers\DocumentController->submit()
11 SYSTEMPATH\CodeIgniter.php(509): CodeIgniter\CodeIgniter->runController(Object(App\Controllers\DocumentController))
12 SYSTEMPATH\CodeIgniter.php(355): CodeIgniter\CodeIgniter->handleRequest(null, Object(Config\Cache), false)
13 SYSTEMPATH\Boot.php(325): CodeIgniter\CodeIgniter->run()
14 SYSTEMPATH\Boot.php(67): CodeIgniter\Boot::runCodeIgniter(Object(CodeIgniter\CodeIgniter))
15 FCPATH\index.php(56): CodeIgniter\Boot::bootWeb(Object(Config\Paths))
16 SYSTEMPATH\rewrite.php(44): require_once('D:\\xampp\\htdocs\\projects\\LadyAndal\\LadyAndalSchool\\public\\index.php')
ERROR - 2024-11-19 00:20:32 --> mysqli_sql_exception: Unknown column 'updated_at' in 'field list' in D:\xampp\htdocs\projects\LadyAndal\LadyAndalSchool\vendor\codeigniter4\framework\system\Database\MySQLi\Connection.php:312
Stack trace:
#0 D:\xampp\htdocs\projects\LadyAndal\LadyAndalSchool\vendor\codeigniter4\framework\system\Database\MySQLi\Connection.php(312): mysqli->query('INSERT INTO `do...', 0)
#1 D:\xampp\htdocs\projects\LadyAndal\LadyAndalSchool\vendor\codeigniter4\framework\system\Database\BaseConnection.php(734): CodeIgniter\Database\MySQLi\Connection->execute('INSERT INTO `do...')
#2 D:\xampp\htdocs\projects\LadyAndal\LadyAndalSchool\vendor\codeigniter4\framework\system\Database\BaseConnection.php(648): CodeIgniter\Database\BaseConnection->simpleQuery('INSERT INTO `do...')
#3 D:\xampp\htdocs\projects\LadyAndal\LadyAndalSchool\vendor\codeigniter4\framework\system\Database\BaseBuilder.php(2340): CodeIgniter\Database\BaseConnection->query('INSERT INTO `do...', Array, false)
#4 D:\xampp\htdocs\projects\LadyAndal\LadyAndalSchool\vendor\codeigniter4\framework\system\Model.php(394): CodeIgniter\Database\BaseBuilder->insert()
#5 D:\xampp\htdocs\projects\LadyAndal\LadyAndalSchool\vendor\codeigniter4\framework\system\BaseModel.php(840): CodeIgniter\Model->doInsert(Array)
#6 D:\xampp\htdocs\projects\LadyAndal\LadyAndalSchool\vendor\codeigniter4\framework\system\Model.php(802): CodeIgniter\BaseModel->insert(Array, false)
#7 D:\xampp\htdocs\projects\LadyAndal\LadyAndalSchool\vendor\codeigniter4\framework\system\BaseModel.php(751): CodeIgniter\Model->insert(Array, false)
#8 D:\xampp\htdocs\projects\LadyAndal\LadyAndalSchool\app\Controllers\DocumentController.php(48): CodeIgniter\BaseModel->save(Array)
#9 D:\xampp\htdocs\projects\LadyAndal\LadyAndalSchool\vendor\codeigniter4\framework\system\CodeIgniter.php(933): App\Controllers\DocumentController->submit()
#10 D:\xampp\htdocs\projects\LadyAndal\LadyAndalSchool\vendor\codeigniter4\framework\system\CodeIgniter.php(509): CodeIgniter\CodeIgniter->runController(Object(App\Controllers\DocumentController))
#11 D:\xampp\htdocs\projects\LadyAndal\LadyAndalSchool\vendor\codeigniter4\framework\system\CodeIgniter.php(355): CodeIgniter\CodeIgniter->handleRequest(NULL, Object(Config\Cache), false)
#12 D:\xampp\htdocs\projects\LadyAndal\LadyAndalSchool\vendor\codeigniter4\framework\system\Boot.php(325): CodeIgniter\CodeIgniter->run()
#13 D:\xampp\htdocs\projects\LadyAndal\LadyAndalSchool\vendor\codeigniter4\framework\system\Boot.php(67): CodeIgniter\Boot::runCodeIgniter(Object(CodeIgniter\CodeIgniter))
#14 D:\xampp\htdocs\projects\LadyAndal\LadyAndalSchool\public\index.php(56): CodeIgniter\Boot::bootWeb(Object(Config\Paths))
#15 D:\xampp\htdocs\projects\LadyAndal\LadyAndalSchool\vendor\codeigniter4\framework\system\rewrite.php(44): require_once('D:\\xampp\\htdocs...')
#16 {main}
CRITICAL - 2024-11-19 00:20:32 --> CodeIgniter\Database\Exceptions\DatabaseException: Unknown column 'updated_at' in 'field list'
[Method: POST, Route: adm1n/document/submit]
in SYSTEMPATH\Database\BaseConnection.php on line 688.
 1 SYSTEMPATH\Database\BaseBuilder.php(2340): CodeIgniter\Database\BaseConnection->query('INSERT INTO `documents` (`programme`, `academic_year`, `document_name`, `uploaded_at`, `is_published`, `created_at`, `updated_at`) VALUES (:programme:, :academic_year:, :document_name:, :uploaded_at:, :is_published:, :created_at:, :updated_at:)', [...], false)
 2 SYSTEMPATH\Model.php(394): CodeIgniter\Database\BaseBuilder->insert()
 3 SYSTEMPATH\BaseModel.php(840): CodeIgniter\Model->doInsert([...])
 4 SYSTEMPATH\Model.php(802): CodeIgniter\BaseModel->insert([...], false)
 5 SYSTEMPATH\BaseModel.php(751): CodeIgniter\Model->insert([...], false)
 6 APPPATH\Controllers\DocumentController.php(48): CodeIgniter\BaseModel->save([...])
 7 SYSTEMPATH\CodeIgniter.php(933): App\Controllers\DocumentController->submit()
 8 SYSTEMPATH\CodeIgniter.php(509): CodeIgniter\CodeIgniter->runController(Object(App\Controllers\DocumentController))
 9 SYSTEMPATH\CodeIgniter.php(355): CodeIgniter\CodeIgniter->handleRequest(null, Object(Config\Cache), false)
10 SYSTEMPATH\Boot.php(325): CodeIgniter\CodeIgniter->run()
11 SYSTEMPATH\Boot.php(67): CodeIgniter\Boot::runCodeIgniter(Object(CodeIgniter\CodeIgniter))
12 FCPATH\index.php(56): CodeIgniter\Boot::bootWeb(Object(Config\Paths))
13 SYSTEMPATH\rewrite.php(44): require_once('D:\\xampp\\htdocs\\projects\\LadyAndal\\LadyAndalSchool\\public\\index.php')
CRITICAL - 2024-11-19 00:20:32 --> [Caused by] CodeIgniter\Database\Exceptions\DatabaseException: Unknown column 'updated_at' in 'field list'
in SYSTEMPATH\Database\MySQLi\Connection.php on line 317.
 1 SYSTEMPATH\Database\BaseConnection.php(734): CodeIgniter\Database\MySQLi\Connection->execute('INSERT INTO `documents` (`programme`, `academic_year`, `document_name`, `uploaded_at`, `is_published`, `created_at`, `updated_at`) VALUES (\'PYP\', \'2024-2025\', \'1731975632_0f05fbe109477d6011e0.pdf\', \'2024-11-19 00:20:32\', 1, \'2024-11-19 00:20:32\', \'2024-11-19 00:20:32\')')
 2 SYSTEMPATH\Database\BaseConnection.php(648): CodeIgniter\Database\BaseConnection->simpleQuery('INSERT INTO `documents` (`programme`, `academic_year`, `document_name`, `uploaded_at`, `is_published`, `created_at`, `updated_at`) VALUES (\'PYP\', \'2024-2025\', \'1731975632_0f05fbe109477d6011e0.pdf\', \'2024-11-19 00:20:32\', 1, \'2024-11-19 00:20:32\', \'2024-11-19 00:20:32\')')
 3 SYSTEMPATH\Database\BaseBuilder.php(2340): CodeIgniter\Database\BaseConnection->query('INSERT INTO `documents` (`programme`, `academic_year`, `document_name`, `uploaded_at`, `is_published`, `created_at`, `updated_at`) VALUES (:programme:, :academic_year:, :document_name:, :uploaded_at:, :is_published:, :created_at:, :updated_at:)', [...], false)
 4 SYSTEMPATH\Model.php(394): CodeIgniter\Database\BaseBuilder->insert()
 5 SYSTEMPATH\BaseModel.php(840): CodeIgniter\Model->doInsert([...])
 6 SYSTEMPATH\Model.php(802): CodeIgniter\BaseModel->insert([...], false)
 7 SYSTEMPATH\BaseModel.php(751): CodeIgniter\Model->insert([...], false)
 8 APPPATH\Controllers\DocumentController.php(48): CodeIgniter\BaseModel->save([...])
 9 SYSTEMPATH\CodeIgniter.php(933): App\Controllers\DocumentController->submit()
10 SYSTEMPATH\CodeIgniter.php(509): CodeIgniter\CodeIgniter->runController(Object(App\Controllers\DocumentController))
11 SYSTEMPATH\CodeIgniter.php(355): CodeIgniter\CodeIgniter->handleRequest(null, Object(Config\Cache), false)
12 SYSTEMPATH\Boot.php(325): CodeIgniter\CodeIgniter->run()
13 SYSTEMPATH\Boot.php(67): CodeIgniter\Boot::runCodeIgniter(Object(CodeIgniter\CodeIgniter))
14 FCPATH\index.php(56): CodeIgniter\Boot::bootWeb(Object(Config\Paths))
15 SYSTEMPATH\rewrite.php(44): require_once('D:\\xampp\\htdocs\\projects\\LadyAndal\\LadyAndalSchool\\public\\index.php')
CRITICAL - 2024-11-19 00:20:32 --> [Caused by] mysqli_sql_exception: Unknown column 'updated_at' in 'field list'
in SYSTEMPATH\Database\MySQLi\Connection.php on line 312.
 1 SYSTEMPATH\Database\MySQLi\Connection.php(312): mysqli->query('INSERT INTO `documents` (`programme`, `academic_year`, `document_name`, `uploaded_at`, `is_published`, `created_at`, `updated_at`) VALUES (\'PYP\', \'2024-2025\', \'1731975632_0f05fbe109477d6011e0.pdf\', \'2024-11-19 00:20:32\', 1, \'2024-11-19 00:20:32\', \'2024-11-19 00:20:32\')', 0)
 2 SYSTEMPATH\Database\BaseConnection.php(734): CodeIgniter\Database\MySQLi\Connection->execute('INSERT INTO `documents` (`programme`, `academic_year`, `document_name`, `uploaded_at`, `is_published`, `created_at`, `updated_at`) VALUES (\'PYP\', \'2024-2025\', \'1731975632_0f05fbe109477d6011e0.pdf\', \'2024-11-19 00:20:32\', 1, \'2024-11-19 00:20:32\', \'2024-11-19 00:20:32\')')
 3 SYSTEMPATH\Database\BaseConnection.php(648): CodeIgniter\Database\BaseConnection->simpleQuery('INSERT INTO `documents` (`programme`, `academic_year`, `document_name`, `uploaded_at`, `is_published`, `created_at`, `updated_at`) VALUES (\'PYP\', \'2024-2025\', \'1731975632_0f05fbe109477d6011e0.pdf\', \'2024-11-19 00:20:32\', 1, \'2024-11-19 00:20:32\', \'2024-11-19 00:20:32\')')
 4 SYSTEMPATH\Database\BaseBuilder.php(2340): CodeIgniter\Database\BaseConnection->query('INSERT INTO `documents` (`programme`, `academic_year`, `document_name`, `uploaded_at`, `is_published`, `created_at`, `updated_at`) VALUES (:programme:, :academic_year:, :document_name:, :uploaded_at:, :is_published:, :created_at:, :updated_at:)', [...], false)
 5 SYSTEMPATH\Model.php(394): CodeIgniter\Database\BaseBuilder->insert()
 6 SYSTEMPATH\BaseModel.php(840): CodeIgniter\Model->doInsert([...])
 7 SYSTEMPATH\Model.php(802): CodeIgniter\BaseModel->insert([...], false)
 8 SYSTEMPATH\BaseModel.php(751): CodeIgniter\Model->insert([...], false)
 9 APPPATH\Controllers\DocumentController.php(48): CodeIgniter\BaseModel->save([...])
10 SYSTEMPATH\CodeIgniter.php(933): App\Controllers\DocumentController->submit()
11 SYSTEMPATH\CodeIgniter.php(509): CodeIgniter\CodeIgniter->runController(Object(App\Controllers\DocumentController))
12 SYSTEMPATH\CodeIgniter.php(355): CodeIgniter\CodeIgniter->handleRequest(null, Object(Config\Cache), false)
13 SYSTEMPATH\Boot.php(325): CodeIgniter\CodeIgniter->run()
14 SYSTEMPATH\Boot.php(67): CodeIgniter\Boot::runCodeIgniter(Object(CodeIgniter\CodeIgniter))
15 FCPATH\index.php(56): CodeIgniter\Boot::bootWeb(Object(Config\Paths))
16 SYSTEMPATH\rewrite.php(44): require_once('D:\\xampp\\htdocs\\projects\\LadyAndal\\LadyAndalSchool\\public\\index.php')
ERROR - 2024-11-19 00:31:42 --> File upload error: 0
ERROR - 2024-11-19 00:31:42 --> mysqli_sql_exception: Unknown column 'updated_at' in 'field list' in D:\xampp\htdocs\projects\LadyAndal\LadyAndalSchool\vendor\codeigniter4\framework\system\Database\MySQLi\Connection.php:312
Stack trace:
#0 D:\xampp\htdocs\projects\LadyAndal\LadyAndalSchool\vendor\codeigniter4\framework\system\Database\MySQLi\Connection.php(312): mysqli->query('INSERT INTO `do...', 0)
#1 D:\xampp\htdocs\projects\LadyAndal\LadyAndalSchool\vendor\codeigniter4\framework\system\Database\BaseConnection.php(734): CodeIgniter\Database\MySQLi\Connection->execute('INSERT INTO `do...')
#2 D:\xampp\htdocs\projects\LadyAndal\LadyAndalSchool\vendor\codeigniter4\framework\system\Database\BaseConnection.php(648): CodeIgniter\Database\BaseConnection->simpleQuery('INSERT INTO `do...')
#3 D:\xampp\htdocs\projects\LadyAndal\LadyAndalSchool\vendor\codeigniter4\framework\system\Database\BaseBuilder.php(2340): CodeIgniter\Database\BaseConnection->query('INSERT INTO `do...', Array, false)
#4 D:\xampp\htdocs\projects\LadyAndal\LadyAndalSchool\vendor\codeigniter4\framework\system\Model.php(394): CodeIgniter\Database\BaseBuilder->insert()
#5 D:\xampp\htdocs\projects\LadyAndal\LadyAndalSchool\vendor\codeigniter4\framework\system\BaseModel.php(840): CodeIgniter\Model->doInsert(Array)
#6 D:\xampp\htdocs\projects\LadyAndal\LadyAndalSchool\vendor\codeigniter4\framework\system\Model.php(802): CodeIgniter\BaseModel->insert(Array, false)
#7 D:\xampp\htdocs\projects\LadyAndal\LadyAndalSchool\vendor\codeigniter4\framework\system\BaseModel.php(751): CodeIgniter\Model->insert(Array, false)
#8 D:\xampp\htdocs\projects\LadyAndal\LadyAndalSchool\app\Controllers\DocumentController.php(49): CodeIgniter\BaseModel->save(Array)
#9 D:\xampp\htdocs\projects\LadyAndal\LadyAndalSchool\vendor\codeigniter4\framework\system\CodeIgniter.php(933): App\Controllers\DocumentController->submit()
#10 D:\xampp\htdocs\projects\LadyAndal\LadyAndalSchool\vendor\codeigniter4\framework\system\CodeIgniter.php(509): CodeIgniter\CodeIgniter->runController(Object(App\Controllers\DocumentController))
#11 D:\xampp\htdocs\projects\LadyAndal\LadyAndalSchool\vendor\codeigniter4\framework\system\CodeIgniter.php(355): CodeIgniter\CodeIgniter->handleRequest(NULL, Object(Config\Cache), false)
#12 D:\xampp\htdocs\projects\LadyAndal\LadyAndalSchool\vendor\codeigniter4\framework\system\Boot.php(325): CodeIgniter\CodeIgniter->run()
#13 D:\xampp\htdocs\projects\LadyAndal\LadyAndalSchool\vendor\codeigniter4\framework\system\Boot.php(67): CodeIgniter\Boot::runCodeIgniter(Object(CodeIgniter\CodeIgniter))
#14 D:\xampp\htdocs\projects\LadyAndal\LadyAndalSchool\public\index.php(56): CodeIgniter\Boot::bootWeb(Object(Config\Paths))
#15 D:\xampp\htdocs\projects\LadyAndal\LadyAndalSchool\vendor\codeigniter4\framework\system\rewrite.php(44): require_once('D:\\xampp\\htdocs...')
#16 {main}
CRITICAL - 2024-11-19 00:31:42 --> CodeIgniter\Database\Exceptions\DatabaseException: Unknown column 'updated_at' in 'field list'
[Method: POST, Route: adm1n/document/submit]
in SYSTEMPATH\Database\BaseConnection.php on line 688.
 1 SYSTEMPATH\Database\BaseBuilder.php(2340): CodeIgniter\Database\BaseConnection->query('INSERT INTO `documents` (`programme`, `academic_year`, `document_name`, `uploaded_at`, `is_published`, `created_at`, `updated_at`) VALUES (:programme:, :academic_year:, :document_name:, :uploaded_at:, :is_published:, :created_at:, :updated_at:)', [...], false)
 2 SYSTEMPATH\Model.php(394): CodeIgniter\Database\BaseBuilder->insert()
 3 SYSTEMPATH\BaseModel.php(840): CodeIgniter\Model->doInsert([...])
 4 SYSTEMPATH\Model.php(802): CodeIgniter\BaseModel->insert([...], false)
 5 SYSTEMPATH\BaseModel.php(751): CodeIgniter\Model->insert([...], false)
 6 APPPATH\Controllers\DocumentController.php(49): CodeIgniter\BaseModel->save([...])
 7 SYSTEMPATH\CodeIgniter.php(933): App\Controllers\DocumentController->submit()
 8 SYSTEMPATH\CodeIgniter.php(509): CodeIgniter\CodeIgniter->runController(Object(App\Controllers\DocumentController))
 9 SYSTEMPATH\CodeIgniter.php(355): CodeIgniter\CodeIgniter->handleRequest(null, Object(Config\Cache), false)
10 SYSTEMPATH\Boot.php(325): CodeIgniter\CodeIgniter->run()
11 SYSTEMPATH\Boot.php(67): CodeIgniter\Boot::runCodeIgniter(Object(CodeIgniter\CodeIgniter))
12 FCPATH\index.php(56): CodeIgniter\Boot::bootWeb(Object(Config\Paths))
13 SYSTEMPATH\rewrite.php(44): require_once('D:\\xampp\\htdocs\\projects\\LadyAndal\\LadyAndalSchool\\public\\index.php')
CRITICAL - 2024-11-19 00:31:42 --> [Caused by] CodeIgniter\Database\Exceptions\DatabaseException: Unknown column 'updated_at' in 'field list'
in SYSTEMPATH\Database\MySQLi\Connection.php on line 317.
 1 SYSTEMPATH\Database\BaseConnection.php(734): CodeIgniter\Database\MySQLi\Connection->execute('INSERT INTO `documents` (`programme`, `academic_year`, `document_name`, `uploaded_at`, `is_published`, `created_at`, `updated_at`) VALUES (\'PYP\', \'2024-2025\', \'1731976302_c2d59f03aae0414531e0.pdf\', \'2024-11-19 00:31:42\', 1, \'2024-11-19 00:31:42\', \'2024-11-19 00:31:42\')')
 2 SYSTEMPATH\Database\BaseConnection.php(648): CodeIgniter\Database\BaseConnection->simpleQuery('INSERT INTO `documents` (`programme`, `academic_year`, `document_name`, `uploaded_at`, `is_published`, `created_at`, `updated_at`) VALUES (\'PYP\', \'2024-2025\', \'1731976302_c2d59f03aae0414531e0.pdf\', \'2024-11-19 00:31:42\', 1, \'2024-11-19 00:31:42\', \'2024-11-19 00:31:42\')')
 3 SYSTEMPATH\Database\BaseBuilder.php(2340): CodeIgniter\Database\BaseConnection->query('INSERT INTO `documents` (`programme`, `academic_year`, `document_name`, `uploaded_at`, `is_published`, `created_at`, `updated_at`) VALUES (:programme:, :academic_year:, :document_name:, :uploaded_at:, :is_published:, :created_at:, :updated_at:)', [...], false)
 4 SYSTEMPATH\Model.php(394): CodeIgniter\Database\BaseBuilder->insert()
 5 SYSTEMPATH\BaseModel.php(840): CodeIgniter\Model->doInsert([...])
 6 SYSTEMPATH\Model.php(802): CodeIgniter\BaseModel->insert([...], false)
 7 SYSTEMPATH\BaseModel.php(751): CodeIgniter\Model->insert([...], false)
 8 APPPATH\Controllers\DocumentController.php(49): CodeIgniter\BaseModel->save([...])
 9 SYSTEMPATH\CodeIgniter.php(933): App\Controllers\DocumentController->submit()
10 SYSTEMPATH\CodeIgniter.php(509): CodeIgniter\CodeIgniter->runController(Object(App\Controllers\DocumentController))
11 SYSTEMPATH\CodeIgniter.php(355): CodeIgniter\CodeIgniter->handleRequest(null, Object(Config\Cache), false)
12 SYSTEMPATH\Boot.php(325): CodeIgniter\CodeIgniter->run()
13 SYSTEMPATH\Boot.php(67): CodeIgniter\Boot::runCodeIgniter(Object(CodeIgniter\CodeIgniter))
14 FCPATH\index.php(56): CodeIgniter\Boot::bootWeb(Object(Config\Paths))
15 SYSTEMPATH\rewrite.php(44): require_once('D:\\xampp\\htdocs\\projects\\LadyAndal\\LadyAndalSchool\\public\\index.php')
CRITICAL - 2024-11-19 00:31:42 --> [Caused by] mysqli_sql_exception: Unknown column 'updated_at' in 'field list'
in SYSTEMPATH\Database\MySQLi\Connection.php on line 312.
 1 SYSTEMPATH\Database\MySQLi\Connection.php(312): mysqli->query('INSERT INTO `documents` (`programme`, `academic_year`, `document_name`, `uploaded_at`, `is_published`, `created_at`, `updated_at`) VALUES (\'PYP\', \'2024-2025\', \'1731976302_c2d59f03aae0414531e0.pdf\', \'2024-11-19 00:31:42\', 1, \'2024-11-19 00:31:42\', \'2024-11-19 00:31:42\')', 0)
 2 SYSTEMPATH\Database\BaseConnection.php(734): CodeIgniter\Database\MySQLi\Connection->execute('INSERT INTO `documents` (`programme`, `academic_year`, `document_name`, `uploaded_at`, `is_published`, `created_at`, `updated_at`) VALUES (\'PYP\', \'2024-2025\', \'1731976302_c2d59f03aae0414531e0.pdf\', \'2024-11-19 00:31:42\', 1, \'2024-11-19 00:31:42\', \'2024-11-19 00:31:42\')')
 3 SYSTEMPATH\Database\BaseConnection.php(648): CodeIgniter\Database\BaseConnection->simpleQuery('INSERT INTO `documents` (`programme`, `academic_year`, `document_name`, `uploaded_at`, `is_published`, `created_at`, `updated_at`) VALUES (\'PYP\', \'2024-2025\', \'1731976302_c2d59f03aae0414531e0.pdf\', \'2024-11-19 00:31:42\', 1, \'2024-11-19 00:31:42\', \'2024-11-19 00:31:42\')')
 4 SYSTEMPATH\Database\BaseBuilder.php(2340): CodeIgniter\Database\BaseConnection->query('INSERT INTO `documents` (`programme`, `academic_year`, `document_name`, `uploaded_at`, `is_published`, `created_at`, `updated_at`) VALUES (:programme:, :academic_year:, :document_name:, :uploaded_at:, :is_published:, :created_at:, :updated_at:)', [...], false)
 5 SYSTEMPATH\Model.php(394): CodeIgniter\Database\BaseBuilder->insert()
 6 SYSTEMPATH\BaseModel.php(840): CodeIgniter\Model->doInsert([...])
 7 SYSTEMPATH\Model.php(802): CodeIgniter\BaseModel->insert([...], false)
 8 SYSTEMPATH\BaseModel.php(751): CodeIgniter\Model->insert([...], false)
 9 APPPATH\Controllers\DocumentController.php(49): CodeIgniter\BaseModel->save([...])
10 SYSTEMPATH\CodeIgniter.php(933): App\Controllers\DocumentController->submit()
11 SYSTEMPATH\CodeIgniter.php(509): CodeIgniter\CodeIgniter->runController(Object(App\Controllers\DocumentController))
12 SYSTEMPATH\CodeIgniter.php(355): CodeIgniter\CodeIgniter->handleRequest(null, Object(Config\Cache), false)
13 SYSTEMPATH\Boot.php(325): CodeIgniter\CodeIgniter->run()
14 SYSTEMPATH\Boot.php(67): CodeIgniter\Boot::runCodeIgniter(Object(CodeIgniter\CodeIgniter))
15 FCPATH\index.php(56): CodeIgniter\Boot::bootWeb(Object(Config\Paths))
16 SYSTEMPATH\rewrite.php(44): require_once('D:\\xampp\\htdocs\\projects\\LadyAndal\\LadyAndalSchool\\public\\index.php')
ERROR - 2024-11-19 00:34:16 --> File upload error: 0
ERROR - 2024-11-19 00:35:06 --> File upload error: 0
CRITICAL - 2024-11-19 00:35:15 --> Error: Class "App\Controllers\DocumentModel" not found
[Method: GET, Route: documents]
in APPPATH\Controllers\Documents.php on line 12.
 1 SYSTEMPATH\CodeIgniter.php(933): App\Controllers\Documents->index()
 2 SYSTEMPATH\CodeIgniter.php(509): CodeIgniter\CodeIgniter->runController(Object(App\Controllers\Documents))
 3 SYSTEMPATH\CodeIgniter.php(355): CodeIgniter\CodeIgniter->handleRequest(null, Object(Config\Cache), false)
 4 SYSTEMPATH\Boot.php(325): CodeIgniter\CodeIgniter->run()
 5 SYSTEMPATH\Boot.php(67): CodeIgniter\Boot::runCodeIgniter(Object(CodeIgniter\CodeIgniter))
 6 FCPATH\index.php(56): CodeIgniter\Boot::bootWeb(Object(Config\Paths))
 7 SYSTEMPATH\rewrite.php(44): require_once('D:\\xampp\\htdocs\\projects\\LadyAndal\\LadyAndalSchool\\public\\index.php')
ERROR - 2024-11-19 00:36:32 --> mysqli_sql_exception: Unknown column 'year' in 'order clause' in D:\xampp\htdocs\projects\LadyAndal\LadyAndalSchool\vendor\codeigniter4\framework\system\Database\MySQLi\Connection.php:312
Stack trace:
#0 D:\xampp\htdocs\projects\LadyAndal\LadyAndalSchool\vendor\codeigniter4\framework\system\Database\MySQLi\Connection.php(312): mysqli->query('SELECT *\nFROM `...', 0)
#1 D:\xampp\htdocs\projects\LadyAndal\LadyAndalSchool\vendor\codeigniter4\framework\system\Database\BaseConnection.php(734): CodeIgniter\Database\MySQLi\Connection->execute('SELECT *\nFROM `...')
#2 D:\xampp\htdocs\projects\LadyAndal\LadyAndalSchool\vendor\codeigniter4\framework\system\Database\BaseConnection.php(648): CodeIgniter\Database\BaseConnection->simpleQuery('SELECT *\nFROM `...')
#3 D:\xampp\htdocs\projects\LadyAndal\LadyAndalSchool\vendor\codeigniter4\framework\system\Database\BaseBuilder.php(1644): CodeIgniter\Database\BaseConnection->query('SELECT *\nFROM `...', Array, false)
#4 D:\xampp\htdocs\projects\LadyAndal\LadyAndalSchool\vendor\codeigniter4\framework\system\Model.php(286): CodeIgniter\Database\BaseBuilder->get()
#5 D:\xampp\htdocs\projects\LadyAndal\LadyAndalSchool\vendor\codeigniter4\framework\system\BaseModel.php(676): CodeIgniter\Model->doFindAll(0, 0)
#6 D:\xampp\htdocs\projects\LadyAndal\LadyAndalSchool\app\Controllers\Documents.php(16): CodeIgniter\BaseModel->findAll()
#7 D:\xampp\htdocs\projects\LadyAndal\LadyAndalSchool\vendor\codeigniter4\framework\system\CodeIgniter.php(933): App\Controllers\Documents->index()
#8 D:\xampp\htdocs\projects\LadyAndal\LadyAndalSchool\vendor\codeigniter4\framework\system\CodeIgniter.php(509): CodeIgniter\CodeIgniter->runController(Object(App\Controllers\Documents))
#9 D:\xampp\htdocs\projects\LadyAndal\LadyAndalSchool\vendor\codeigniter4\framework\system\CodeIgniter.php(355): CodeIgniter\CodeIgniter->handleRequest(NULL, Object(Config\Cache), false)
#10 D:\xampp\htdocs\projects\LadyAndal\LadyAndalSchool\vendor\codeigniter4\framework\system\Boot.php(325): CodeIgniter\CodeIgniter->run()
#11 D:\xampp\htdocs\projects\LadyAndal\LadyAndalSchool\vendor\codeigniter4\framework\system\Boot.php(67): CodeIgniter\Boot::runCodeIgniter(Object(CodeIgniter\CodeIgniter))
#12 D:\xampp\htdocs\projects\LadyAndal\LadyAndalSchool\public\index.php(56): CodeIgniter\Boot::bootWeb(Object(Config\Paths))
#13 D:\xampp\htdocs\projects\LadyAndal\LadyAndalSchool\vendor\codeigniter4\framework\system\rewrite.php(44): require_once('D:\\xampp\\htdocs...')
#14 {main}
CRITICAL - 2024-11-19 00:36:32 --> CodeIgniter\Database\Exceptions\DatabaseException: Unknown column 'year' in 'order clause'
[Method: GET, Route: documents]
in SYSTEMPATH\Database\BaseConnection.php on line 688.
 1 SYSTEMPATH\Database\BaseBuilder.php(1644): CodeIgniter\Database\BaseConnection->query('SELECT *
FROM `documents`
WHERE `programme` = :programme:
AND `is_published` = :is_published:
ORDER BY `year` DESC', [...], false)
 2 SYSTEMPATH\Model.php(286): CodeIgniter\Database\BaseBuilder->get()
 3 SYSTEMPATH\BaseModel.php(676): CodeIgniter\Model->doFindAll(0, 0)
 4 APPPATH\Controllers\Documents.php(16): CodeIgniter\BaseModel->findAll()
 5 SYSTEMPATH\CodeIgniter.php(933): App\Controllers\Documents->index()
 6 SYSTEMPATH\CodeIgniter.php(509): CodeIgniter\CodeIgniter->runController(Object(App\Controllers\Documents))
 7 SYSTEMPATH\CodeIgniter.php(355): CodeIgniter\CodeIgniter->handleRequest(null, Object(Config\Cache), false)
 8 SYSTEMPATH\Boot.php(325): CodeIgniter\CodeIgniter->run()
 9 SYSTEMPATH\Boot.php(67): CodeIgniter\Boot::runCodeIgniter(Object(CodeIgniter\CodeIgniter))
10 FCPATH\index.php(56): CodeIgniter\Boot::bootWeb(Object(Config\Paths))
11 SYSTEMPATH\rewrite.php(44): require_once('D:\\xampp\\htdocs\\projects\\LadyAndal\\LadyAndalSchool\\public\\index.php')
CRITICAL - 2024-11-19 00:36:32 --> [Caused by] CodeIgniter\Database\Exceptions\DatabaseException: Unknown column 'year' in 'order clause'
in SYSTEMPATH\Database\MySQLi\Connection.php on line 317.
 1 SYSTEMPATH\Database\BaseConnection.php(734): CodeIgniter\Database\MySQLi\Connection->execute('SELECT *
FROM `documents`
WHERE `programme` = \'PYP\'
AND `is_published` = 1
ORDER BY `year` DESC')
 2 SYSTEMPATH\Database\BaseConnection.php(648): CodeIgniter\Database\BaseConnection->simpleQuery('SELECT *
FROM `documents`
WHERE `programme` = \'PYP\'
AND `is_published` = 1
ORDER BY `year` DESC')
 3 SYSTEMPATH\Database\BaseBuilder.php(1644): CodeIgniter\Database\BaseConnection->query('SELECT *
FROM `documents`
WHERE `programme` = :programme:
AND `is_published` = :is_published:
ORDER BY `year` DESC', [...], false)
 4 SYSTEMPATH\Model.php(286): CodeIgniter\Database\BaseBuilder->get()
 5 SYSTEMPATH\BaseModel.php(676): CodeIgniter\Model->doFindAll(0, 0)
 6 APPPATH\Controllers\Documents.php(16): CodeIgniter\BaseModel->findAll()
 7 SYSTEMPATH\CodeIgniter.php(933): App\Controllers\Documents->index()
 8 SYSTEMPATH\CodeIgniter.php(509): CodeIgniter\CodeIgniter->runController(Object(App\Controllers\Documents))
 9 SYSTEMPATH\CodeIgniter.php(355): CodeIgniter\CodeIgniter->handleRequest(null, Object(Config\Cache), false)
10 SYSTEMPATH\Boot.php(325): CodeIgniter\CodeIgniter->run()
11 SYSTEMPATH\Boot.php(67): CodeIgniter\Boot::runCodeIgniter(Object(CodeIgniter\CodeIgniter))
12 FCPATH\index.php(56): CodeIgniter\Boot::bootWeb(Object(Config\Paths))
13 SYSTEMPATH\rewrite.php(44): require_once('D:\\xampp\\htdocs\\projects\\LadyAndal\\LadyAndalSchool\\public\\index.php')
CRITICAL - 2024-11-19 00:36:32 --> [Caused by] mysqli_sql_exception: Unknown column 'year' in 'order clause'
in SYSTEMPATH\Database\MySQLi\Connection.php on line 312.
 1 SYSTEMPATH\Database\MySQLi\Connection.php(312): mysqli->query('SELECT *
FROM `documents`
WHERE `programme` = \'PYP\'
AND `is_published` = 1
ORDER BY `year` DESC', 0)
 2 SYSTEMPATH\Database\BaseConnection.php(734): CodeIgniter\Database\MySQLi\Connection->execute('SELECT *
FROM `documents`
WHERE `programme` = \'PYP\'
AND `is_published` = 1
ORDER BY `year` DESC')
 3 SYSTEMPATH\Database\BaseConnection.php(648): CodeIgniter\Database\BaseConnection->simpleQuery('SELECT *
FROM `documents`
WHERE `programme` = \'PYP\'
AND `is_published` = 1
ORDER BY `year` DESC')
 4 SYSTEMPATH\Database\BaseBuilder.php(1644): CodeIgniter\Database\BaseConnection->query('SELECT *
FROM `documents`
WHERE `programme` = :programme:
AND `is_published` = :is_published:
ORDER BY `year` DESC', [...], false)
 5 SYSTEMPATH\Model.php(286): CodeIgniter\Database\BaseBuilder->get()
 6 SYSTEMPATH\BaseModel.php(676): CodeIgniter\Model->doFindAll(0, 0)
 7 APPPATH\Controllers\Documents.php(16): CodeIgniter\BaseModel->findAll()
 8 SYSTEMPATH\CodeIgniter.php(933): App\Controllers\Documents->index()
 9 SYSTEMPATH\CodeIgniter.php(509): CodeIgniter\CodeIgniter->runController(Object(App\Controllers\Documents))
10 SYSTEMPATH\CodeIgniter.php(355): CodeIgniter\CodeIgniter->handleRequest(null, Object(Config\Cache), false)
11 SYSTEMPATH\Boot.php(325): CodeIgniter\CodeIgniter->run()
12 SYSTEMPATH\Boot.php(67): CodeIgniter\Boot::runCodeIgniter(Object(CodeIgniter\CodeIgniter))
13 FCPATH\index.php(56): CodeIgniter\Boot::bootWeb(Object(Config\Paths))
14 SYSTEMPATH\rewrite.php(44): require_once('D:\\xampp\\htdocs\\projects\\LadyAndal\\LadyAndalSchool\\public\\index.php')
ERROR - 2024-11-19 00:36:35 --> mysqli_sql_exception: Unknown column 'year' in 'order clause' in D:\xampp\htdocs\projects\LadyAndal\LadyAndalSchool\vendor\codeigniter4\framework\system\Database\MySQLi\Connection.php:312
Stack trace:
#0 D:\xampp\htdocs\projects\LadyAndal\LadyAndalSchool\vendor\codeigniter4\framework\system\Database\MySQLi\Connection.php(312): mysqli->query('SELECT *\nFROM `...', 0)
#1 D:\xampp\htdocs\projects\LadyAndal\LadyAndalSchool\vendor\codeigniter4\framework\system\Database\BaseConnection.php(734): CodeIgniter\Database\MySQLi\Connection->execute('SELECT *\nFROM `...')
#2 D:\xampp\htdocs\projects\LadyAndal\LadyAndalSchool\vendor\codeigniter4\framework\system\Database\BaseConnection.php(648): CodeIgniter\Database\BaseConnection->simpleQuery('SELECT *\nFROM `...')
#3 D:\xampp\htdocs\projects\LadyAndal\LadyAndalSchool\vendor\codeigniter4\framework\system\Database\BaseBuilder.php(1644): CodeIgniter\Database\BaseConnection->query('SELECT *\nFROM `...', Array, false)
#4 D:\xampp\htdocs\projects\LadyAndal\LadyAndalSchool\vendor\codeigniter4\framework\system\Model.php(286): CodeIgniter\Database\BaseBuilder->get()
#5 D:\xampp\htdocs\projects\LadyAndal\LadyAndalSchool\vendor\codeigniter4\framework\system\BaseModel.php(676): CodeIgniter\Model->doFindAll(0, 0)
#6 D:\xampp\htdocs\projects\LadyAndal\LadyAndalSchool\app\Controllers\Documents.php(16): CodeIgniter\BaseModel->findAll()
#7 D:\xampp\htdocs\projects\LadyAndal\LadyAndalSchool\vendor\codeigniter4\framework\system\CodeIgniter.php(933): App\Controllers\Documents->index()
#8 D:\xampp\htdocs\projects\LadyAndal\LadyAndalSchool\vendor\codeigniter4\framework\system\CodeIgniter.php(509): CodeIgniter\CodeIgniter->runController(Object(App\Controllers\Documents))
#9 D:\xampp\htdocs\projects\LadyAndal\LadyAndalSchool\vendor\codeigniter4\framework\system\CodeIgniter.php(355): CodeIgniter\CodeIgniter->handleRequest(NULL, Object(Config\Cache), false)
#10 D:\xampp\htdocs\projects\LadyAndal\LadyAndalSchool\vendor\codeigniter4\framework\system\Boot.php(325): CodeIgniter\CodeIgniter->run()
#11 D:\xampp\htdocs\projects\LadyAndal\LadyAndalSchool\vendor\codeigniter4\framework\system\Boot.php(67): CodeIgniter\Boot::runCodeIgniter(Object(CodeIgniter\CodeIgniter))
#12 D:\xampp\htdocs\projects\LadyAndal\LadyAndalSchool\public\index.php(56): CodeIgniter\Boot::bootWeb(Object(Config\Paths))
#13 D:\xampp\htdocs\projects\LadyAndal\LadyAndalSchool\vendor\codeigniter4\framework\system\rewrite.php(44): require_once('D:\\xampp\\htdocs...')
#14 {main}
CRITICAL - 2024-11-19 00:36:35 --> CodeIgniter\Database\Exceptions\DatabaseException: Unknown column 'year' in 'order clause'
[Method: GET, Route: documents]
in SYSTEMPATH\Database\BaseConnection.php on line 688.
 1 SYSTEMPATH\Database\BaseBuilder.php(1644): CodeIgniter\Database\BaseConnection->query('SELECT *
FROM `documents`
WHERE `programme` = :programme:
AND `is_published` = :is_published:
ORDER BY `year` DESC', [...], false)
 2 SYSTEMPATH\Model.php(286): CodeIgniter\Database\BaseBuilder->get()
 3 SYSTEMPATH\BaseModel.php(676): CodeIgniter\Model->doFindAll(0, 0)
 4 APPPATH\Controllers\Documents.php(16): CodeIgniter\BaseModel->findAll()
 5 SYSTEMPATH\CodeIgniter.php(933): App\Controllers\Documents->index()
 6 SYSTEMPATH\CodeIgniter.php(509): CodeIgniter\CodeIgniter->runController(Object(App\Controllers\Documents))
 7 SYSTEMPATH\CodeIgniter.php(355): CodeIgniter\CodeIgniter->handleRequest(null, Object(Config\Cache), false)
 8 SYSTEMPATH\Boot.php(325): CodeIgniter\CodeIgniter->run()
 9 SYSTEMPATH\Boot.php(67): CodeIgniter\Boot::runCodeIgniter(Object(CodeIgniter\CodeIgniter))
10 FCPATH\index.php(56): CodeIgniter\Boot::bootWeb(Object(Config\Paths))
11 SYSTEMPATH\rewrite.php(44): require_once('D:\\xampp\\htdocs\\projects\\LadyAndal\\LadyAndalSchool\\public\\index.php')
CRITICAL - 2024-11-19 00:36:35 --> [Caused by] CodeIgniter\Database\Exceptions\DatabaseException: Unknown column 'year' in 'order clause'
in SYSTEMPATH\Database\MySQLi\Connection.php on line 317.
 1 SYSTEMPATH\Database\BaseConnection.php(734): CodeIgniter\Database\MySQLi\Connection->execute('SELECT *
FROM `documents`
WHERE `programme` = \'PYP\'
AND `is_published` = 1
ORDER BY `year` DESC')
 2 SYSTEMPATH\Database\BaseConnection.php(648): CodeIgniter\Database\BaseConnection->simpleQuery('SELECT *
FROM `documents`
WHERE `programme` = \'PYP\'
AND `is_published` = 1
ORDER BY `year` DESC')
 3 SYSTEMPATH\Database\BaseBuilder.php(1644): CodeIgniter\Database\BaseConnection->query('SELECT *
FROM `documents`
WHERE `programme` = :programme:
AND `is_published` = :is_published:
ORDER BY `year` DESC', [...], false)
 4 SYSTEMPATH\Model.php(286): CodeIgniter\Database\BaseBuilder->get()
 5 SYSTEMPATH\BaseModel.php(676): CodeIgniter\Model->doFindAll(0, 0)
 6 APPPATH\Controllers\Documents.php(16): CodeIgniter\BaseModel->findAll()
 7 SYSTEMPATH\CodeIgniter.php(933): App\Controllers\Documents->index()
 8 SYSTEMPATH\CodeIgniter.php(509): CodeIgniter\CodeIgniter->runController(Object(App\Controllers\Documents))
 9 SYSTEMPATH\CodeIgniter.php(355): CodeIgniter\CodeIgniter->handleRequest(null, Object(Config\Cache), false)
10 SYSTEMPATH\Boot.php(325): CodeIgniter\CodeIgniter->run()
11 SYSTEMPATH\Boot.php(67): CodeIgniter\Boot::runCodeIgniter(Object(CodeIgniter\CodeIgniter))
12 FCPATH\index.php(56): CodeIgniter\Boot::bootWeb(Object(Config\Paths))
13 SYSTEMPATH\rewrite.php(44): require_once('D:\\xampp\\htdocs\\projects\\LadyAndal\\LadyAndalSchool\\public\\index.php')
CRITICAL - 2024-11-19 00:36:35 --> [Caused by] mysqli_sql_exception: Unknown column 'year' in 'order clause'
in SYSTEMPATH\Database\MySQLi\Connection.php on line 312.
 1 SYSTEMPATH\Database\MySQLi\Connection.php(312): mysqli->query('SELECT *
FROM `documents`
WHERE `programme` = \'PYP\'
AND `is_published` = 1
ORDER BY `year` DESC', 0)
 2 SYSTEMPATH\Database\BaseConnection.php(734): CodeIgniter\Database\MySQLi\Connection->execute('SELECT *
FROM `documents`
WHERE `programme` = \'PYP\'
AND `is_published` = 1
ORDER BY `year` DESC')
 3 SYSTEMPATH\Database\BaseConnection.php(648): CodeIgniter\Database\BaseConnection->simpleQuery('SELECT *
FROM `documents`
WHERE `programme` = \'PYP\'
AND `is_published` = 1
ORDER BY `year` DESC')
 4 SYSTEMPATH\Database\BaseBuilder.php(1644): CodeIgniter\Database\BaseConnection->query('SELECT *
FROM `documents`
WHERE `programme` = :programme:
AND `is_published` = :is_published:
ORDER BY `year` DESC', [...], false)
 5 SYSTEMPATH\Model.php(286): CodeIgniter\Database\BaseBuilder->get()
 6 SYSTEMPATH\BaseModel.php(676): CodeIgniter\Model->doFindAll(0, 0)
 7 APPPATH\Controllers\Documents.php(16): CodeIgniter\BaseModel->findAll()
 8 SYSTEMPATH\CodeIgniter.php(933): App\Controllers\Documents->index()
 9 SYSTEMPATH\CodeIgniter.php(509): CodeIgniter\CodeIgniter->runController(Object(App\Controllers\Documents))
10 SYSTEMPATH\CodeIgniter.php(355): CodeIgniter\CodeIgniter->handleRequest(null, Object(Config\Cache), false)
11 SYSTEMPATH\Boot.php(325): CodeIgniter\CodeIgniter->run()
12 SYSTEMPATH\Boot.php(67): CodeIgniter\Boot::runCodeIgniter(Object(CodeIgniter\CodeIgniter))
13 FCPATH\index.php(56): CodeIgniter\Boot::bootWeb(Object(Config\Paths))
14 SYSTEMPATH\rewrite.php(44): require_once('D:\\xampp\\htdocs\\projects\\LadyAndal\\LadyAndalSchool\\public\\index.php')
ERROR - 2024-11-19 00:37:00 --> mysqli_sql_exception: Unknown column 'year' in 'order clause' in D:\xampp\htdocs\projects\LadyAndal\LadyAndalSchool\vendor\codeigniter4\framework\system\Database\MySQLi\Connection.php:312
Stack trace:
#0 D:\xampp\htdocs\projects\LadyAndal\LadyAndalSchool\vendor\codeigniter4\framework\system\Database\MySQLi\Connection.php(312): mysqli->query('SELECT *\nFROM `...', 0)
#1 D:\xampp\htdocs\projects\LadyAndal\LadyAndalSchool\vendor\codeigniter4\framework\system\Database\BaseConnection.php(734): CodeIgniter\Database\MySQLi\Connection->execute('SELECT *\nFROM `...')
#2 D:\xampp\htdocs\projects\LadyAndal\LadyAndalSchool\vendor\codeigniter4\framework\system\Database\BaseConnection.php(648): CodeIgniter\Database\BaseConnection->simpleQuery('SELECT *\nFROM `...')
#3 D:\xampp\htdocs\projects\LadyAndal\LadyAndalSchool\vendor\codeigniter4\framework\system\Database\BaseBuilder.php(1644): CodeIgniter\Database\BaseConnection->query('SELECT *\nFROM `...', Array, false)
#4 D:\xampp\htdocs\projects\LadyAndal\LadyAndalSchool\vendor\codeigniter4\framework\system\Model.php(286): CodeIgniter\Database\BaseBuilder->get()
#5 D:\xampp\htdocs\projects\LadyAndal\LadyAndalSchool\vendor\codeigniter4\framework\system\BaseModel.php(676): CodeIgniter\Model->doFindAll(0, 0)
#6 D:\xampp\htdocs\projects\LadyAndal\LadyAndalSchool\app\Controllers\Documents.php(16): CodeIgniter\BaseModel->findAll()
#7 D:\xampp\htdocs\projects\LadyAndal\LadyAndalSchool\vendor\codeigniter4\framework\system\CodeIgniter.php(933): App\Controllers\Documents->index()
#8 D:\xampp\htdocs\projects\LadyAndal\LadyAndalSchool\vendor\codeigniter4\framework\system\CodeIgniter.php(509): CodeIgniter\CodeIgniter->runController(Object(App\Controllers\Documents))
#9 D:\xampp\htdocs\projects\LadyAndal\LadyAndalSchool\vendor\codeigniter4\framework\system\CodeIgniter.php(355): CodeIgniter\CodeIgniter->handleRequest(NULL, Object(Config\Cache), false)
#10 D:\xampp\htdocs\projects\LadyAndal\LadyAndalSchool\vendor\codeigniter4\framework\system\Boot.php(325): CodeIgniter\CodeIgniter->run()
#11 D:\xampp\htdocs\projects\LadyAndal\LadyAndalSchool\vendor\codeigniter4\framework\system\Boot.php(67): CodeIgniter\Boot::runCodeIgniter(Object(CodeIgniter\CodeIgniter))
#12 D:\xampp\htdocs\projects\LadyAndal\LadyAndalSchool\public\index.php(56): CodeIgniter\Boot::bootWeb(Object(Config\Paths))
#13 D:\xampp\htdocs\projects\LadyAndal\LadyAndalSchool\vendor\codeigniter4\framework\system\rewrite.php(44): require_once('D:\\xampp\\htdocs...')
#14 {main}
CRITICAL - 2024-11-19 00:37:00 --> CodeIgniter\Database\Exceptions\DatabaseException: Unknown column 'year' in 'order clause'
[Method: GET, Route: documents]
in SYSTEMPATH\Database\BaseConnection.php on line 688.
 1 SYSTEMPATH\Database\BaseBuilder.php(1644): CodeIgniter\Database\BaseConnection->query('SELECT *
FROM `documents`
WHERE `programme` = :programme:
AND `is_published` = :is_published:
ORDER BY `year` DESC', [...], false)
 2 SYSTEMPATH\Model.php(286): CodeIgniter\Database\BaseBuilder->get()
 3 SYSTEMPATH\BaseModel.php(676): CodeIgniter\Model->doFindAll(0, 0)
 4 APPPATH\Controllers\Documents.php(16): CodeIgniter\BaseModel->findAll()
 5 SYSTEMPATH\CodeIgniter.php(933): App\Controllers\Documents->index()
 6 SYSTEMPATH\CodeIgniter.php(509): CodeIgniter\CodeIgniter->runController(Object(App\Controllers\Documents))
 7 SYSTEMPATH\CodeIgniter.php(355): CodeIgniter\CodeIgniter->handleRequest(null, Object(Config\Cache), false)
 8 SYSTEMPATH\Boot.php(325): CodeIgniter\CodeIgniter->run()
 9 SYSTEMPATH\Boot.php(67): CodeIgniter\Boot::runCodeIgniter(Object(CodeIgniter\CodeIgniter))
10 FCPATH\index.php(56): CodeIgniter\Boot::bootWeb(Object(Config\Paths))
11 SYSTEMPATH\rewrite.php(44): require_once('D:\\xampp\\htdocs\\projects\\LadyAndal\\LadyAndalSchool\\public\\index.php')
CRITICAL - 2024-11-19 00:37:00 --> [Caused by] CodeIgniter\Database\Exceptions\DatabaseException: Unknown column 'year' in 'order clause'
in SYSTEMPATH\Database\MySQLi\Connection.php on line 317.
 1 SYSTEMPATH\Database\BaseConnection.php(734): CodeIgniter\Database\MySQLi\Connection->execute('SELECT *
FROM `documents`
WHERE `programme` = \'PYP\'
AND `is_published` = 1
ORDER BY `year` DESC')
 2 SYSTEMPATH\Database\BaseConnection.php(648): CodeIgniter\Database\BaseConnection->simpleQuery('SELECT *
FROM `documents`
WHERE `programme` = \'PYP\'
AND `is_published` = 1
ORDER BY `year` DESC')
 3 SYSTEMPATH\Database\BaseBuilder.php(1644): CodeIgniter\Database\BaseConnection->query('SELECT *
FROM `documents`
WHERE `programme` = :programme:
AND `is_published` = :is_published:
ORDER BY `year` DESC', [...], false)
 4 SYSTEMPATH\Model.php(286): CodeIgniter\Database\BaseBuilder->get()
 5 SYSTEMPATH\BaseModel.php(676): CodeIgniter\Model->doFindAll(0, 0)
 6 APPPATH\Controllers\Documents.php(16): CodeIgniter\BaseModel->findAll()
 7 SYSTEMPATH\CodeIgniter.php(933): App\Controllers\Documents->index()
 8 SYSTEMPATH\CodeIgniter.php(509): CodeIgniter\CodeIgniter->runController(Object(App\Controllers\Documents))
 9 SYSTEMPATH\CodeIgniter.php(355): CodeIgniter\CodeIgniter->handleRequest(null, Object(Config\Cache), false)
10 SYSTEMPATH\Boot.php(325): CodeIgniter\CodeIgniter->run()
11 SYSTEMPATH\Boot.php(67): CodeIgniter\Boot::runCodeIgniter(Object(CodeIgniter\CodeIgniter))
12 FCPATH\index.php(56): CodeIgniter\Boot::bootWeb(Object(Config\Paths))
13 SYSTEMPATH\rewrite.php(44): require_once('D:\\xampp\\htdocs\\projects\\LadyAndal\\LadyAndalSchool\\public\\index.php')
CRITICAL - 2024-11-19 00:37:00 --> [Caused by] mysqli_sql_exception: Unknown column 'year' in 'order clause'
in SYSTEMPATH\Database\MySQLi\Connection.php on line 312.
 1 SYSTEMPATH\Database\MySQLi\Connection.php(312): mysqli->query('SELECT *
FROM `documents`
WHERE `programme` = \'PYP\'
AND `is_published` = 1
ORDER BY `year` DESC', 0)
 2 SYSTEMPATH\Database\BaseConnection.php(734): CodeIgniter\Database\MySQLi\Connection->execute('SELECT *
FROM `documents`
WHERE `programme` = \'PYP\'
AND `is_published` = 1
ORDER BY `year` DESC')
 3 SYSTEMPATH\Database\BaseConnection.php(648): CodeIgniter\Database\BaseConnection->simpleQuery('SELECT *
FROM `documents`
WHERE `programme` = \'PYP\'
AND `is_published` = 1
ORDER BY `year` DESC')
 4 SYSTEMPATH\Database\BaseBuilder.php(1644): CodeIgniter\Database\BaseConnection->query('SELECT *
FROM `documents`
WHERE `programme` = :programme:
AND `is_published` = :is_published:
ORDER BY `year` DESC', [...], false)
 5 SYSTEMPATH\Model.php(286): CodeIgniter\Database\BaseBuilder->get()
 6 SYSTEMPATH\BaseModel.php(676): CodeIgniter\Model->doFindAll(0, 0)
 7 APPPATH\Controllers\Documents.php(16): CodeIgniter\BaseModel->findAll()
 8 SYSTEMPATH\CodeIgniter.php(933): App\Controllers\Documents->index()
 9 SYSTEMPATH\CodeIgniter.php(509): CodeIgniter\CodeIgniter->runController(Object(App\Controllers\Documents))
10 SYSTEMPATH\CodeIgniter.php(355): CodeIgniter\CodeIgniter->handleRequest(null, Object(Config\Cache), false)
11 SYSTEMPATH\Boot.php(325): CodeIgniter\CodeIgniter->run()
12 SYSTEMPATH\Boot.php(67): CodeIgniter\Boot::runCodeIgniter(Object(CodeIgniter\CodeIgniter))
13 FCPATH\index.php(56): CodeIgniter\Boot::bootWeb(Object(Config\Paths))
14 SYSTEMPATH\rewrite.php(44): require_once('D:\\xampp\\htdocs\\projects\\LadyAndal\\LadyAndalSchool\\public\\index.php')
ERROR - 2024-11-19 00:40:13 --> mysqli_sql_exception: Unknown column 'year' in 'order clause' in D:\xampp\htdocs\projects\LadyAndal\LadyAndalSchool\vendor\codeigniter4\framework\system\Database\MySQLi\Connection.php:312
Stack trace:
#0 D:\xampp\htdocs\projects\LadyAndal\LadyAndalSchool\vendor\codeigniter4\framework\system\Database\MySQLi\Connection.php(312): mysqli->query('SELECT *\nFROM `...', 0)
#1 D:\xampp\htdocs\projects\LadyAndal\LadyAndalSchool\vendor\codeigniter4\framework\system\Database\BaseConnection.php(734): CodeIgniter\Database\MySQLi\Connection->execute('SELECT *\nFROM `...')
#2 D:\xampp\htdocs\projects\LadyAndal\LadyAndalSchool\vendor\codeigniter4\framework\system\Database\BaseConnection.php(648): CodeIgniter\Database\BaseConnection->simpleQuery('SELECT *\nFROM `...')
#3 D:\xampp\htdocs\projects\LadyAndal\LadyAndalSchool\vendor\codeigniter4\framework\system\Database\BaseBuilder.php(1644): CodeIgniter\Database\BaseConnection->query('SELECT *\nFROM `...', Array, false)
#4 D:\xampp\htdocs\projects\LadyAndal\LadyAndalSchool\vendor\codeigniter4\framework\system\Model.php(286): CodeIgniter\Database\BaseBuilder->get()
#5 D:\xampp\htdocs\projects\LadyAndal\LadyAndalSchool\vendor\codeigniter4\framework\system\BaseModel.php(676): CodeIgniter\Model->doFindAll(0, 0)
#6 D:\xampp\htdocs\projects\LadyAndal\LadyAndalSchool\app\Controllers\Documents.php(16): CodeIgniter\BaseModel->findAll()
#7 D:\xampp\htdocs\projects\LadyAndal\LadyAndalSchool\vendor\codeigniter4\framework\system\CodeIgniter.php(933): App\Controllers\Documents->index()
#8 D:\xampp\htdocs\projects\LadyAndal\LadyAndalSchool\vendor\codeigniter4\framework\system\CodeIgniter.php(509): CodeIgniter\CodeIgniter->runController(Object(App\Controllers\Documents))
#9 D:\xampp\htdocs\projects\LadyAndal\LadyAndalSchool\vendor\codeigniter4\framework\system\CodeIgniter.php(355): CodeIgniter\CodeIgniter->handleRequest(NULL, Object(Config\Cache), false)
#10 D:\xampp\htdocs\projects\LadyAndal\LadyAndalSchool\vendor\codeigniter4\framework\system\Boot.php(325): CodeIgniter\CodeIgniter->run()
#11 D:\xampp\htdocs\projects\LadyAndal\LadyAndalSchool\vendor\codeigniter4\framework\system\Boot.php(67): CodeIgniter\Boot::runCodeIgniter(Object(CodeIgniter\CodeIgniter))
#12 D:\xampp\htdocs\projects\LadyAndal\LadyAndalSchool\public\index.php(56): CodeIgniter\Boot::bootWeb(Object(Config\Paths))
#13 D:\xampp\htdocs\projects\LadyAndal\LadyAndalSchool\vendor\codeigniter4\framework\system\rewrite.php(44): require_once('D:\\xampp\\htdocs...')
#14 {main}
CRITICAL - 2024-11-19 00:40:13 --> CodeIgniter\Database\Exceptions\DatabaseException: Unknown column 'year' in 'order clause'
[Method: GET, Route: documents]
in SYSTEMPATH\Database\BaseConnection.php on line 688.
 1 SYSTEMPATH\Database\BaseBuilder.php(1644): CodeIgniter\Database\BaseConnection->query('SELECT *
FROM `documents`
WHERE `programme` = :programme:
AND `is_published` = :is_published:
ORDER BY `year` DESC', [...], false)
 2 SYSTEMPATH\Model.php(286): CodeIgniter\Database\BaseBuilder->get()
 3 SYSTEMPATH\BaseModel.php(676): CodeIgniter\Model->doFindAll(0, 0)
 4 APPPATH\Controllers\Documents.php(16): CodeIgniter\BaseModel->findAll()
 5 SYSTEMPATH\CodeIgniter.php(933): App\Controllers\Documents->index()
 6 SYSTEMPATH\CodeIgniter.php(509): CodeIgniter\CodeIgniter->runController(Object(App\Controllers\Documents))
 7 SYSTEMPATH\CodeIgniter.php(355): CodeIgniter\CodeIgniter->handleRequest(null, Object(Config\Cache), false)
 8 SYSTEMPATH\Boot.php(325): CodeIgniter\CodeIgniter->run()
 9 SYSTEMPATH\Boot.php(67): CodeIgniter\Boot::runCodeIgniter(Object(CodeIgniter\CodeIgniter))
10 FCPATH\index.php(56): CodeIgniter\Boot::bootWeb(Object(Config\Paths))
11 SYSTEMPATH\rewrite.php(44): require_once('D:\\xampp\\htdocs\\projects\\LadyAndal\\LadyAndalSchool\\public\\index.php')
CRITICAL - 2024-11-19 00:40:13 --> [Caused by] CodeIgniter\Database\Exceptions\DatabaseException: Unknown column 'year' in 'order clause'
in SYSTEMPATH\Database\MySQLi\Connection.php on line 317.
 1 SYSTEMPATH\Database\BaseConnection.php(734): CodeIgniter\Database\MySQLi\Connection->execute('SELECT *
FROM `documents`
WHERE `programme` = \'PYP\'
AND `is_published` = 1
ORDER BY `year` DESC')
 2 SYSTEMPATH\Database\BaseConnection.php(648): CodeIgniter\Database\BaseConnection->simpleQuery('SELECT *
FROM `documents`
WHERE `programme` = \'PYP\'
AND `is_published` = 1
ORDER BY `year` DESC')
 3 SYSTEMPATH\Database\BaseBuilder.php(1644): CodeIgniter\Database\BaseConnection->query('SELECT *
FROM `documents`
WHERE `programme` = :programme:
AND `is_published` = :is_published:
ORDER BY `year` DESC', [...], false)
 4 SYSTEMPATH\Model.php(286): CodeIgniter\Database\BaseBuilder->get()
 5 SYSTEMPATH\BaseModel.php(676): CodeIgniter\Model->doFindAll(0, 0)
 6 APPPATH\Controllers\Documents.php(16): CodeIgniter\BaseModel->findAll()
 7 SYSTEMPATH\CodeIgniter.php(933): App\Controllers\Documents->index()
 8 SYSTEMPATH\CodeIgniter.php(509): CodeIgniter\CodeIgniter->runController(Object(App\Controllers\Documents))
 9 SYSTEMPATH\CodeIgniter.php(355): CodeIgniter\CodeIgniter->handleRequest(null, Object(Config\Cache), false)
10 SYSTEMPATH\Boot.php(325): CodeIgniter\CodeIgniter->run()
11 SYSTEMPATH\Boot.php(67): CodeIgniter\Boot::runCodeIgniter(Object(CodeIgniter\CodeIgniter))
12 FCPATH\index.php(56): CodeIgniter\Boot::bootWeb(Object(Config\Paths))
13 SYSTEMPATH\rewrite.php(44): require_once('D:\\xampp\\htdocs\\projects\\LadyAndal\\LadyAndalSchool\\public\\index.php')
CRITICAL - 2024-11-19 00:40:13 --> [Caused by] mysqli_sql_exception: Unknown column 'year' in 'order clause'
in SYSTEMPATH\Database\MySQLi\Connection.php on line 312.
 1 SYSTEMPATH\Database\MySQLi\Connection.php(312): mysqli->query('SELECT *
FROM `documents`
WHERE `programme` = \'PYP\'
AND `is_published` = 1
ORDER BY `year` DESC', 0)
 2 SYSTEMPATH\Database\BaseConnection.php(734): CodeIgniter\Database\MySQLi\Connection->execute('SELECT *
FROM `documents`
WHERE `programme` = \'PYP\'
AND `is_published` = 1
ORDER BY `year` DESC')
 3 SYSTEMPATH\Database\BaseConnection.php(648): CodeIgniter\Database\BaseConnection->simpleQuery('SELECT *
FROM `documents`
WHERE `programme` = \'PYP\'
AND `is_published` = 1
ORDER BY `year` DESC')
 4 SYSTEMPATH\Database\BaseBuilder.php(1644): CodeIgniter\Database\BaseConnection->query('SELECT *
FROM `documents`
WHERE `programme` = :programme:
AND `is_published` = :is_published:
ORDER BY `year` DESC', [...], false)
 5 SYSTEMPATH\Model.php(286): CodeIgniter\Database\BaseBuilder->get()
 6 SYSTEMPATH\BaseModel.php(676): CodeIgniter\Model->doFindAll(0, 0)
 7 APPPATH\Controllers\Documents.php(16): CodeIgniter\BaseModel->findAll()
 8 SYSTEMPATH\CodeIgniter.php(933): App\Controllers\Documents->index()
 9 SYSTEMPATH\CodeIgniter.php(509): CodeIgniter\CodeIgniter->runController(Object(App\Controllers\Documents))
10 SYSTEMPATH\CodeIgniter.php(355): CodeIgniter\CodeIgniter->handleRequest(null, Object(Config\Cache), false)
11 SYSTEMPATH\Boot.php(325): CodeIgniter\CodeIgniter->run()
12 SYSTEMPATH\Boot.php(67): CodeIgniter\Boot::runCodeIgniter(Object(CodeIgniter\CodeIgniter))
13 FCPATH\index.php(56): CodeIgniter\Boot::bootWeb(Object(Config\Paths))
14 SYSTEMPATH\rewrite.php(44): require_once('D:\\xampp\\htdocs\\projects\\LadyAndal\\LadyAndalSchool\\public\\index.php')
CRITICAL - 2024-11-19 00:40:57 --> ErrorException: Undefined array key "title"
[Method: GET, Route: documents]
in APPPATH\Views\documents.php on line 48.
 1 APPPATH\Views\documents.php(48): CodeIgniter\Debug\Exceptions->errorHandler(2, 'Undefined array key "title"', 'D:\\xampp\\htdocs\\projects\\LadyAndal\\LadyAndalSchool\\app\\Views\\documents.php', 48)
 2 SYSTEMPATH\View\View.php(234): include('D:\\xampp\\htdocs\\projects\\LadyAndal\\LadyAndalSchool\\app\\Views\\documents.php')
 3 SYSTEMPATH\View\View.php(237): CodeIgniter\View\View->CodeIgniter\View\{closure}()
 4 SYSTEMPATH\Common.php(1171): CodeIgniter\View\View->render('documents', [], true)
 5 APPPATH\Controllers\Documents.php(29): view('documents', [...])
 6 SYSTEMPATH\CodeIgniter.php(933): App\Controllers\Documents->index()
 7 SYSTEMPATH\CodeIgniter.php(509): CodeIgniter\CodeIgniter->runController(Object(App\Controllers\Documents))
 8 SYSTEMPATH\CodeIgniter.php(355): CodeIgniter\CodeIgniter->handleRequest(null, Object(Config\Cache), false)
 9 SYSTEMPATH\Boot.php(325): CodeIgniter\CodeIgniter->run()
10 SYSTEMPATH\Boot.php(67): CodeIgniter\Boot::runCodeIgniter(Object(CodeIgniter\CodeIgniter))
11 FCPATH\index.php(56): CodeIgniter\Boot::bootWeb(Object(Config\Paths))
12 SYSTEMPATH\rewrite.php(44): require_once('D:\\xampp\\htdocs\\projects\\LadyAndal\\LadyAndalSchool\\public\\index.php')
ERROR - 2024-11-19 00:57:00 --> File upload error: 0
CRITICAL - 2024-11-19 01:08:36 --> ErrorException: Undefined array key "file_path"
[Method: GET, Route: documents]
in APPPATH\Views\documents.php on line 51.
 1 APPPATH\Views\documents.php(51): CodeIgniter\Debug\Exceptions->errorHandler(2, 'Undefined array key "file_path"', 'D:\\xampp\\htdocs\\projects\\LadyAndal\\LadyAndalSchool\\app\\Views\\documents.php', 51)
 2 SYSTEMPATH\View\View.php(234): include('D:\\xampp\\htdocs\\projects\\LadyAndal\\LadyAndalSchool\\app\\Views\\documents.php')
 3 SYSTEMPATH\View\View.php(237): CodeIgniter\View\View->CodeIgniter\View\{closure}()
 4 SYSTEMPATH\Common.php(1171): CodeIgniter\View\View->render('documents', [], true)
 5 APPPATH\Controllers\Documents.php(29): view('documents', [...])
 6 SYSTEMPATH\CodeIgniter.php(933): App\Controllers\Documents->index()
 7 SYSTEMPATH\CodeIgniter.php(509): CodeIgniter\CodeIgniter->runController(Object(App\Controllers\Documents))
 8 SYSTEMPATH\CodeIgniter.php(355): CodeIgniter\CodeIgniter->handleRequest(null, Object(Config\Cache), false)
 9 SYSTEMPATH\Boot.php(325): CodeIgniter\CodeIgniter->run()
10 SYSTEMPATH\Boot.php(67): CodeIgniter\Boot::runCodeIgniter(Object(CodeIgniter\CodeIgniter))
11 FCPATH\index.php(56): CodeIgniter\Boot::bootWeb(Object(Config\Paths))
12 SYSTEMPATH\rewrite.php(44): require_once('D:\\xampp\\htdocs\\projects\\LadyAndal\\LadyAndalSchool\\public\\index.php')
CRITICAL - 2024-11-19 01:14:59 --> ErrorException: Undefined array key "file_path"
[Method: GET, Route: documents]
in APPPATH\Views\documents.php on line 51.
 1 APPPATH\Views\documents.php(51): CodeIgniter\Debug\Exceptions->errorHandler(2, 'Undefined array key "file_path"', 'D:\\xampp\\htdocs\\projects\\LadyAndal\\LadyAndalSchool\\app\\Views\\documents.php', 51)
 2 SYSTEMPATH\View\View.php(234): include('D:\\xampp\\htdocs\\projects\\LadyAndal\\LadyAndalSchool\\app\\Views\\documents.php')
 3 SYSTEMPATH\View\View.php(237): CodeIgniter\View\View->CodeIgniter\View\{closure}()
 4 SYSTEMPATH\Common.php(1171): CodeIgniter\View\View->render('documents', [], true)
 5 APPPATH\Controllers\Documents.php(29): view('documents', [...])
 6 SYSTEMPATH\CodeIgniter.php(933): App\Controllers\Documents->index()
 7 SYSTEMPATH\CodeIgniter.php(509): CodeIgniter\CodeIgniter->runController(Object(App\Controllers\Documents))
 8 SYSTEMPATH\CodeIgniter.php(355): CodeIgniter\CodeIgniter->handleRequest(null, Object(Config\Cache), false)
 9 SYSTEMPATH\Boot.php(325): CodeIgniter\CodeIgniter->run()
10 SYSTEMPATH\Boot.php(67): CodeIgniter\Boot::runCodeIgniter(Object(CodeIgniter\CodeIgniter))
11 FCPATH\index.php(56): CodeIgniter\Boot::bootWeb(Object(Config\Paths))
12 SYSTEMPATH\rewrite.php(44): require_once('D:\\xampp\\htdocs\\projects\\LadyAndal\\LadyAndalSchool\\public\\index.php')
CRITICAL - 2024-11-19 01:20:50 --> ErrorException: Undefined array key "file"
[Method: GET, Route: documents]
in APPPATH\Views\documents.php on line 50.
 1 APPPATH\Views\documents.php(50): CodeIgniter\Debug\Exceptions->errorHandler(2, 'Undefined array key "file"', 'D:\\xampp\\htdocs\\projects\\LadyAndal\\LadyAndalSchool\\app\\Views\\documents.php', 50)
 2 SYSTEMPATH\View\View.php(234): include('D:\\xampp\\htdocs\\projects\\LadyAndal\\LadyAndalSchool\\app\\Views\\documents.php')
 3 SYSTEMPATH\View\View.php(237): CodeIgniter\View\View->CodeIgniter\View\{closure}()
 4 SYSTEMPATH\Common.php(1171): CodeIgniter\View\View->render('documents', [], true)
 5 APPPATH\Controllers\Documents.php(29): view('documents', [...])
 6 SYSTEMPATH\CodeIgniter.php(933): App\Controllers\Documents->index()
 7 SYSTEMPATH\CodeIgniter.php(509): CodeIgniter\CodeIgniter->runController(Object(App\Controllers\Documents))
 8 SYSTEMPATH\CodeIgniter.php(355): CodeIgniter\CodeIgniter->handleRequest(null, Object(Config\Cache), false)
 9 SYSTEMPATH\Boot.php(325): CodeIgniter\CodeIgniter->run()
10 SYSTEMPATH\Boot.php(67): CodeIgniter\Boot::runCodeIgniter(Object(CodeIgniter\CodeIgniter))
11 FCPATH\index.php(56): CodeIgniter\Boot::bootWeb(Object(Config\Paths))
12 SYSTEMPATH\rewrite.php(44): require_once('D:\\xampp\\htdocs\\projects\\LadyAndal\\LadyAndalSchool\\public\\index.php')
CRITICAL - 2024-11-19 01:23:50 --> ErrorException: Undefined variable $activeTab
[Method: GET, Route: documents]
in APPPATH\Views\documents.php on line 27.
 1 APPPATH\Views\documents.php(27): CodeIgniter\Debug\Exceptions->errorHandler(2, 'Undefined variable $activeTab', 'D:\\xampp\\htdocs\\projects\\LadyAndal\\LadyAndalSchool\\app\\Views\\documents.php', 27)
 2 SYSTEMPATH\View\View.php(234): include('D:\\xampp\\htdocs\\projects\\LadyAndal\\LadyAndalSchool\\app\\Views\\documents.php')
 3 SYSTEMPATH\View\View.php(237): CodeIgniter\View\View->CodeIgniter\View\{closure}()
 4 SYSTEMPATH\Common.php(1171): CodeIgniter\View\View->render('documents', [], true)
 5 APPPATH\Controllers\Documents.php(29): view('documents', [...])
 6 SYSTEMPATH\CodeIgniter.php(933): App\Controllers\Documents->index()
 7 SYSTEMPATH\CodeIgniter.php(509): CodeIgniter\CodeIgniter->runController(Object(App\Controllers\Documents))
 8 SYSTEMPATH\CodeIgniter.php(355): CodeIgniter\CodeIgniter->handleRequest(null, Object(Config\Cache), false)
 9 SYSTEMPATH\Boot.php(325): CodeIgniter\CodeIgniter->run()
10 SYSTEMPATH\Boot.php(67): CodeIgniter\Boot::runCodeIgniter(Object(CodeIgniter\CodeIgniter))
11 FCPATH\index.php(56): CodeIgniter\Boot::bootWeb(Object(Config\Paths))
12 SYSTEMPATH\rewrite.php(44): require_once('D:\\xampp\\htdocs\\projects\\LadyAndal\\LadyAndalSchool\\public\\index.php')
CRITICAL - 2024-11-19 01:24:45 --> ErrorException: Undefined variable $pypDocs
[Method: GET, Route: documents]
in APPPATH\Views\documents.php on line 48.
 1 APPPATH\Views\documents.php(48): CodeIgniter\Debug\Exceptions->errorHandler(2, 'Undefined variable $pypDocs', 'D:\\xampp\\htdocs\\projects\\LadyAndal\\LadyAndalSchool\\app\\Views\\documents.php', 48)
 2 SYSTEMPATH\View\View.php(234): include('D:\\xampp\\htdocs\\projects\\LadyAndal\\LadyAndalSchool\\app\\Views\\documents.php')
 3 SYSTEMPATH\View\View.php(237): CodeIgniter\View\View->CodeIgniter\View\{closure}()
 4 SYSTEMPATH\Common.php(1171): CodeIgniter\View\View->render('documents', [], true)
 5 APPPATH\Controllers\Documents.php(30): view('documents', [...])
 6 SYSTEMPATH\CodeIgniter.php(933): App\Controllers\Documents->index()
 7 SYSTEMPATH\CodeIgniter.php(509): CodeIgniter\CodeIgniter->runController(Object(App\Controllers\Documents))
 8 SYSTEMPATH\CodeIgniter.php(355): CodeIgniter\CodeIgniter->handleRequest(null, Object(Config\Cache), false)
 9 SYSTEMPATH\Boot.php(325): CodeIgniter\CodeIgniter->run()
10 SYSTEMPATH\Boot.php(67): CodeIgniter\Boot::runCodeIgniter(Object(CodeIgniter\CodeIgniter))
11 FCPATH\index.php(56): CodeIgniter\Boot::bootWeb(Object(Config\Paths))
12 SYSTEMPATH\rewrite.php(44): require_once('D:\\xampp\\htdocs\\projects\\LadyAndal\\LadyAndalSchool\\public\\index.php')
CRITICAL - 2024-11-19 03:39:10 --> ErrorException: Undefined variable $pypDocs
[Method: GET, Route: documents]
in APPPATH\Views\documents.php on line 48.
 1 APPPATH\Views\documents.php(48): CodeIgniter\Debug\Exceptions->errorHandler(2, 'Undefined variable $pypDocs', 'D:\\xampp\\htdocs\\projects\\LadyAndal\\LadyAndalSchool\\app\\Views\\documents.php', 48)
 2 SYSTEMPATH\View\View.php(234): include('D:\\xampp\\htdocs\\projects\\LadyAndal\\LadyAndalSchool\\app\\Views\\documents.php')
 3 SYSTEMPATH\View\View.php(237): CodeIgniter\View\View->CodeIgniter\View\{closure}()
 4 SYSTEMPATH\Common.php(1171): CodeIgniter\View\View->render('documents', [], true)
 5 APPPATH\Controllers\Documents.php(30): view('documents', [...])
 6 SYSTEMPATH\CodeIgniter.php(933): App\Controllers\Documents->index()
 7 SYSTEMPATH\CodeIgniter.php(509): CodeIgniter\CodeIgniter->runController(Object(App\Controllers\Documents))
 8 SYSTEMPATH\CodeIgniter.php(355): CodeIgniter\CodeIgniter->handleRequest(null, Object(Config\Cache), false)
 9 SYSTEMPATH\Boot.php(325): CodeIgniter\CodeIgniter->run()
10 SYSTEMPATH\Boot.php(67): CodeIgniter\Boot::runCodeIgniter(Object(CodeIgniter\CodeIgniter))
11 FCPATH\index.php(56): CodeIgniter\Boot::bootWeb(Object(Config\Paths))
12 SYSTEMPATH\rewrite.php(44): require_once('D:\\xampp\\htdocs\\projects\\LadyAndal\\LadyAndalSchool\\public\\index.php')
CRITICAL - 2024-11-19 03:42:42 --> ErrorException: Undefined variable $pypDocs
[Method: GET, Route: documents]
in APPPATH\Views\documents.php on line 48.
 1 APPPATH\Views\documents.php(48): CodeIgniter\Debug\Exceptions->errorHandler(2, 'Undefined variable $pypDocs', 'D:\\xampp\\htdocs\\projects\\LadyAndal\\LadyAndalSchool\\app\\Views\\documents.php', 48)
 2 SYSTEMPATH\View\View.php(234): include('D:\\xampp\\htdocs\\projects\\LadyAndal\\LadyAndalSchool\\app\\Views\\documents.php')
 3 SYSTEMPATH\View\View.php(237): CodeIgniter\View\View->CodeIgniter\View\{closure}()
 4 SYSTEMPATH\Common.php(1171): CodeIgniter\View\View->render('documents', [], true)
 5 APPPATH\Controllers\Documents.php(30): view('documents', [...])
 6 SYSTEMPATH\CodeIgniter.php(933): App\Controllers\Documents->index()
 7 SYSTEMPATH\CodeIgniter.php(509): CodeIgniter\CodeIgniter->runController(Object(App\Controllers\Documents))
 8 SYSTEMPATH\CodeIgniter.php(355): CodeIgniter\CodeIgniter->handleRequest(null, Object(Config\Cache), false)
 9 SYSTEMPATH\Boot.php(325): CodeIgniter\CodeIgniter->run()
10 SYSTEMPATH\Boot.php(67): CodeIgniter\Boot::runCodeIgniter(Object(CodeIgniter\CodeIgniter))
11 FCPATH\index.php(56): CodeIgniter\Boot::bootWeb(Object(Config\Paths))
12 SYSTEMPATH\rewrite.php(44): require_once('D:\\xampp\\htdocs\\projects\\LadyAndal\\LadyAndalSchool\\public\\index.php')
CRITICAL - 2024-11-19 03:42:57 --> ErrorException: Undefined array key "file_path"
[Method: GET, Route: documents]
in APPPATH\Views\documents.php on line 57.
 1 APPPATH\Views\documents.php(57): CodeIgniter\Debug\Exceptions->errorHandler(2, 'Undefined array key "file_path"', 'D:\\xampp\\htdocs\\projects\\LadyAndal\\LadyAndalSchool\\app\\Views\\documents.php', 57)
 2 SYSTEMPATH\View\View.php(234): include('D:\\xampp\\htdocs\\projects\\LadyAndal\\LadyAndalSchool\\app\\Views\\documents.php')
 3 SYSTEMPATH\View\View.php(237): CodeIgniter\View\View->CodeIgniter\View\{closure}()
 4 SYSTEMPATH\Common.php(1171): CodeIgniter\View\View->render('documents', [], true)
 5 APPPATH\Controllers\Documents.php(30): view('documents', [...])
 6 SYSTEMPATH\CodeIgniter.php(933): App\Controllers\Documents->index()
 7 SYSTEMPATH\CodeIgniter.php(509): CodeIgniter\CodeIgniter->runController(Object(App\Controllers\Documents))
 8 SYSTEMPATH\CodeIgniter.php(355): CodeIgniter\CodeIgniter->handleRequest(null, Object(Config\Cache), false)
 9 SYSTEMPATH\Boot.php(325): CodeIgniter\CodeIgniter->run()
10 SYSTEMPATH\Boot.php(67): CodeIgniter\Boot::runCodeIgniter(Object(CodeIgniter\CodeIgniter))
11 FCPATH\index.php(56): CodeIgniter\Boot::bootWeb(Object(Config\Paths))
12 SYSTEMPATH\rewrite.php(44): require_once('D:\\xampp\\htdocs\\projects\\LadyAndal\\LadyAndalSchool\\public\\index.php')
ERROR - 2024-11-19 04:15:42 --> File upload error: 0
CRITICAL - 2024-11-19 05:38:06 --> ErrorException: Undefined variable $teacherBlogs
[Method: GET, Route: blogs]
in APPPATH\Controllers\NewsEvents.php on line 80.
 1 APPPATH\Controllers\NewsEvents.php(80): CodeIgniter\Debug\Exceptions->errorHandler(2, 'Undefined variable $teacherBlogs', 'D:\\xampp\\htdocs\\projects\\LadyAndal\\LadyAndalSchool\\app\\Controllers\\NewsEvents.php', 80)
 2 SYSTEMPATH\CodeIgniter.php(933): App\Controllers\NewsEvents->blogs()
 3 SYSTEMPATH\CodeIgniter.php(509): CodeIgniter\CodeIgniter->runController(Object(App\Controllers\NewsEvents))
 4 SYSTEMPATH\CodeIgniter.php(355): CodeIgniter\CodeIgniter->handleRequest(null, Object(Config\Cache), false)
 5 SYSTEMPATH\Boot.php(325): CodeIgniter\CodeIgniter->run()
 6 SYSTEMPATH\Boot.php(67): CodeIgniter\Boot::runCodeIgniter(Object(CodeIgniter\CodeIgniter))
 7 FCPATH\index.php(56): CodeIgniter\Boot::bootWeb(Object(Config\Paths))
 8 SYSTEMPATH\rewrite.php(44): require_once('D:\\xampp\\htdocs\\projects\\LadyAndal\\LadyAndalSchool\\public\\index.php')
CRITICAL - 2024-11-19 07:26:14 --> ErrorException: Undefined variable $galleryItems
[Method: GET, Route: adm1n/gallery]
in APPPATH\Views\gallery_list.php on line 52.
 1 APPPATH\Views\gallery_list.php(52): CodeIgniter\Debug\Exceptions->errorHandler(2, 'Undefined variable $galleryItems', 'D:\\xampp\\htdocs\\projects\\LadyAndal\\LadyAndalSchool\\app\\Views\\gallery_list.php', 52)
 2 SYSTEMPATH\View\View.php(234): include('D:\\xampp\\htdocs\\projects\\LadyAndal\\LadyAndalSchool\\app\\Views\\gallery_list.php')
 3 SYSTEMPATH\View\View.php(237): CodeIgniter\View\View->CodeIgniter\View\{closure}()
 4 SYSTEMPATH\Common.php(1171): CodeIgniter\View\View->render('gallery_list', [], true)
 5 APPPATH\Controllers\GalleryController.php(15): view('gallery_list', [...])
 6 SYSTEMPATH\CodeIgniter.php(933): App\Controllers\GalleryController->index()
 7 SYSTEMPATH\CodeIgniter.php(509): CodeIgniter\CodeIgniter->runController(Object(App\Controllers\GalleryController))
 8 SYSTEMPATH\CodeIgniter.php(355): CodeIgniter\CodeIgniter->handleRequest(null, Object(Config\Cache), false)
 9 SYSTEMPATH\Boot.php(325): CodeIgniter\CodeIgniter->run()
10 SYSTEMPATH\Boot.php(67): CodeIgniter\Boot::runCodeIgniter(Object(CodeIgniter\CodeIgniter))
11 FCPATH\index.php(56): CodeIgniter\Boot::bootWeb(Object(Config\Paths))
12 SYSTEMPATH\rewrite.php(44): require_once('D:\\xampp\\htdocs\\projects\\LadyAndal\\LadyAndalSchool\\public\\index.php')
ERROR - 2024-11-19 07:34:27 --> Invalid image size. Expected 800x1000 pixels.
ERROR - 2024-11-19 08:39:21 --> mysqli_sql_exception: Table 'ladyandalschool.brochure_policies' doesn't exist in D:\xampp\htdocs\projects\LadyAndal\LadyAndalSchool\vendor\codeigniter4\framework\system\Database\MySQLi\Connection.php:312
Stack trace:
#0 D:\xampp\htdocs\projects\LadyAndal\LadyAndalSchool\vendor\codeigniter4\framework\system\Database\MySQLi\Connection.php(312): mysqli->query('SELECT *\nFROM `...', 0)
#1 D:\xampp\htdocs\projects\LadyAndal\LadyAndalSchool\vendor\codeigniter4\framework\system\Database\BaseConnection.php(734): CodeIgniter\Database\MySQLi\Connection->execute('SELECT *\nFROM `...')
#2 D:\xampp\htdocs\projects\LadyAndal\LadyAndalSchool\vendor\codeigniter4\framework\system\Database\BaseConnection.php(648): CodeIgniter\Database\BaseConnection->simpleQuery('SELECT *\nFROM `...')
#3 D:\xampp\htdocs\projects\LadyAndal\LadyAndalSchool\vendor\codeigniter4\framework\system\Database\BaseBuilder.php(1644): CodeIgniter\Database\BaseConnection->query('SELECT *\nFROM `...', Array, false)
#4 D:\xampp\htdocs\projects\LadyAndal\LadyAndalSchool\vendor\codeigniter4\framework\system\Model.php(286): CodeIgniter\Database\BaseBuilder->get()
#5 D:\xampp\htdocs\projects\LadyAndal\LadyAndalSchool\vendor\codeigniter4\framework\system\BaseModel.php(676): CodeIgniter\Model->doFindAll(0, 0)
#6 D:\xampp\htdocs\projects\LadyAndal\LadyAndalSchool\app\Controllers\BrochurePoliciesController.php(12): CodeIgniter\BaseModel->findAll()
#7 D:\xampp\htdocs\projects\LadyAndal\LadyAndalSchool\vendor\codeigniter4\framework\system\CodeIgniter.php(933): App\Controllers\BrochurePoliciesController->index()
#8 D:\xampp\htdocs\projects\LadyAndal\LadyAndalSchool\vendor\codeigniter4\framework\system\CodeIgniter.php(509): CodeIgniter\CodeIgniter->runController(Object(App\Controllers\BrochurePoliciesController))
#9 D:\xampp\htdocs\projects\LadyAndal\LadyAndalSchool\vendor\codeigniter4\framework\system\CodeIgniter.php(355): CodeIgniter\CodeIgniter->handleRequest(NULL, Object(Config\Cache), false)
#10 D:\xampp\htdocs\projects\LadyAndal\LadyAndalSchool\vendor\codeigniter4\framework\system\Boot.php(325): CodeIgniter\CodeIgniter->run()
#11 D:\xampp\htdocs\projects\LadyAndal\LadyAndalSchool\vendor\codeigniter4\framework\system\Boot.php(67): CodeIgniter\Boot::runCodeIgniter(Object(CodeIgniter\CodeIgniter))
#12 D:\xampp\htdocs\projects\LadyAndal\LadyAndalSchool\public\index.php(56): CodeIgniter\Boot::bootWeb(Object(Config\Paths))
#13 D:\xampp\htdocs\projects\LadyAndal\LadyAndalSchool\vendor\codeigniter4\framework\system\rewrite.php(44): require_once('D:\\xampp\\htdocs...')
#14 {main}
CRITICAL - 2024-11-19 08:39:21 --> CodeIgniter\Database\Exceptions\DatabaseException: Table 'ladyandalschool.brochure_policies' doesn't exist
[Method: GET, Route: adm1n/brochure_policies]
in SYSTEMPATH\Database\BaseConnection.php on line 688.
 1 SYSTEMPATH\Database\BaseBuilder.php(1644): CodeIgniter\Database\BaseConnection->query('SELECT *
FROM `brochure_policies`
ORDER BY `sort_order` ASC', [], false)
 2 SYSTEMPATH\Model.php(286): CodeIgniter\Database\BaseBuilder->get()
 3 SYSTEMPATH\BaseModel.php(676): CodeIgniter\Model->doFindAll(0, 0)
 4 APPPATH\Controllers\BrochurePoliciesController.php(12): CodeIgniter\BaseModel->findAll()
 5 SYSTEMPATH\CodeIgniter.php(933): App\Controllers\BrochurePoliciesController->index()
 6 SYSTEMPATH\CodeIgniter.php(509): CodeIgniter\CodeIgniter->runController(Object(App\Controllers\BrochurePoliciesController))
 7 SYSTEMPATH\CodeIgniter.php(355): CodeIgniter\CodeIgniter->handleRequest(null, Object(Config\Cache), false)
 8 SYSTEMPATH\Boot.php(325): CodeIgniter\CodeIgniter->run()
 9 SYSTEMPATH\Boot.php(67): CodeIgniter\Boot::runCodeIgniter(Object(CodeIgniter\CodeIgniter))
10 FCPATH\index.php(56): CodeIgniter\Boot::bootWeb(Object(Config\Paths))
11 SYSTEMPATH\rewrite.php(44): require_once('D:\\xampp\\htdocs\\projects\\LadyAndal\\LadyAndalSchool\\public\\index.php')
CRITICAL - 2024-11-19 08:39:21 --> [Caused by] CodeIgniter\Database\Exceptions\DatabaseException: Table 'ladyandalschool.brochure_policies' doesn't exist
in SYSTEMPATH\Database\MySQLi\Connection.php on line 317.
 1 SYSTEMPATH\Database\BaseConnection.php(734): CodeIgniter\Database\MySQLi\Connection->execute('SELECT *
FROM `brochure_policies`
ORDER BY `sort_order` ASC')
 2 SYSTEMPATH\Database\BaseConnection.php(648): CodeIgniter\Database\BaseConnection->simpleQuery('SELECT *
FROM `brochure_policies`
ORDER BY `sort_order` ASC')
 3 SYSTEMPATH\Database\BaseBuilder.php(1644): CodeIgniter\Database\BaseConnection->query('SELECT *
FROM `brochure_policies`
ORDER BY `sort_order` ASC', [], false)
 4 SYSTEMPATH\Model.php(286): CodeIgniter\Database\BaseBuilder->get()
 5 SYSTEMPATH\BaseModel.php(676): CodeIgniter\Model->doFindAll(0, 0)
 6 APPPATH\Controllers\BrochurePoliciesController.php(12): CodeIgniter\BaseModel->findAll()
 7 SYSTEMPATH\CodeIgniter.php(933): App\Controllers\BrochurePoliciesController->index()
 8 SYSTEMPATH\CodeIgniter.php(509): CodeIgniter\CodeIgniter->runController(Object(App\Controllers\BrochurePoliciesController))
 9 SYSTEMPATH\CodeIgniter.php(355): CodeIgniter\CodeIgniter->handleRequest(null, Object(Config\Cache), false)
10 SYSTEMPATH\Boot.php(325): CodeIgniter\CodeIgniter->run()
11 SYSTEMPATH\Boot.php(67): CodeIgniter\Boot::runCodeIgniter(Object(CodeIgniter\CodeIgniter))
12 FCPATH\index.php(56): CodeIgniter\Boot::bootWeb(Object(Config\Paths))
13 SYSTEMPATH\rewrite.php(44): require_once('D:\\xampp\\htdocs\\projects\\LadyAndal\\LadyAndalSchool\\public\\index.php')
CRITICAL - 2024-11-19 08:39:21 --> [Caused by] mysqli_sql_exception: Table 'ladyandalschool.brochure_policies' doesn't exist
in SYSTEMPATH\Database\MySQLi\Connection.php on line 312.
 1 SYSTEMPATH\Database\MySQLi\Connection.php(312): mysqli->query('SELECT *
FROM `brochure_policies`
ORDER BY `sort_order` ASC', 0)
 2 SYSTEMPATH\Database\BaseConnection.php(734): CodeIgniter\Database\MySQLi\Connection->execute('SELECT *
FROM `brochure_policies`
ORDER BY `sort_order` ASC')
 3 SYSTEMPATH\Database\BaseConnection.php(648): CodeIgniter\Database\BaseConnection->simpleQuery('SELECT *
FROM `brochure_policies`
ORDER BY `sort_order` ASC')
 4 SYSTEMPATH\Database\BaseBuilder.php(1644): CodeIgniter\Database\BaseConnection->query('SELECT *
FROM `brochure_policies`
ORDER BY `sort_order` ASC', [], false)
 5 SYSTEMPATH\Model.php(286): CodeIgniter\Database\BaseBuilder->get()
 6 SYSTEMPATH\BaseModel.php(676): CodeIgniter\Model->doFindAll(0, 0)
 7 APPPATH\Controllers\BrochurePoliciesController.php(12): CodeIgniter\BaseModel->findAll()
 8 SYSTEMPATH\CodeIgniter.php(933): App\Controllers\BrochurePoliciesController->index()
 9 SYSTEMPATH\CodeIgniter.php(509): CodeIgniter\CodeIgniter->runController(Object(App\Controllers\BrochurePoliciesController))
10 SYSTEMPATH\CodeIgniter.php(355): CodeIgniter\CodeIgniter->handleRequest(null, Object(Config\Cache), false)
11 SYSTEMPATH\Boot.php(325): CodeIgniter\CodeIgniter->run()
12 SYSTEMPATH\Boot.php(67): CodeIgniter\Boot::runCodeIgniter(Object(CodeIgniter\CodeIgniter))
13 FCPATH\index.php(56): CodeIgniter\Boot::bootWeb(Object(Config\Paths))
14 SYSTEMPATH\rewrite.php(44): require_once('D:\\xampp\\htdocs\\projects\\LadyAndal\\LadyAndalSchool\\public\\index.php')
ERROR - 2024-11-19 08:41:02 --> mysqli_sql_exception: Table 'ladyandalschool.brouchure_policies' doesn't exist in D:\xampp\htdocs\projects\LadyAndal\LadyAndalSchool\vendor\codeigniter4\framework\system\Database\MySQLi\Connection.php:312
Stack trace:
#0 D:\xampp\htdocs\projects\LadyAndal\LadyAndalSchool\vendor\codeigniter4\framework\system\Database\MySQLi\Connection.php(312): mysqli->query('SELECT *\nFROM `...', 0)
#1 D:\xampp\htdocs\projects\LadyAndal\LadyAndalSchool\vendor\codeigniter4\framework\system\Database\BaseConnection.php(734): CodeIgniter\Database\MySQLi\Connection->execute('SELECT *\nFROM `...')
#2 D:\xampp\htdocs\projects\LadyAndal\LadyAndalSchool\vendor\codeigniter4\framework\system\Database\BaseConnection.php(648): CodeIgniter\Database\BaseConnection->simpleQuery('SELECT *\nFROM `...')
#3 D:\xampp\htdocs\projects\LadyAndal\LadyAndalSchool\vendor\codeigniter4\framework\system\Database\BaseBuilder.php(1644): CodeIgniter\Database\BaseConnection->query('SELECT *\nFROM `...', Array, false)
#4 D:\xampp\htdocs\projects\LadyAndal\LadyAndalSchool\vendor\codeigniter4\framework\system\Model.php(286): CodeIgniter\Database\BaseBuilder->get()
#5 D:\xampp\htdocs\projects\LadyAndal\LadyAndalSchool\vendor\codeigniter4\framework\system\BaseModel.php(676): CodeIgniter\Model->doFindAll(0, 0)
#6 D:\xampp\htdocs\projects\LadyAndal\LadyAndalSchool\app\Controllers\BrochurePoliciesController.php(12): CodeIgniter\BaseModel->findAll()
#7 D:\xampp\htdocs\projects\LadyAndal\LadyAndalSchool\vendor\codeigniter4\framework\system\CodeIgniter.php(933): App\Controllers\BrochurePoliciesController->index()
#8 D:\xampp\htdocs\projects\LadyAndal\LadyAndalSchool\vendor\codeigniter4\framework\system\CodeIgniter.php(509): CodeIgniter\CodeIgniter->runController(Object(App\Controllers\BrochurePoliciesController))
#9 D:\xampp\htdocs\projects\LadyAndal\LadyAndalSchool\vendor\codeigniter4\framework\system\CodeIgniter.php(355): CodeIgniter\CodeIgniter->handleRequest(NULL, Object(Config\Cache), false)
#10 D:\xampp\htdocs\projects\LadyAndal\LadyAndalSchool\vendor\codeigniter4\framework\system\Boot.php(325): CodeIgniter\CodeIgniter->run()
#11 D:\xampp\htdocs\projects\LadyAndal\LadyAndalSchool\vendor\codeigniter4\framework\system\Boot.php(67): CodeIgniter\Boot::runCodeIgniter(Object(CodeIgniter\CodeIgniter))
#12 D:\xampp\htdocs\projects\LadyAndal\LadyAndalSchool\public\index.php(56): CodeIgniter\Boot::bootWeb(Object(Config\Paths))
#13 D:\xampp\htdocs\projects\LadyAndal\LadyAndalSchool\vendor\codeigniter4\framework\system\rewrite.php(44): require_once('D:\\xampp\\htdocs...')
#14 {main}
CRITICAL - 2024-11-19 08:41:02 --> CodeIgniter\Database\Exceptions\DatabaseException: Table 'ladyandalschool.brouchure_policies' doesn't exist
[Method: GET, Route: adm1n/brochure_policies]
in SYSTEMPATH\Database\BaseConnection.php on line 688.
 1 SYSTEMPATH\Database\BaseBuilder.php(1644): CodeIgniter\Database\BaseConnection->query('SELECT *
FROM `brouchure_policies`
ORDER BY `sort_order` ASC', [], false)
 2 SYSTEMPATH\Model.php(286): CodeIgniter\Database\BaseBuilder->get()
 3 SYSTEMPATH\BaseModel.php(676): CodeIgniter\Model->doFindAll(0, 0)
 4 APPPATH\Controllers\BrochurePoliciesController.php(12): CodeIgniter\BaseModel->findAll()
 5 SYSTEMPATH\CodeIgniter.php(933): App\Controllers\BrochurePoliciesController->index()
 6 SYSTEMPATH\CodeIgniter.php(509): CodeIgniter\CodeIgniter->runController(Object(App\Controllers\BrochurePoliciesController))
 7 SYSTEMPATH\CodeIgniter.php(355): CodeIgniter\CodeIgniter->handleRequest(null, Object(Config\Cache), false)
 8 SYSTEMPATH\Boot.php(325): CodeIgniter\CodeIgniter->run()
 9 SYSTEMPATH\Boot.php(67): CodeIgniter\Boot::runCodeIgniter(Object(CodeIgniter\CodeIgniter))
10 FCPATH\index.php(56): CodeIgniter\Boot::bootWeb(Object(Config\Paths))
11 SYSTEMPATH\rewrite.php(44): require_once('D:\\xampp\\htdocs\\projects\\LadyAndal\\LadyAndalSchool\\public\\index.php')
CRITICAL - 2024-11-19 08:41:02 --> [Caused by] CodeIgniter\Database\Exceptions\DatabaseException: Table 'ladyandalschool.brouchure_policies' doesn't exist
in SYSTEMPATH\Database\MySQLi\Connection.php on line 317.
 1 SYSTEMPATH\Database\BaseConnection.php(734): CodeIgniter\Database\MySQLi\Connection->execute('SELECT *
FROM `brouchure_policies`
ORDER BY `sort_order` ASC')
 2 SYSTEMPATH\Database\BaseConnection.php(648): CodeIgniter\Database\BaseConnection->simpleQuery('SELECT *
FROM `brouchure_policies`
ORDER BY `sort_order` ASC')
 3 SYSTEMPATH\Database\BaseBuilder.php(1644): CodeIgniter\Database\BaseConnection->query('SELECT *
FROM `brouchure_policies`
ORDER BY `sort_order` ASC', [], false)
 4 SYSTEMPATH\Model.php(286): CodeIgniter\Database\BaseBuilder->get()
 5 SYSTEMPATH\BaseModel.php(676): CodeIgniter\Model->doFindAll(0, 0)
 6 APPPATH\Controllers\BrochurePoliciesController.php(12): CodeIgniter\BaseModel->findAll()
 7 SYSTEMPATH\CodeIgniter.php(933): App\Controllers\BrochurePoliciesController->index()
 8 SYSTEMPATH\CodeIgniter.php(509): CodeIgniter\CodeIgniter->runController(Object(App\Controllers\BrochurePoliciesController))
 9 SYSTEMPATH\CodeIgniter.php(355): CodeIgniter\CodeIgniter->handleRequest(null, Object(Config\Cache), false)
10 SYSTEMPATH\Boot.php(325): CodeIgniter\CodeIgniter->run()
11 SYSTEMPATH\Boot.php(67): CodeIgniter\Boot::runCodeIgniter(Object(CodeIgniter\CodeIgniter))
12 FCPATH\index.php(56): CodeIgniter\Boot::bootWeb(Object(Config\Paths))
13 SYSTEMPATH\rewrite.php(44): require_once('D:\\xampp\\htdocs\\projects\\LadyAndal\\LadyAndalSchool\\public\\index.php')
CRITICAL - 2024-11-19 08:41:02 --> [Caused by] mysqli_sql_exception: Table 'ladyandalschool.brouchure_policies' doesn't exist
in SYSTEMPATH\Database\MySQLi\Connection.php on line 312.
 1 SYSTEMPATH\Database\MySQLi\Connection.php(312): mysqli->query('SELECT *
FROM `brouchure_policies`
ORDER BY `sort_order` ASC', 0)
 2 SYSTEMPATH\Database\BaseConnection.php(734): CodeIgniter\Database\MySQLi\Connection->execute('SELECT *
FROM `brouchure_policies`
ORDER BY `sort_order` ASC')
 3 SYSTEMPATH\Database\BaseConnection.php(648): CodeIgniter\Database\BaseConnection->simpleQuery('SELECT *
FROM `brouchure_policies`
ORDER BY `sort_order` ASC')
 4 SYSTEMPATH\Database\BaseBuilder.php(1644): CodeIgniter\Database\BaseConnection->query('SELECT *
FROM `brouchure_policies`
ORDER BY `sort_order` ASC', [], false)
 5 SYSTEMPATH\Model.php(286): CodeIgniter\Database\BaseBuilder->get()
 6 SYSTEMPATH\BaseModel.php(676): CodeIgniter\Model->doFindAll(0, 0)
 7 APPPATH\Controllers\BrochurePoliciesController.php(12): CodeIgniter\BaseModel->findAll()
 8 SYSTEMPATH\CodeIgniter.php(933): App\Controllers\BrochurePoliciesController->index()
 9 SYSTEMPATH\CodeIgniter.php(509): CodeIgniter\CodeIgniter->runController(Object(App\Controllers\BrochurePoliciesController))
10 SYSTEMPATH\CodeIgniter.php(355): CodeIgniter\CodeIgniter->handleRequest(null, Object(Config\Cache), false)
11 SYSTEMPATH\Boot.php(325): CodeIgniter\CodeIgniter->run()
12 SYSTEMPATH\Boot.php(67): CodeIgniter\Boot::runCodeIgniter(Object(CodeIgniter\CodeIgniter))
13 FCPATH\index.php(56): CodeIgniter\Boot::bootWeb(Object(Config\Paths))
14 SYSTEMPATH\rewrite.php(44): require_once('D:\\xampp\\htdocs\\projects\\LadyAndal\\LadyAndalSchool\\public\\index.php')
ERROR - 2024-11-19 09:02:54 --> File not found: D:\xampp\htdocs\projects\LadyAndal\LadyAndalSchool\writable\uploads/brouchure_policies/broucher_policies_document/brochure_policies/1732005754_73bb287bd092fa97656a.pdf
ERROR - 2024-11-19 09:02:58 --> File not found: D:\xampp\htdocs\projects\LadyAndal\LadyAndalSchool\writable\uploads/brouchure_policies/uploads/brouchure_policies/sample_Tue1124_085332.pdf
