CRITICAL - 2024-11-15 06:55:35 --> Error: Class "App\Controllers\FAQModel" not found
[Method: GET, Route: faq]
in APPPATH\Controllers\Index.php on line 68.
 1 SYSTEMPATH\CodeIgniter.php(933): App\Controllers\Index->faq()
 2 SYSTEMPATH\CodeIgniter.php(509): CodeIgniter\CodeIgniter->runController(Object(App\Controllers\Index))
 3 SYSTEMPATH\CodeIgniter.php(355): CodeIgniter\CodeIgniter->handleRequest(null, Object(Config\Cache), false)
 4 SYSTEMPATH\Boot.php(325): CodeIgniter\CodeIgniter->run()
 5 SYSTEMPATH\Boot.php(67): CodeIgniter\Boot::runCodeIgniter(Object(CodeIgniter\CodeIgniter))
 6 FCPATH\index.php(56): CodeIgniter\Boot::bootWeb(Object(Config\Paths))
 7 SYSTEMPATH\rewrite.php(44): require_once('C:\\xampp\\htdocs\\LadyAndalSchool\\public\\index.php')
CRITICAL - 2024-11-15 06:58:30 --> Error: Class "App\Controllers\FAQModel" not found
[Method: GET, Route: faq]
in APPPATH\Controllers\Index.php on line 68.
 1 SYSTEMPATH\CodeIgniter.php(933): App\Controllers\Index->faq()
 2 SYSTEMPATH\CodeIgniter.php(509): CodeIgniter\CodeIgniter->runController(Object(App\Controllers\Index))
 3 SYSTEMPATH\CodeIgniter.php(355): CodeIgniter\CodeIgniter->handleRequest(null, Object(Config\Cache), false)
 4 SYSTEMPATH\Boot.php(325): CodeIgniter\CodeIgniter->run()
 5 SYSTEMPATH\Boot.php(67): CodeIgniter\Boot::runCodeIgniter(Object(CodeIgniter\CodeIgniter))
 6 FCPATH\index.php(56): CodeIgniter\Boot::bootWeb(Object(Config\Paths))
 7 SYSTEMPATH\rewrite.php(44): require_once('C:\\xampp\\htdocs\\LadyAndalSchool\\public\\index.php')
CRITICAL - 2024-11-15 06:58:32 --> Error: Class "App\Controllers\FAQModel" not found
[Method: GET, Route: faq]
in APPPATH\Controllers\Index.php on line 68.
 1 SYSTEMPATH\CodeIgniter.php(933): App\Controllers\Index->faq()
 2 SYSTEMPATH\CodeIgniter.php(509): CodeIgniter\CodeIgniter->runController(Object(App\Controllers\Index))
 3 SYSTEMPATH\CodeIgniter.php(355): CodeIgniter\CodeIgniter->handleRequest(null, Object(Config\Cache), false)
 4 SYSTEMPATH\Boot.php(325): CodeIgniter\CodeIgniter->run()
 5 SYSTEMPATH\Boot.php(67): CodeIgniter\Boot::runCodeIgniter(Object(CodeIgniter\CodeIgniter))
 6 FCPATH\index.php(56): CodeIgniter\Boot::bootWeb(Object(Config\Paths))
 7 SYSTEMPATH\rewrite.php(44): require_once('C:\\xampp\\htdocs\\LadyAndalSchool\\public\\index.php')
CRITICAL - 2024-11-15 07:00:15 --> Error: Class "App\Controllers\FAQModel" not found
[Method: GET, Route: faq]
in APPPATH\Controllers\Index.php on line 68.
 1 SYSTEMPATH\CodeIgniter.php(933): App\Controllers\Index->faq()
 2 SYSTEMPATH\CodeIgniter.php(509): CodeIgniter\CodeIgniter->runController(Object(App\Controllers\Index))
 3 SYSTEMPATH\CodeIgniter.php(355): CodeIgniter\CodeIgniter->handleRequest(null, Object(Config\Cache), false)
 4 SYSTEMPATH\Boot.php(325): CodeIgniter\CodeIgniter->run()
 5 SYSTEMPATH\Boot.php(67): CodeIgniter\Boot::runCodeIgniter(Object(CodeIgniter\CodeIgniter))
 6 FCPATH\index.php(56): CodeIgniter\Boot::bootWeb(Object(Config\Paths))
 7 SYSTEMPATH\rewrite.php(44): require_once('C:\\xampp\\htdocs\\LadyAndalSchool\\public\\index.php')
CRITICAL - 2024-11-15 07:00:22 --> Error: Class "App\Controllers\FAQModel" not found
[Method: GET, Route: faq]
in APPPATH\Controllers\Index.php on line 68.
 1 SYSTEMPATH\CodeIgniter.php(933): App\Controllers\Index->faq()
 2 SYSTEMPATH\CodeIgniter.php(509): CodeIgniter\CodeIgniter->runController(Object(App\Controllers\Index))
 3 SYSTEMPATH\CodeIgniter.php(355): CodeIgniter\CodeIgniter->handleRequest(null, Object(Config\Cache), false)
 4 SYSTEMPATH\Boot.php(325): CodeIgniter\CodeIgniter->run()
 5 SYSTEMPATH\Boot.php(67): CodeIgniter\Boot::runCodeIgniter(Object(CodeIgniter\CodeIgniter))
 6 FCPATH\index.php(56): CodeIgniter\Boot::bootWeb(Object(Config\Paths))
 7 SYSTEMPATH\rewrite.php(44): require_once('C:\\xampp\\htdocs\\LadyAndalSchool\\public\\index.php')
CRITICAL - 2024-11-15 07:03:08 --> Error: Class "App\Controllers\FAQModel" not found
[Method: GET, Route: faq]
in APPPATH\Controllers\Index.php on line 68.
 1 SYSTEMPATH\CodeIgniter.php(933): App\Controllers\Index->faq()
 2 SYSTEMPATH\CodeIgniter.php(509): CodeIgniter\CodeIgniter->runController(Object(App\Controllers\Index))
 3 SYSTEMPATH\CodeIgniter.php(355): CodeIgniter\CodeIgniter->handleRequest(null, Object(Config\Cache), false)
 4 SYSTEMPATH\Boot.php(325): CodeIgniter\CodeIgniter->run()
 5 SYSTEMPATH\Boot.php(67): CodeIgniter\Boot::runCodeIgniter(Object(CodeIgniter\CodeIgniter))
 6 FCPATH\index.php(56): CodeIgniter\Boot::bootWeb(Object(Config\Paths))
 7 SYSTEMPATH\rewrite.php(44): require_once('C:\\xampp\\htdocs\\LadyAndalSchool\\public\\index.php')
CRITICAL - 2024-11-15 07:03:19 --> Error: Class "App\Controllers\FAQModel" not found
[Method: GET, Route: faq]
in APPPATH\Controllers\Index.php on line 68.
 1 SYSTEMPATH\CodeIgniter.php(933): App\Controllers\Index->faq()
 2 SYSTEMPATH\CodeIgniter.php(509): CodeIgniter\CodeIgniter->runController(Object(App\Controllers\Index))
 3 SYSTEMPATH\CodeIgniter.php(355): CodeIgniter\CodeIgniter->handleRequest(null, Object(Config\Cache), false)
 4 SYSTEMPATH\Boot.php(325): CodeIgniter\CodeIgniter->run()
 5 SYSTEMPATH\Boot.php(67): CodeIgniter\Boot::runCodeIgniter(Object(CodeIgniter\CodeIgniter))
 6 FCPATH\index.php(56): CodeIgniter\Boot::bootWeb(Object(Config\Paths))
 7 SYSTEMPATH\rewrite.php(44): require_once('C:\\xampp\\htdocs\\LadyAndalSchool\\public\\index.php')
CRITICAL - 2024-11-15 07:05:23 --> Error: Class "App\Controllers\FAQModel" not found
[Method: GET, Route: faq]
in APPPATH\Controllers\Index.php on line 68.
 1 SYSTEMPATH\CodeIgniter.php(933): App\Controllers\Index->faq()
 2 SYSTEMPATH\CodeIgniter.php(509): CodeIgniter\CodeIgniter->runController(Object(App\Controllers\Index))
 3 SYSTEMPATH\CodeIgniter.php(355): CodeIgniter\CodeIgniter->handleRequest(null, Object(Config\Cache), false)
 4 SYSTEMPATH\Boot.php(325): CodeIgniter\CodeIgniter->run()
 5 SYSTEMPATH\Boot.php(67): CodeIgniter\Boot::runCodeIgniter(Object(CodeIgniter\CodeIgniter))
 6 FCPATH\index.php(56): CodeIgniter\Boot::bootWeb(Object(Config\Paths))
 7 SYSTEMPATH\rewrite.php(44): require_once('C:\\xampp\\htdocs\\LadyAndalSchool\\public\\index.php')
CRITICAL - 2024-11-15 07:05:25 --> Error: Class "App\Controllers\FAQModel" not found
[Method: GET, Route: faq]
in APPPATH\Controllers\Index.php on line 68.
 1 SYSTEMPATH\CodeIgniter.php(933): App\Controllers\Index->faq()
 2 SYSTEMPATH\CodeIgniter.php(509): CodeIgniter\CodeIgniter->runController(Object(App\Controllers\Index))
 3 SYSTEMPATH\CodeIgniter.php(355): CodeIgniter\CodeIgniter->handleRequest(null, Object(Config\Cache), false)
 4 SYSTEMPATH\Boot.php(325): CodeIgniter\CodeIgniter->run()
 5 SYSTEMPATH\Boot.php(67): CodeIgniter\Boot::runCodeIgniter(Object(CodeIgniter\CodeIgniter))
 6 FCPATH\index.php(56): CodeIgniter\Boot::bootWeb(Object(Config\Paths))
 7 SYSTEMPATH\rewrite.php(44): require_once('C:\\xampp\\htdocs\\LadyAndalSchool\\public\\index.php')
CRITICAL - 2024-11-15 07:08:24 --> Error: Class "App\Controllers\FaqModel" not found
[Method: GET, Route: faq]
in APPPATH\Controllers\Index.php on line 68.
 1 SYSTEMPATH\CodeIgniter.php(933): App\Controllers\Index->faq()
 2 SYSTEMPATH\CodeIgniter.php(509): CodeIgniter\CodeIgniter->runController(Object(App\Controllers\Index))
 3 SYSTEMPATH\CodeIgniter.php(355): CodeIgniter\CodeIgniter->handleRequest(null, Object(Config\Cache), false)
 4 SYSTEMPATH\Boot.php(325): CodeIgniter\CodeIgniter->run()
 5 SYSTEMPATH\Boot.php(67): CodeIgniter\Boot::runCodeIgniter(Object(CodeIgniter\CodeIgniter))
 6 FCPATH\index.php(56): CodeIgniter\Boot::bootWeb(Object(Config\Paths))
 7 SYSTEMPATH\rewrite.php(44): require_once('C:\\xampp\\htdocs\\LadyAndalSchool\\public\\index.php')
CRITICAL - 2024-11-15 07:09:39 --> Error: Class "App\Controllers\FaqModel" not found
[Method: GET, Route: faq]
in APPPATH\Controllers\Index.php on line 68.
 1 SYSTEMPATH\CodeIgniter.php(933): App\Controllers\Index->faq()
 2 SYSTEMPATH\CodeIgniter.php(509): CodeIgniter\CodeIgniter->runController(Object(App\Controllers\Index))
 3 SYSTEMPATH\CodeIgniter.php(355): CodeIgniter\CodeIgniter->handleRequest(null, Object(Config\Cache), false)
 4 SYSTEMPATH\Boot.php(325): CodeIgniter\CodeIgniter->run()
 5 SYSTEMPATH\Boot.php(67): CodeIgniter\Boot::runCodeIgniter(Object(CodeIgniter\CodeIgniter))
 6 FCPATH\index.php(56): CodeIgniter\Boot::bootWeb(Object(Config\Paths))
 7 SYSTEMPATH\rewrite.php(44): require_once('C:\\xampp\\htdocs\\LadyAndalSchool\\public\\index.php')
CRITICAL - 2024-11-15 10:42:14 --> ParseError: syntax error, unexpected token "else", expecting end of file
[Method: GET, Route: adm1n/event-list]
in APPPATH\Views\event-index.php on line 190.
 1 SYSTEMPATH\View\View.php(237): CodeIgniter\View\View->CodeIgniter\View\{closure}()
 2 SYSTEMPATH\Common.php(1171): CodeIgniter\View\View->render('event-index', [], true)
 3 APPPATH\Controllers\EventController.php(42): view('event-index', [...])
 4 SYSTEMPATH\CodeIgniter.php(933): App\Controllers\EventController->index()
 5 SYSTEMPATH\CodeIgniter.php(509): CodeIgniter\CodeIgniter->runController(Object(App\Controllers\EventController))
 6 SYSTEMPATH\CodeIgniter.php(355): CodeIgniter\CodeIgniter->handleRequest(null, Object(Config\Cache), false)
 7 SYSTEMPATH\Boot.php(325): CodeIgniter\CodeIgniter->run()
 8 SYSTEMPATH\Boot.php(67): CodeIgniter\Boot::runCodeIgniter(Object(CodeIgniter\CodeIgniter))
 9 FCPATH\index.php(56): CodeIgniter\Boot::bootWeb(Object(Config\Paths))
10 SYSTEMPATH\rewrite.php(44): require_once('C:\\xampp\\htdocs\\LadyAndalSchool\\public\\index.php')
