CRITICAL - 2024-11-21 02:40:04 --> ErrorException: Undefined array key "school_name"
[Method: POST, Route: career-details]
in APPPATH\Views\career-details.php on line 25.
 1 APPPATH\Views\career-details.php(25): CodeIgniter\Debug\Exceptions->errorHandler(2, 'Undefined array key "school_name"', 'C:\\xampp\\htdocs\\LadyAndalSchool\\app\\Views\\career-details.php', 25)
 2 SYSTEMPATH\View\View.php(234): include('C:\\xampp\\htdocs\\LadyAndalSchool\\app\\Views\\career-details.php')
 3 SYSTEMPATH\View\View.php(237): CodeIgniter\View\View->CodeIgniter\View\{closure}()
 4 SYSTEMPATH\Common.php(1171): CodeIgniter\View\View->render('career-details', [], true)
 5 APPPATH\Controllers\Careers.php(108): view('career-details', [...])
 6 SYSTEMPATH\CodeIgniter.php(933): App\Controllers\Careers->careerDetails()
 7 SYSTEMPATH\CodeIgniter.php(509): CodeIgniter\CodeIgniter->runController(Object(App\Controllers\Careers))
 8 SYSTEMPATH\CodeIgniter.php(355): CodeIgniter\CodeIgniter->handleRequest(null, Object(Config\Cache), false)
 9 SYSTEMPATH\Boot.php(325): CodeIgniter\CodeIgniter->run()
10 SYSTEMPATH\Boot.php(67): CodeIgniter\Boot::runCodeIgniter(Object(CodeIgniter\CodeIgniter))
11 FCPATH\index.php(56): CodeIgniter\Boot::bootWeb(Object(Config\Paths))
12 SYSTEMPATH\rewrite.php(44): require_once('C:\\xampp\\htdocs\\LadyAndalSchool\\public\\index.php')
CRITICAL - 2024-11-21 02:40:10 --> ErrorException: Undefined array key "school_name"
[Method: POST, Route: career-details]
in APPPATH\Views\career-details.php on line 25.
 1 APPPATH\Views\career-details.php(25): CodeIgniter\Debug\Exceptions->errorHandler(2, 'Undefined array key "school_name"', 'C:\\xampp\\htdocs\\LadyAndalSchool\\app\\Views\\career-details.php', 25)
 2 SYSTEMPATH\View\View.php(234): include('C:\\xampp\\htdocs\\LadyAndalSchool\\app\\Views\\career-details.php')
 3 SYSTEMPATH\View\View.php(237): CodeIgniter\View\View->CodeIgniter\View\{closure}()
 4 SYSTEMPATH\Common.php(1171): CodeIgniter\View\View->render('career-details', [], true)
 5 APPPATH\Controllers\Careers.php(108): view('career-details', [...])
 6 SYSTEMPATH\CodeIgniter.php(933): App\Controllers\Careers->careerDetails()
 7 SYSTEMPATH\CodeIgniter.php(509): CodeIgniter\CodeIgniter->runController(Object(App\Controllers\Careers))
 8 SYSTEMPATH\CodeIgniter.php(355): CodeIgniter\CodeIgniter->handleRequest(null, Object(Config\Cache), false)
 9 SYSTEMPATH\Boot.php(325): CodeIgniter\CodeIgniter->run()
10 SYSTEMPATH\Boot.php(67): CodeIgniter\Boot::runCodeIgniter(Object(CodeIgniter\CodeIgniter))
11 FCPATH\index.php(56): CodeIgniter\Boot::bootWeb(Object(Config\Paths))
12 SYSTEMPATH\rewrite.php(44): require_once('C:\\xampp\\htdocs\\LadyAndalSchool\\public\\index.php')
CRITICAL - 2024-11-21 02:41:56 --> ErrorException: Undefined array key "responsibilities"
[Method: POST, Route: career-details]
in APPPATH\Views\career-details.php on line 56.
 1 APPPATH\Views\career-details.php(56): CodeIgniter\Debug\Exceptions->errorHandler(2, 'Undefined array key "responsibilities"', 'C:\\xampp\\htdocs\\LadyAndalSchool\\app\\Views\\career-details.php', 56)
 2 SYSTEMPATH\View\View.php(234): include('C:\\xampp\\htdocs\\LadyAndalSchool\\app\\Views\\career-details.php')
 3 SYSTEMPATH\View\View.php(237): CodeIgniter\View\View->CodeIgniter\View\{closure}()
 4 SYSTEMPATH\Common.php(1171): CodeIgniter\View\View->render('career-details', [], true)
 5 APPPATH\Controllers\Careers.php(108): view('career-details', [...])
 6 SYSTEMPATH\CodeIgniter.php(933): App\Controllers\Careers->careerDetails()
 7 SYSTEMPATH\CodeIgniter.php(509): CodeIgniter\CodeIgniter->runController(Object(App\Controllers\Careers))
 8 SYSTEMPATH\CodeIgniter.php(355): CodeIgniter\CodeIgniter->handleRequest(null, Object(Config\Cache), false)
 9 SYSTEMPATH\Boot.php(325): CodeIgniter\CodeIgniter->run()
10 SYSTEMPATH\Boot.php(67): CodeIgniter\Boot::runCodeIgniter(Object(CodeIgniter\CodeIgniter))
11 FCPATH\index.php(56): CodeIgniter\Boot::bootWeb(Object(Config\Paths))
12 SYSTEMPATH\rewrite.php(44): require_once('C:\\xampp\\htdocs\\LadyAndalSchool\\public\\index.php')
CRITICAL - 2024-11-21 07:08:11 --> ParseError: syntax error, unexpected token "else", expecting end of file
[Method: GET, Route: adm1n/event-list]
in APPPATH\Views\event-index.php on line 190.
 1 SYSTEMPATH\View\View.php(237): CodeIgniter\View\View->CodeIgniter\View\{closure}()
 2 SYSTEMPATH\Common.php(1171): CodeIgniter\View\View->render('event-index', [], true)
 3 APPPATH\Controllers\EventController.php(42): view('event-index', [...])
 4 SYSTEMPATH\CodeIgniter.php(933): App\Controllers\EventController->index()
 5 SYSTEMPATH\CodeIgniter.php(509): CodeIgniter\CodeIgniter->runController(Object(App\Controllers\EventController))
 6 SYSTEMPATH\CodeIgniter.php(355): CodeIgniter\CodeIgniter->handleRequest(null, Object(Config\Cache), false)
 7 SYSTEMPATH\Boot.php(325): CodeIgniter\CodeIgniter->run()
 8 SYSTEMPATH\Boot.php(67): CodeIgniter\Boot::runCodeIgniter(Object(CodeIgniter\CodeIgniter))
 9 FCPATH\index.php(56): CodeIgniter\Boot::bootWeb(Object(Config\Paths))
10 SYSTEMPATH\rewrite.php(44): require_once('C:\\xampp\\htdocs\\LadyAndalSchool\\public\\index.php')
CRITICAL - 2024-11-21 09:12:09 --> ErrorException: Declaration of App\Models\EventModel::paginate($perPage = 10, $group = 'default', $page = 1) must be compatible with CodeIgniter\BaseModel::paginate(?int $perPage = null, string $group = 'default', ?int $page = null, int $segment = 0)
[Method: GET, Route: adm1n/event-list]
in APPPATH\Models\EventModel.php on line 24.
 1 [internal function]: CodeIgniter\Debug\Exceptions->shutdownHandler()
CRITICAL - 2024-11-21 11:40:08 --> ParseError: syntax error, unexpected token "endif", expecting end of file
[Method: GET, Route: student-life]
in APPPATH\Views\student-life.php on line 40.
 1 SYSTEMPATH\View\View.php(237): CodeIgniter\View\View->CodeIgniter\View\{closure}()
 2 SYSTEMPATH\Common.php(1171): CodeIgniter\View\View->render('student-life', [], true)
 3 APPPATH\Controllers\Index.php(41): view('student-life', [...])
 4 SYSTEMPATH\CodeIgniter.php(933): App\Controllers\Index->studentLife()
 5 SYSTEMPATH\CodeIgniter.php(509): CodeIgniter\CodeIgniter->runController(Object(App\Controllers\Index))
 6 SYSTEMPATH\CodeIgniter.php(355): CodeIgniter\CodeIgniter->handleRequest(null, Object(Config\Cache), false)
 7 SYSTEMPATH\Boot.php(325): CodeIgniter\CodeIgniter->run()
 8 SYSTEMPATH\Boot.php(67): CodeIgniter\Boot::runCodeIgniter(Object(CodeIgniter\CodeIgniter))
 9 FCPATH\index.php(56): CodeIgniter\Boot::bootWeb(Object(Config\Paths))
10 SYSTEMPATH\rewrite.php(44): require_once('C:\\xampp\\htdocs\\LadyAndalSchool\\public\\index.php')
ERROR - 2024-11-21 11:41:51 --> VideoBanner is not set or null.
ERROR - 2024-11-21 11:56:36 --> VideoBanner is not set or null.
