CRITICAL - 2024-11-12 11:53:15 --> ErrorException: Undefined variable $page_title
[Method: GET, Route: careers]
in APPPATH\Views\header.php on line 6.
 1 APPPATH\Views\header.php(6): CodeIgniter\Debug\Exceptions->errorHandler(2, 'Undefined variable $page_title', 'C:\\xampp\\htdocs\\Codeigniter\\app\\Views\\header.php', 6)
 2 SYSTEMPATH\View\View.php(234): include('C:\\xampp\\htdocs\\Codeigniter\\app\\Views\\header.php')
 3 SYSTEMPATH\View\View.php(237): CodeIgniter\View\View->CodeIgniter\View\{closure}()
 4 SYSTEMPATH\Common.php(1171): CodeIgniter\View\View->render('header', [], true)
 5 APPPATH\Controllers\Careers.php(14): view('header')
 6 SYSTEMPATH\CodeIgniter.php(933): App\Controllers\Careers->index()
 7 SYSTEMPATH\CodeIgniter.php(509): CodeIgniter\CodeIgniter->runController(Object(App\Controllers\Careers))
 8 SYSTEMPATH\CodeIgniter.php(355): CodeIgniter\CodeIgniter->handleRequest(null, Object(Config\Cache), false)
 9 SYSTEMPATH\Boot.php(325): CodeIgniter\CodeIgniter->run()
10 SYSTEMPATH\Boot.php(67): CodeIgniter\Boot::runCodeIgniter(Object(CodeIgniter\CodeIgniter))
11 FCPATH\index.php(56): CodeIgniter\Boot::bootWeb(Object(Config\Paths))
12 SYSTEMPATH\rewrite.php(44): require_once('C:\\xampp\\htdocs\\Codeigniter\\public\\index.php')
CRITICAL - 2024-11-12 11:54:31 --> ErrorException: Undefined variable $page_title
[Method: GET, Route: documents]
in APPPATH\Views\header.php on line 6.
 1 APPPATH\Views\header.php(6): CodeIgniter\Debug\Exceptions->errorHandler(2, 'Undefined variable $page_title', 'C:\\xampp\\htdocs\\Codeigniter\\app\\Views\\header.php', 6)
 2 SYSTEMPATH\View\View.php(234): include('C:\\xampp\\htdocs\\Codeigniter\\app\\Views\\header.php')
 3 SYSTEMPATH\View\View.php(237): CodeIgniter\View\View->CodeIgniter\View\{closure}()
 4 SYSTEMPATH\Common.php(1171): CodeIgniter\View\View->render('header', [], true)
 5 APPPATH\Controllers\Documents.php(14): view('header')
 6 SYSTEMPATH\CodeIgniter.php(933): App\Controllers\Documents->index()
 7 SYSTEMPATH\CodeIgniter.php(509): CodeIgniter\CodeIgniter->runController(Object(App\Controllers\Documents))
 8 SYSTEMPATH\CodeIgniter.php(355): CodeIgniter\CodeIgniter->handleRequest(null, Object(Config\Cache), false)
 9 SYSTEMPATH\Boot.php(325): CodeIgniter\CodeIgniter->run()
10 SYSTEMPATH\Boot.php(67): CodeIgniter\Boot::runCodeIgniter(Object(CodeIgniter\CodeIgniter))
11 FCPATH\index.php(56): CodeIgniter\Boot::bootWeb(Object(Config\Paths))
12 SYSTEMPATH\rewrite.php(44): require_once('C:\\xampp\\htdocs\\Codeigniter\\public\\index.php')
CRITICAL - 2024-11-12 11:54:32 --> ErrorException: Undefined variable $page_title
[Method: GET, Route: news-events]
in APPPATH\Views\header.php on line 6.
 1 APPPATH\Views\header.php(6): CodeIgniter\Debug\Exceptions->errorHandler(2, 'Undefined variable $page_title', 'C:\\xampp\\htdocs\\Codeigniter\\app\\Views\\header.php', 6)
 2 SYSTEMPATH\View\View.php(234): include('C:\\xampp\\htdocs\\Codeigniter\\app\\Views\\header.php')
 3 SYSTEMPATH\View\View.php(237): CodeIgniter\View\View->CodeIgniter\View\{closure}()
 4 SYSTEMPATH\Common.php(1171): CodeIgniter\View\View->render('header', [], true)
 5 APPPATH\Controllers\NewsEvents.php(14): view('header')
 6 SYSTEMPATH\CodeIgniter.php(933): App\Controllers\NewsEvents->index()
 7 SYSTEMPATH\CodeIgniter.php(509): CodeIgniter\CodeIgniter->runController(Object(App\Controllers\NewsEvents))
 8 SYSTEMPATH\CodeIgniter.php(355): CodeIgniter\CodeIgniter->handleRequest(null, Object(Config\Cache), false)
 9 SYSTEMPATH\Boot.php(325): CodeIgniter\CodeIgniter->run()
10 SYSTEMPATH\Boot.php(67): CodeIgniter\Boot::runCodeIgniter(Object(CodeIgniter\CodeIgniter))
11 FCPATH\index.php(56): CodeIgniter\Boot::bootWeb(Object(Config\Paths))
12 SYSTEMPATH\rewrite.php(44): require_once('C:\\xampp\\htdocs\\Codeigniter\\public\\index.php')
CRITICAL - 2024-11-12 11:54:34 --> ErrorException: Undefined variable $page_title
[Method: GET, Route: learning-dp]
in APPPATH\Views\header.php on line 6.
 1 APPPATH\Views\header.php(6): CodeIgniter\Debug\Exceptions->errorHandler(2, 'Undefined variable $page_title', 'C:\\xampp\\htdocs\\Codeigniter\\app\\Views\\header.php', 6)
 2 SYSTEMPATH\View\View.php(234): include('C:\\xampp\\htdocs\\Codeigniter\\app\\Views\\header.php')
 3 SYSTEMPATH\View\View.php(237): CodeIgniter\View\View->CodeIgniter\View\{closure}()
 4 SYSTEMPATH\Common.php(1171): CodeIgniter\View\View->render('header', [], true)
 5 APPPATH\Controllers\Learning.php(46): view('header')
 6 SYSTEMPATH\CodeIgniter.php(933): App\Controllers\Learning->learningDp()
 7 SYSTEMPATH\CodeIgniter.php(509): CodeIgniter\CodeIgniter->runController(Object(App\Controllers\Learning))
 8 SYSTEMPATH\CodeIgniter.php(355): CodeIgniter\CodeIgniter->handleRequest(null, Object(Config\Cache), false)
 9 SYSTEMPATH\Boot.php(325): CodeIgniter\CodeIgniter->run()
10 SYSTEMPATH\Boot.php(67): CodeIgniter\Boot::runCodeIgniter(Object(CodeIgniter\CodeIgniter))
11 FCPATH\index.php(56): CodeIgniter\Boot::bootWeb(Object(Config\Paths))
12 SYSTEMPATH\rewrite.php(44): require_once('C:\\xampp\\htdocs\\Codeigniter\\public\\index.php')
CRITICAL - 2024-11-12 11:54:35 --> ErrorException: Undefined variable $page_title
[Method: GET, Route: learning]
in APPPATH\Views\header.php on line 6.
 1 APPPATH\Views\header.php(6): CodeIgniter\Debug\Exceptions->errorHandler(2, 'Undefined variable $page_title', 'C:\\xampp\\htdocs\\Codeigniter\\app\\Views\\header.php', 6)
 2 SYSTEMPATH\View\View.php(234): include('C:\\xampp\\htdocs\\Codeigniter\\app\\Views\\header.php')
 3 SYSTEMPATH\View\View.php(237): CodeIgniter\View\View->CodeIgniter\View\{closure}()
 4 SYSTEMPATH\Common.php(1171): CodeIgniter\View\View->render('header', [], true)
 5 APPPATH\Controllers\Learning.php(14): view('header')
 6 SYSTEMPATH\CodeIgniter.php(933): App\Controllers\Learning->index()
 7 SYSTEMPATH\CodeIgniter.php(509): CodeIgniter\CodeIgniter->runController(Object(App\Controllers\Learning))
 8 SYSTEMPATH\CodeIgniter.php(355): CodeIgniter\CodeIgniter->handleRequest(null, Object(Config\Cache), false)
 9 SYSTEMPATH\Boot.php(325): CodeIgniter\CodeIgniter->run()
10 SYSTEMPATH\Boot.php(67): CodeIgniter\Boot::runCodeIgniter(Object(CodeIgniter\CodeIgniter))
11 FCPATH\index.php(56): CodeIgniter\Boot::bootWeb(Object(Config\Paths))
12 SYSTEMPATH\rewrite.php(44): require_once('C:\\xampp\\htdocs\\Codeigniter\\public\\index.php')
CRITICAL - 2024-11-12 11:54:36 --> ErrorException: Undefined variable $page_title
[Method: GET, Route: about]
in APPPATH\Views\header.php on line 6.
 1 APPPATH\Views\header.php(6): CodeIgniter\Debug\Exceptions->errorHandler(2, 'Undefined variable $page_title', 'C:\\xampp\\htdocs\\Codeigniter\\app\\Views\\header.php', 6)
 2 SYSTEMPATH\View\View.php(234): include('C:\\xampp\\htdocs\\Codeigniter\\app\\Views\\header.php')
 3 SYSTEMPATH\View\View.php(237): CodeIgniter\View\View->CodeIgniter\View\{closure}()
 4 SYSTEMPATH\Common.php(1171): CodeIgniter\View\View->render('header', [], true)
 5 APPPATH\Controllers\About.php(14): view('header')
 6 SYSTEMPATH\CodeIgniter.php(933): App\Controllers\About->index()
 7 SYSTEMPATH\CodeIgniter.php(509): CodeIgniter\CodeIgniter->runController(Object(App\Controllers\About))
 8 SYSTEMPATH\CodeIgniter.php(355): CodeIgniter\CodeIgniter->handleRequest(null, Object(Config\Cache), false)
 9 SYSTEMPATH\Boot.php(325): CodeIgniter\CodeIgniter->run()
10 SYSTEMPATH\Boot.php(67): CodeIgniter\Boot::runCodeIgniter(Object(CodeIgniter\CodeIgniter))
11 FCPATH\index.php(56): CodeIgniter\Boot::bootWeb(Object(Config\Paths))
12 SYSTEMPATH\rewrite.php(44): require_once('C:\\xampp\\htdocs\\Codeigniter\\public\\index.php')
CRITICAL - 2024-11-12 12:04:33 --> ErrorException: Undefined variable $page_code
[Method: GET, Route: about]
in APPPATH\Views\footer.php on line 117.
 1 APPPATH\Views\footer.php(117): CodeIgniter\Debug\Exceptions->errorHandler(2, 'Undefined variable $page_code', 'C:\\xampp\\htdocs\\Codeigniter\\app\\Views\\footer.php', 117)
 2 SYSTEMPATH\View\View.php(234): include('C:\\xampp\\htdocs\\Codeigniter\\app\\Views\\footer.php')
 3 SYSTEMPATH\View\View.php(237): CodeIgniter\View\View->CodeIgniter\View\{closure}()
 4 SYSTEMPATH\Common.php(1171): CodeIgniter\View\View->render('footer', [], true)
 5 APPPATH\Controllers\About.php(14): view('footer')
 6 SYSTEMPATH\CodeIgniter.php(933): App\Controllers\About->index()
 7 SYSTEMPATH\CodeIgniter.php(509): CodeIgniter\CodeIgniter->runController(Object(App\Controllers\About))
 8 SYSTEMPATH\CodeIgniter.php(355): CodeIgniter\CodeIgniter->handleRequest(null, Object(Config\Cache), false)
 9 SYSTEMPATH\Boot.php(325): CodeIgniter\CodeIgniter->run()
10 SYSTEMPATH\Boot.php(67): CodeIgniter\Boot::runCodeIgniter(Object(CodeIgniter\CodeIgniter))
11 FCPATH\index.php(56): CodeIgniter\Boot::bootWeb(Object(Config\Paths))
12 SYSTEMPATH\rewrite.php(44): require_once('C:\\xampp\\htdocs\\Codeigniter\\public\\index.php')
CRITICAL - 2024-11-12 12:30:36 --> ErrorException: Undefined variable $page_code
[Method: GET, Route: career]
in APPPATH\Views\footer.php on line 117.
 1 APPPATH\Views\footer.php(117): CodeIgniter\Debug\Exceptions->errorHandler(2, 'Undefined variable $page_code', 'C:\\xampp\\htdocs\\Codeigniter\\app\\Views\\footer.php', 117)
 2 SYSTEMPATH\View\View.php(234): include('C:\\xampp\\htdocs\\Codeigniter\\app\\Views\\footer.php')
 3 SYSTEMPATH\View\View.php(237): CodeIgniter\View\View->CodeIgniter\View\{closure}()
 4 SYSTEMPATH\Common.php(1171): CodeIgniter\View\View->render('footer', [], true)
 5 APPPATH\Controllers\Careers.php(14): view('footer')
 6 SYSTEMPATH\CodeIgniter.php(933): App\Controllers\Careers->index()
 7 SYSTEMPATH\CodeIgniter.php(509): CodeIgniter\CodeIgniter->runController(Object(App\Controllers\Careers))
 8 SYSTEMPATH\CodeIgniter.php(355): CodeIgniter\CodeIgniter->handleRequest(null, Object(Config\Cache), false)
 9 SYSTEMPATH\Boot.php(325): CodeIgniter\CodeIgniter->run()
10 SYSTEMPATH\Boot.php(67): CodeIgniter\Boot::runCodeIgniter(Object(CodeIgniter\CodeIgniter))
11 FCPATH\index.php(56): CodeIgniter\Boot::bootWeb(Object(Config\Paths))
12 SYSTEMPATH\rewrite.php(44): require_once('C:\\xampp\\htdocs\\Codeigniter\\public\\index.php')
