ERROR - 2024-11-16 05:30:56 --> Error connecting to the database: mysqli_sql_exception: No connection could be made because the target machine actively refused it in C:\xampp\htdocs\LadyAndalSchool\vendor\codeigniter4\framework\system\Database\MySQLi\Connection.php:186
Stack trace:
#0 C:\xampp\htdocs\LadyAndalSchool\vendor\codeigniter4\framework\system\Database\MySQLi\Connection.php(186): mysqli->real_connect('localhost', 'root', Object(SensitiveParameterValue), 'ladyandalschool', 3306, '', 0)
#1 C:\xampp\htdocs\LadyAndalSchool\vendor\codeigniter4\framework\system\Database\BaseConnection.php(421): CodeIgniter\Database\MySQLi\Connection->connect(false)
#2 C:\xampp\htdocs\LadyAndalSchool\vendor\codeigniter4\framework\system\Database\BaseConnection.php(616): CodeIgniter\Database\BaseConnection->initialize()
#3 C:\xampp\htdocs\LadyAndalSchool\vendor\codeigniter4\framework\system\Database\BaseBuilder.php(1644): CodeIgniter\Database\BaseConnection->query('SELECT *\nFROM `...', Array, false)
#4 C:\xampp\htdocs\LadyAndalSchool\vendor\codeigniter4\framework\system\Model.php(286): CodeIgniter\Database\BaseBuilder->get()
#5 C:\xampp\htdocs\LadyAndalSchool\vendor\codeigniter4\framework\system\BaseModel.php(676): CodeIgniter\Model->doFindAll(0, 0)
#6 C:\xampp\htdocs\LadyAndalSchool\app\Controllers\Index.php(16): CodeIgniter\BaseModel->findAll()
#7 C:\xampp\htdocs\LadyAndalSchool\vendor\codeigniter4\framework\system\CodeIgniter.php(933): App\Controllers\Index->index()
#8 C:\xampp\htdocs\LadyAndalSchool\vendor\codeigniter4\framework\system\CodeIgniter.php(509): CodeIgniter\CodeIgniter->runController(Object(App\Controllers\Index))
#9 C:\xampp\htdocs\LadyAndalSchool\vendor\codeigniter4\framework\system\CodeIgniter.php(355): CodeIgniter\CodeIgniter->handleRequest(NULL, Object(Config\Cache), false)
#10 C:\xampp\htdocs\LadyAndalSchool\vendor\codeigniter4\framework\system\Boot.php(325): CodeIgniter\CodeIgniter->run()
#11 C:\xampp\htdocs\LadyAndalSchool\vendor\codeigniter4\framework\system\Boot.php(67): CodeIgniter\Boot::runCodeIgniter(Object(CodeIgniter\CodeIgniter))
#12 C:\xampp\htdocs\LadyAndalSchool\public\index.php(56): CodeIgniter\Boot::bootWeb(Object(Config\Paths))
#13 C:\xampp\htdocs\LadyAndalSchool\vendor\codeigniter4\framework\system\rewrite.php(44): require_once('C:\\xampp\\htdocs...')
#14 {main}

Next CodeIgniter\Database\Exceptions\DatabaseException: No connection could be made because the target machine actively refused it in C:\xampp\htdocs\LadyAndalSchool\vendor\codeigniter4\framework\system\Database\MySQLi\Connection.php:231
Stack trace:
#0 C:\xampp\htdocs\LadyAndalSchool\vendor\codeigniter4\framework\system\Database\BaseConnection.php(421): CodeIgniter\Database\MySQLi\Connection->connect(false)
#1 C:\xampp\htdocs\LadyAndalSchool\vendor\codeigniter4\framework\system\Database\BaseConnection.php(616): CodeIgniter\Database\BaseConnection->initialize()
#2 C:\xampp\htdocs\LadyAndalSchool\vendor\codeigniter4\framework\system\Database\BaseBuilder.php(1644): CodeIgniter\Database\BaseConnection->query('SELECT *\nFROM `...', Array, false)
#3 C:\xampp\htdocs\LadyAndalSchool\vendor\codeigniter4\framework\system\Model.php(286): CodeIgniter\Database\BaseBuilder->get()
#4 C:\xampp\htdocs\LadyAndalSchool\vendor\codeigniter4\framework\system\BaseModel.php(676): CodeIgniter\Model->doFindAll(0, 0)
#5 C:\xampp\htdocs\LadyAndalSchool\app\Controllers\Index.php(16): CodeIgniter\BaseModel->findAll()
#6 C:\xampp\htdocs\LadyAndalSchool\vendor\codeigniter4\framework\system\CodeIgniter.php(933): App\Controllers\Index->index()
#7 C:\xampp\htdocs\LadyAndalSchool\vendor\codeigniter4\framework\system\CodeIgniter.php(509): CodeIgniter\CodeIgniter->runController(Object(App\Controllers\Index))
#8 C:\xampp\htdocs\LadyAndalSchool\vendor\codeigniter4\framework\system\CodeIgniter.php(355): CodeIgniter\CodeIgniter->handleRequest(NULL, Object(Config\Cache), false)
#9 C:\xampp\htdocs\LadyAndalSchool\vendor\codeigniter4\framework\system\Boot.php(325): CodeIgniter\CodeIgniter->run()
#10 C:\xampp\htdocs\LadyAndalSchool\vendor\codeigniter4\framework\system\Boot.php(67): CodeIgniter\Boot::runCodeIgniter(Object(CodeIgniter\CodeIgniter))
#11 C:\xampp\htdocs\LadyAndalSchool\public\index.php(56): CodeIgniter\Boot::bootWeb(Object(Config\Paths))
#12 C:\xampp\htdocs\LadyAndalSchool\vendor\codeigniter4\framework\system\rewrite.php(44): require_once('C:\\xampp\\htdocs...')
#13 {main}
CRITICAL - 2024-11-16 05:30:56 --> CodeIgniter\Database\Exceptions\DatabaseException: Unable to connect to the database.
Main connection [MySQLi]: No connection could be made because the target machine actively refused it
[Method: GET, Route: /]
in SYSTEMPATH\Database\BaseConnection.php on line 467.
 1 SYSTEMPATH\Database\BaseConnection.php(616): CodeIgniter\Database\BaseConnection->initialize()
 2 SYSTEMPATH\Database\BaseBuilder.php(1644): CodeIgniter\Database\BaseConnection->query('SELECT *
FROM `banners`
WHERE `page` = :page:
AND `is_published` = :is_published:
ORDER BY `sort_order` ASC', [...], false)
 3 SYSTEMPATH\Model.php(286): CodeIgniter\Database\BaseBuilder->get()
 4 SYSTEMPATH\BaseModel.php(676): CodeIgniter\Model->doFindAll(0, 0)
 5 APPPATH\Controllers\Index.php(16): CodeIgniter\BaseModel->findAll()
 6 SYSTEMPATH\CodeIgniter.php(933): App\Controllers\Index->index()
 7 SYSTEMPATH\CodeIgniter.php(509): CodeIgniter\CodeIgniter->runController(Object(App\Controllers\Index))
 8 SYSTEMPATH\CodeIgniter.php(355): CodeIgniter\CodeIgniter->handleRequest(null, Object(Config\Cache), false)
 9 SYSTEMPATH\Boot.php(325): CodeIgniter\CodeIgniter->run()
10 SYSTEMPATH\Boot.php(67): CodeIgniter\Boot::runCodeIgniter(Object(CodeIgniter\CodeIgniter))
11 FCPATH\index.php(56): CodeIgniter\Boot::bootWeb(Object(Config\Paths))
12 SYSTEMPATH\rewrite.php(44): require_once('C:\\xampp\\htdocs\\LadyAndalSchool\\public\\index.php')
ERROR - 2024-11-16 05:31:40 --> Error connecting to the database: mysqli_sql_exception: No connection could be made because the target machine actively refused it in C:\xampp\htdocs\LadyAndalSchool\vendor\codeigniter4\framework\system\Database\MySQLi\Connection.php:186
Stack trace:
#0 C:\xampp\htdocs\LadyAndalSchool\vendor\codeigniter4\framework\system\Database\MySQLi\Connection.php(186): mysqli->real_connect('localhost', 'root', Object(SensitiveParameterValue), 'ladyandalschool', 3306, '', 0)
#1 C:\xampp\htdocs\LadyAndalSchool\vendor\codeigniter4\framework\system\Database\BaseConnection.php(421): CodeIgniter\Database\MySQLi\Connection->connect(false)
#2 C:\xampp\htdocs\LadyAndalSchool\vendor\codeigniter4\framework\system\Database\BaseConnection.php(616): CodeIgniter\Database\BaseConnection->initialize()
#3 C:\xampp\htdocs\LadyAndalSchool\vendor\codeigniter4\framework\system\Database\BaseBuilder.php(1782): CodeIgniter\Database\BaseConnection->query('SELECT *\nFROM `...', Array, false)
#4 C:\xampp\htdocs\LadyAndalSchool\app\Controllers\Auth.php(21): CodeIgniter\Database\BaseBuilder->getWhere(Array)
#5 C:\xampp\htdocs\LadyAndalSchool\vendor\codeigniter4\framework\system\CodeIgniter.php(933): App\Controllers\Auth->logincheck()
#6 C:\xampp\htdocs\LadyAndalSchool\vendor\codeigniter4\framework\system\CodeIgniter.php(509): CodeIgniter\CodeIgniter->runController(Object(App\Controllers\Auth))
#7 C:\xampp\htdocs\LadyAndalSchool\vendor\codeigniter4\framework\system\CodeIgniter.php(355): CodeIgniter\CodeIgniter->handleRequest(NULL, Object(Config\Cache), false)
#8 C:\xampp\htdocs\LadyAndalSchool\vendor\codeigniter4\framework\system\Boot.php(325): CodeIgniter\CodeIgniter->run()
#9 C:\xampp\htdocs\LadyAndalSchool\vendor\codeigniter4\framework\system\Boot.php(67): CodeIgniter\Boot::runCodeIgniter(Object(CodeIgniter\CodeIgniter))
#10 C:\xampp\htdocs\LadyAndalSchool\public\index.php(56): CodeIgniter\Boot::bootWeb(Object(Config\Paths))
#11 C:\xampp\htdocs\LadyAndalSchool\vendor\codeigniter4\framework\system\rewrite.php(44): require_once('C:\\xampp\\htdocs...')
#12 {main}

Next CodeIgniter\Database\Exceptions\DatabaseException: No connection could be made because the target machine actively refused it in C:\xampp\htdocs\LadyAndalSchool\vendor\codeigniter4\framework\system\Database\MySQLi\Connection.php:231
Stack trace:
#0 C:\xampp\htdocs\LadyAndalSchool\vendor\codeigniter4\framework\system\Database\BaseConnection.php(421): CodeIgniter\Database\MySQLi\Connection->connect(false)
#1 C:\xampp\htdocs\LadyAndalSchool\vendor\codeigniter4\framework\system\Database\BaseConnection.php(616): CodeIgniter\Database\BaseConnection->initialize()
#2 C:\xampp\htdocs\LadyAndalSchool\vendor\codeigniter4\framework\system\Database\BaseBuilder.php(1782): CodeIgniter\Database\BaseConnection->query('SELECT *\nFROM `...', Array, false)
#3 C:\xampp\htdocs\LadyAndalSchool\app\Controllers\Auth.php(21): CodeIgniter\Database\BaseBuilder->getWhere(Array)
#4 C:\xampp\htdocs\LadyAndalSchool\vendor\codeigniter4\framework\system\CodeIgniter.php(933): App\Controllers\Auth->logincheck()
#5 C:\xampp\htdocs\LadyAndalSchool\vendor\codeigniter4\framework\system\CodeIgniter.php(509): CodeIgniter\CodeIgniter->runController(Object(App\Controllers\Auth))
#6 C:\xampp\htdocs\LadyAndalSchool\vendor\codeigniter4\framework\system\CodeIgniter.php(355): CodeIgniter\CodeIgniter->handleRequest(NULL, Object(Config\Cache), false)
#7 C:\xampp\htdocs\LadyAndalSchool\vendor\codeigniter4\framework\system\Boot.php(325): CodeIgniter\CodeIgniter->run()
#8 C:\xampp\htdocs\LadyAndalSchool\vendor\codeigniter4\framework\system\Boot.php(67): CodeIgniter\Boot::runCodeIgniter(Object(CodeIgniter\CodeIgniter))
#9 C:\xampp\htdocs\LadyAndalSchool\public\index.php(56): CodeIgniter\Boot::bootWeb(Object(Config\Paths))
#10 C:\xampp\htdocs\LadyAndalSchool\vendor\codeigniter4\framework\system\rewrite.php(44): require_once('C:\\xampp\\htdocs...')
#11 {main}
CRITICAL - 2024-11-16 05:31:40 --> CodeIgniter\Database\Exceptions\DatabaseException: Unable to connect to the database.
Main connection [MySQLi]: No connection could be made because the target machine actively refused it
[Method: POST, Route: adm1n/loginCheck]
in SYSTEMPATH\Database\BaseConnection.php on line 467.
 1 SYSTEMPATH\Database\BaseConnection.php(616): CodeIgniter\Database\BaseConnection->initialize()
 2 SYSTEMPATH\Database\BaseBuilder.php(1782): CodeIgniter\Database\BaseConnection->query('SELECT *
FROM `users`
WHERE `email` = :email:', [...], false)
 3 APPPATH\Controllers\Auth.php(21): CodeIgniter\Database\BaseBuilder->getWhere([...])
 4 SYSTEMPATH\CodeIgniter.php(933): App\Controllers\Auth->logincheck()
 5 SYSTEMPATH\CodeIgniter.php(509): CodeIgniter\CodeIgniter->runController(Object(App\Controllers\Auth))
 6 SYSTEMPATH\CodeIgniter.php(355): CodeIgniter\CodeIgniter->handleRequest(null, Object(Config\Cache), false)
 7 SYSTEMPATH\Boot.php(325): CodeIgniter\CodeIgniter->run()
 8 SYSTEMPATH\Boot.php(67): CodeIgniter\Boot::runCodeIgniter(Object(CodeIgniter\CodeIgniter))
 9 FCPATH\index.php(56): CodeIgniter\Boot::bootWeb(Object(Config\Paths))
10 SYSTEMPATH\rewrite.php(44): require_once('C:\\xampp\\htdocs\\LadyAndalSchool\\public\\index.php')
ERROR - 2024-11-16 05:31:44 --> Error connecting to the database: mysqli_sql_exception: No connection could be made because the target machine actively refused it in C:\xampp\htdocs\LadyAndalSchool\vendor\codeigniter4\framework\system\Database\MySQLi\Connection.php:186
Stack trace:
#0 C:\xampp\htdocs\LadyAndalSchool\vendor\codeigniter4\framework\system\Database\MySQLi\Connection.php(186): mysqli->real_connect('localhost', 'root', Object(SensitiveParameterValue), 'ladyandalschool', 3306, '', 0)
#1 C:\xampp\htdocs\LadyAndalSchool\vendor\codeigniter4\framework\system\Database\BaseConnection.php(421): CodeIgniter\Database\MySQLi\Connection->connect(false)
#2 C:\xampp\htdocs\LadyAndalSchool\vendor\codeigniter4\framework\system\Database\BaseConnection.php(616): CodeIgniter\Database\BaseConnection->initialize()
#3 C:\xampp\htdocs\LadyAndalSchool\vendor\codeigniter4\framework\system\Database\BaseBuilder.php(1644): CodeIgniter\Database\BaseConnection->query('SELECT *\nFROM `...', Array, false)
#4 C:\xampp\htdocs\LadyAndalSchool\vendor\codeigniter4\framework\system\Model.php(286): CodeIgniter\Database\BaseBuilder->get()
#5 C:\xampp\htdocs\LadyAndalSchool\vendor\codeigniter4\framework\system\BaseModel.php(676): CodeIgniter\Model->doFindAll(0, 0)
#6 C:\xampp\htdocs\LadyAndalSchool\app\Controllers\Admission.php(31): CodeIgniter\BaseModel->findAll()
#7 C:\xampp\htdocs\LadyAndalSchool\vendor\codeigniter4\framework\system\CodeIgniter.php(933): App\Controllers\Admission->admissionForm()
#8 C:\xampp\htdocs\LadyAndalSchool\vendor\codeigniter4\framework\system\CodeIgniter.php(509): CodeIgniter\CodeIgniter->runController(Object(App\Controllers\Admission))
#9 C:\xampp\htdocs\LadyAndalSchool\vendor\codeigniter4\framework\system\CodeIgniter.php(355): CodeIgniter\CodeIgniter->handleRequest(NULL, Object(Config\Cache), false)
#10 C:\xampp\htdocs\LadyAndalSchool\vendor\codeigniter4\framework\system\Boot.php(325): CodeIgniter\CodeIgniter->run()
#11 C:\xampp\htdocs\LadyAndalSchool\vendor\codeigniter4\framework\system\Boot.php(67): CodeIgniter\Boot::runCodeIgniter(Object(CodeIgniter\CodeIgniter))
#12 C:\xampp\htdocs\LadyAndalSchool\public\index.php(56): CodeIgniter\Boot::bootWeb(Object(Config\Paths))
#13 C:\xampp\htdocs\LadyAndalSchool\vendor\codeigniter4\framework\system\rewrite.php(44): require_once('C:\\xampp\\htdocs...')
#14 {main}

Next CodeIgniter\Database\Exceptions\DatabaseException: No connection could be made because the target machine actively refused it in C:\xampp\htdocs\LadyAndalSchool\vendor\codeigniter4\framework\system\Database\MySQLi\Connection.php:231
Stack trace:
#0 C:\xampp\htdocs\LadyAndalSchool\vendor\codeigniter4\framework\system\Database\BaseConnection.php(421): CodeIgniter\Database\MySQLi\Connection->connect(false)
#1 C:\xampp\htdocs\LadyAndalSchool\vendor\codeigniter4\framework\system\Database\BaseConnection.php(616): CodeIgniter\Database\BaseConnection->initialize()
#2 C:\xampp\htdocs\LadyAndalSchool\vendor\codeigniter4\framework\system\Database\BaseBuilder.php(1644): CodeIgniter\Database\BaseConnection->query('SELECT *\nFROM `...', Array, false)
#3 C:\xampp\htdocs\LadyAndalSchool\vendor\codeigniter4\framework\system\Model.php(286): CodeIgniter\Database\BaseBuilder->get()
#4 C:\xampp\htdocs\LadyAndalSchool\vendor\codeigniter4\framework\system\BaseModel.php(676): CodeIgniter\Model->doFindAll(0, 0)
#5 C:\xampp\htdocs\LadyAndalSchool\app\Controllers\Admission.php(31): CodeIgniter\BaseModel->findAll()
#6 C:\xampp\htdocs\LadyAndalSchool\vendor\codeigniter4\framework\system\CodeIgniter.php(933): App\Controllers\Admission->admissionForm()
#7 C:\xampp\htdocs\LadyAndalSchool\vendor\codeigniter4\framework\system\CodeIgniter.php(509): CodeIgniter\CodeIgniter->runController(Object(App\Controllers\Admission))
#8 C:\xampp\htdocs\LadyAndalSchool\vendor\codeigniter4\framework\system\CodeIgniter.php(355): CodeIgniter\CodeIgniter->handleRequest(NULL, Object(Config\Cache), false)
#9 C:\xampp\htdocs\LadyAndalSchool\vendor\codeigniter4\framework\system\Boot.php(325): CodeIgniter\CodeIgniter->run()
#10 C:\xampp\htdocs\LadyAndalSchool\vendor\codeigniter4\framework\system\Boot.php(67): CodeIgniter\Boot::runCodeIgniter(Object(CodeIgniter\CodeIgniter))
#11 C:\xampp\htdocs\LadyAndalSchool\public\index.php(56): CodeIgniter\Boot::bootWeb(Object(Config\Paths))
#12 C:\xampp\htdocs\LadyAndalSchool\vendor\codeigniter4\framework\system\rewrite.php(44): require_once('C:\\xampp\\htdocs...')
#13 {main}
CRITICAL - 2024-11-16 05:31:45 --> CodeIgniter\Database\Exceptions\DatabaseException: Unable to connect to the database.
Main connection [MySQLi]: No connection could be made because the target machine actively refused it
[Method: GET, Route: admission-form]
in SYSTEMPATH\Database\BaseConnection.php on line 467.
 1 SYSTEMPATH\Database\BaseConnection.php(616): CodeIgniter\Database\BaseConnection->initialize()
 2 SYSTEMPATH\Database\BaseBuilder.php(1644): CodeIgniter\Database\BaseConnection->query('SELECT *
FROM `banners`
WHERE `page` = :page:
AND `is_published` = :is_published:
ORDER BY `sort_order` ASC', [...], false)
 3 SYSTEMPATH\Model.php(286): CodeIgniter\Database\BaseBuilder->get()
 4 SYSTEMPATH\BaseModel.php(676): CodeIgniter\Model->doFindAll(0, 0)
 5 APPPATH\Controllers\Admission.php(31): CodeIgniter\BaseModel->findAll()
 6 SYSTEMPATH\CodeIgniter.php(933): App\Controllers\Admission->admissionForm()
 7 SYSTEMPATH\CodeIgniter.php(509): CodeIgniter\CodeIgniter->runController(Object(App\Controllers\Admission))
 8 SYSTEMPATH\CodeIgniter.php(355): CodeIgniter\CodeIgniter->handleRequest(null, Object(Config\Cache), false)
 9 SYSTEMPATH\Boot.php(325): CodeIgniter\CodeIgniter->run()
10 SYSTEMPATH\Boot.php(67): CodeIgniter\Boot::runCodeIgniter(Object(CodeIgniter\CodeIgniter))
11 FCPATH\index.php(56): CodeIgniter\Boot::bootWeb(Object(Config\Paths))
12 SYSTEMPATH\rewrite.php(44): require_once('C:\\xampp\\htdocs\\LadyAndalSchool\\public\\index.php')
ERROR - 2024-11-16 05:32:51 --> Error connecting to the database: mysqli_sql_exception: No connection could be made because the target machine actively refused it in C:\xampp\htdocs\LadyAndalSchool\vendor\codeigniter4\framework\system\Database\MySQLi\Connection.php:186
Stack trace:
#0 C:\xampp\htdocs\LadyAndalSchool\vendor\codeigniter4\framework\system\Database\MySQLi\Connection.php(186): mysqli->real_connect('localhost', 'root', Object(SensitiveParameterValue), 'ladyandalschool', 3306, '', 0)
#1 C:\xampp\htdocs\LadyAndalSchool\vendor\codeigniter4\framework\system\Database\BaseConnection.php(421): CodeIgniter\Database\MySQLi\Connection->connect(false)
#2 C:\xampp\htdocs\LadyAndalSchool\vendor\codeigniter4\framework\system\Database\BaseConnection.php(616): CodeIgniter\Database\BaseConnection->initialize()
#3 C:\xampp\htdocs\LadyAndalSchool\vendor\codeigniter4\framework\system\Database\BaseBuilder.php(1644): CodeIgniter\Database\BaseConnection->query('SELECT *\nFROM `...', Array, false)
#4 C:\xampp\htdocs\LadyAndalSchool\vendor\codeigniter4\framework\system\Model.php(286): CodeIgniter\Database\BaseBuilder->get()
#5 C:\xampp\htdocs\LadyAndalSchool\vendor\codeigniter4\framework\system\BaseModel.php(676): CodeIgniter\Model->doFindAll(0, 0)
#6 C:\xampp\htdocs\LadyAndalSchool\app\Controllers\Admission.php(31): CodeIgniter\BaseModel->findAll()
#7 C:\xampp\htdocs\LadyAndalSchool\vendor\codeigniter4\framework\system\CodeIgniter.php(933): App\Controllers\Admission->admissionForm()
#8 C:\xampp\htdocs\LadyAndalSchool\vendor\codeigniter4\framework\system\CodeIgniter.php(509): CodeIgniter\CodeIgniter->runController(Object(App\Controllers\Admission))
#9 C:\xampp\htdocs\LadyAndalSchool\vendor\codeigniter4\framework\system\CodeIgniter.php(355): CodeIgniter\CodeIgniter->handleRequest(NULL, Object(Config\Cache), false)
#10 C:\xampp\htdocs\LadyAndalSchool\vendor\codeigniter4\framework\system\Boot.php(325): CodeIgniter\CodeIgniter->run()
#11 C:\xampp\htdocs\LadyAndalSchool\vendor\codeigniter4\framework\system\Boot.php(67): CodeIgniter\Boot::runCodeIgniter(Object(CodeIgniter\CodeIgniter))
#12 C:\xampp\htdocs\LadyAndalSchool\public\index.php(56): CodeIgniter\Boot::bootWeb(Object(Config\Paths))
#13 C:\xampp\htdocs\LadyAndalSchool\vendor\codeigniter4\framework\system\rewrite.php(44): require_once('C:\\xampp\\htdocs...')
#14 {main}

Next CodeIgniter\Database\Exceptions\DatabaseException: No connection could be made because the target machine actively refused it in C:\xampp\htdocs\LadyAndalSchool\vendor\codeigniter4\framework\system\Database\MySQLi\Connection.php:231
Stack trace:
#0 C:\xampp\htdocs\LadyAndalSchool\vendor\codeigniter4\framework\system\Database\BaseConnection.php(421): CodeIgniter\Database\MySQLi\Connection->connect(false)
#1 C:\xampp\htdocs\LadyAndalSchool\vendor\codeigniter4\framework\system\Database\BaseConnection.php(616): CodeIgniter\Database\BaseConnection->initialize()
#2 C:\xampp\htdocs\LadyAndalSchool\vendor\codeigniter4\framework\system\Database\BaseBuilder.php(1644): CodeIgniter\Database\BaseConnection->query('SELECT *\nFROM `...', Array, false)
#3 C:\xampp\htdocs\LadyAndalSchool\vendor\codeigniter4\framework\system\Model.php(286): CodeIgniter\Database\BaseBuilder->get()
#4 C:\xampp\htdocs\LadyAndalSchool\vendor\codeigniter4\framework\system\BaseModel.php(676): CodeIgniter\Model->doFindAll(0, 0)
#5 C:\xampp\htdocs\LadyAndalSchool\app\Controllers\Admission.php(31): CodeIgniter\BaseModel->findAll()
#6 C:\xampp\htdocs\LadyAndalSchool\vendor\codeigniter4\framework\system\CodeIgniter.php(933): App\Controllers\Admission->admissionForm()
#7 C:\xampp\htdocs\LadyAndalSchool\vendor\codeigniter4\framework\system\CodeIgniter.php(509): CodeIgniter\CodeIgniter->runController(Object(App\Controllers\Admission))
#8 C:\xampp\htdocs\LadyAndalSchool\vendor\codeigniter4\framework\system\CodeIgniter.php(355): CodeIgniter\CodeIgniter->handleRequest(NULL, Object(Config\Cache), false)
#9 C:\xampp\htdocs\LadyAndalSchool\vendor\codeigniter4\framework\system\Boot.php(325): CodeIgniter\CodeIgniter->run()
#10 C:\xampp\htdocs\LadyAndalSchool\vendor\codeigniter4\framework\system\Boot.php(67): CodeIgniter\Boot::runCodeIgniter(Object(CodeIgniter\CodeIgniter))
#11 C:\xampp\htdocs\LadyAndalSchool\public\index.php(56): CodeIgniter\Boot::bootWeb(Object(Config\Paths))
#12 C:\xampp\htdocs\LadyAndalSchool\vendor\codeigniter4\framework\system\rewrite.php(44): require_once('C:\\xampp\\htdocs...')
#13 {main}
CRITICAL - 2024-11-16 05:32:51 --> CodeIgniter\Database\Exceptions\DatabaseException: Unable to connect to the database.
Main connection [MySQLi]: No connection could be made because the target machine actively refused it
[Method: GET, Route: admission-form]
in SYSTEMPATH\Database\BaseConnection.php on line 467.
 1 SYSTEMPATH\Database\BaseConnection.php(616): CodeIgniter\Database\BaseConnection->initialize()
 2 SYSTEMPATH\Database\BaseBuilder.php(1644): CodeIgniter\Database\BaseConnection->query('SELECT *
FROM `banners`
WHERE `page` = :page:
AND `is_published` = :is_published:
ORDER BY `sort_order` ASC', [...], false)
 3 SYSTEMPATH\Model.php(286): CodeIgniter\Database\BaseBuilder->get()
 4 SYSTEMPATH\BaseModel.php(676): CodeIgniter\Model->doFindAll(0, 0)
 5 APPPATH\Controllers\Admission.php(31): CodeIgniter\BaseModel->findAll()
 6 SYSTEMPATH\CodeIgniter.php(933): App\Controllers\Admission->admissionForm()
 7 SYSTEMPATH\CodeIgniter.php(509): CodeIgniter\CodeIgniter->runController(Object(App\Controllers\Admission))
 8 SYSTEMPATH\CodeIgniter.php(355): CodeIgniter\CodeIgniter->handleRequest(null, Object(Config\Cache), false)
 9 SYSTEMPATH\Boot.php(325): CodeIgniter\CodeIgniter->run()
10 SYSTEMPATH\Boot.php(67): CodeIgniter\Boot::runCodeIgniter(Object(CodeIgniter\CodeIgniter))
11 FCPATH\index.php(56): CodeIgniter\Boot::bootWeb(Object(Config\Paths))
12 SYSTEMPATH\rewrite.php(44): require_once('C:\\xampp\\htdocs\\LadyAndalSchool\\public\\index.php')
CRITICAL - 2024-11-16 05:44:57 --> ErrorException: Maximum execution time of 60 seconds exceeded
[Method: GET, Route: /]
in SYSTEMPATH\Debug\Exceptions.php on line 209.
 1 [internal function]: CodeIgniter\Debug\Exceptions->shutdownHandler()
ERROR - 2024-11-16 06:36:05 --> mysqli_sql_exception: Column 'name' cannot be null in C:\xampp\htdocs\LadyAndalSchool\vendor\codeigniter4\framework\system\Database\MySQLi\Connection.php:312
Stack trace:
#0 C:\xampp\htdocs\LadyAndalSchool\vendor\codeigniter4\framework\system\Database\MySQLi\Connection.php(312): mysqli->query('INSERT INTO `ki...', 0)
#1 C:\xampp\htdocs\LadyAndalSchool\vendor\codeigniter4\framework\system\Database\BaseConnection.php(734): CodeIgniter\Database\MySQLi\Connection->execute('INSERT INTO `ki...')
#2 C:\xampp\htdocs\LadyAndalSchool\vendor\codeigniter4\framework\system\Database\BaseConnection.php(648): CodeIgniter\Database\BaseConnection->simpleQuery('INSERT INTO `ki...')
#3 C:\xampp\htdocs\LadyAndalSchool\vendor\codeigniter4\framework\system\Database\BaseBuilder.php(2340): CodeIgniter\Database\BaseConnection->query('INSERT INTO `ki...', Array, false)
#4 C:\xampp\htdocs\LadyAndalSchool\vendor\codeigniter4\framework\system\Model.php(394): CodeIgniter\Database\BaseBuilder->insert()
#5 C:\xampp\htdocs\LadyAndalSchool\vendor\codeigniter4\framework\system\BaseModel.php(840): CodeIgniter\Model->doInsert(Array)
#6 C:\xampp\htdocs\LadyAndalSchool\vendor\codeigniter4\framework\system\Model.php(802): CodeIgniter\BaseModel->insert(Array, true)
#7 C:\xampp\htdocs\LadyAndalSchool\app\Controllers\Kindergarten.php(68): CodeIgniter\Model->insert(Array)
#8 C:\xampp\htdocs\LadyAndalSchool\vendor\codeigniter4\framework\system\CodeIgniter.php(933): App\Controllers\Kindergarten->submit()
#9 C:\xampp\htdocs\LadyAndalSchool\vendor\codeigniter4\framework\system\CodeIgniter.php(509): CodeIgniter\CodeIgniter->runController(Object(App\Controllers\Kindergarten))
#10 C:\xampp\htdocs\LadyAndalSchool\vendor\codeigniter4\framework\system\CodeIgniter.php(355): CodeIgniter\CodeIgniter->handleRequest(NULL, Object(Config\Cache), false)
#11 C:\xampp\htdocs\LadyAndalSchool\vendor\codeigniter4\framework\system\Boot.php(325): CodeIgniter\CodeIgniter->run()
#12 C:\xampp\htdocs\LadyAndalSchool\vendor\codeigniter4\framework\system\Boot.php(67): CodeIgniter\Boot::runCodeIgniter(Object(CodeIgniter\CodeIgniter))
#13 C:\xampp\htdocs\LadyAndalSchool\public\index.php(56): CodeIgniter\Boot::bootWeb(Object(Config\Paths))
#14 C:\xampp\htdocs\LadyAndalSchool\vendor\codeigniter4\framework\system\rewrite.php(44): require_once('C:\\xampp\\htdocs...')
#15 {main}
CRITICAL - 2024-11-16 06:36:05 --> CodeIgniter\Database\Exceptions\DatabaseException: Column 'name' cannot be null
[Method: POST, Route: kindergarten/submit]
in SYSTEMPATH\Database\BaseConnection.php on line 688.
 1 SYSTEMPATH\Database\BaseBuilder.php(2340): CodeIgniter\Database\BaseConnection->query('INSERT INTO `kindergarten_students` (`name`, `date_of_birth`, `gender`, `nationality`, `caste`, `community`, `mother_tongue`, `class_last_studied`, `school_last_attended`, `curriculum`, `grade_applying_for`, `residential_address`, `telephone_number`, `father_name`, `father_religion`, `father_language`, `father_qualification`, `father_occupation`, `father_office_address`, `father_mobile_number`, `father_email_id`, `mother_name`, `mother_religion`, `mother_language`, `mother_qualification`, `mother_occupation`, `mother_office_address`, `mother_mobile_number`, `mother_email_id`, `guardian_name`, `guardian_relationship`, `guardian_occupation`, `guardian_address`, `guardian_mobile_number`, `guardian_email_id`, `sibling_name`, `sibling_class`, `additional_info`, `family_photo`, `created_at`, `updated_at`) VALUES (:name:, :date_of_birth:, :gender:, :nationality:, :caste:, :community:, :mother_tongue:, :class_last_studied:, :school_last_attended:, :curriculum:, :grade_applying_for:, :residential_address:, :telephone_number:, :father_name:, :father_religion:, :father_language:, :father_qualification:, :father_occupation:, :father_office_address:, :father_mobile_number:, :father_email_id:, :mother_name:, :mother_religion:, :mother_language:, :mother_qualification:, :mother_occupation:, :mother_office_address:, :mother_mobile_number:, :mother_email_id:, :guardian_name:, :guardian_relationship:, :guardian_occupation:, :guardian_address:, :guardian_mobile_number:, :guardian_email_id:, :sibling_name:, :sibling_class:, :additional_info:, :family_photo:, :created_at:, :updated_at:)', [...], false)
 2 SYSTEMPATH\Model.php(394): CodeIgniter\Database\BaseBuilder->insert()
 3 SYSTEMPATH\BaseModel.php(840): CodeIgniter\Model->doInsert([...])
 4 SYSTEMPATH\Model.php(802): CodeIgniter\BaseModel->insert([...], true)
 5 APPPATH\Controllers\Kindergarten.php(68): CodeIgniter\Model->insert([...])
 6 SYSTEMPATH\CodeIgniter.php(933): App\Controllers\Kindergarten->submit()
 7 SYSTEMPATH\CodeIgniter.php(509): CodeIgniter\CodeIgniter->runController(Object(App\Controllers\Kindergarten))
 8 SYSTEMPATH\CodeIgniter.php(355): CodeIgniter\CodeIgniter->handleRequest(null, Object(Config\Cache), false)
 9 SYSTEMPATH\Boot.php(325): CodeIgniter\CodeIgniter->run()
10 SYSTEMPATH\Boot.php(67): CodeIgniter\Boot::runCodeIgniter(Object(CodeIgniter\CodeIgniter))
11 FCPATH\index.php(56): CodeIgniter\Boot::bootWeb(Object(Config\Paths))
12 SYSTEMPATH\rewrite.php(44): require_once('C:\\xampp\\htdocs\\LadyAndalSchool\\public\\index.php')
CRITICAL - 2024-11-16 06:36:05 --> [Caused by] CodeIgniter\Database\Exceptions\DatabaseException: Column 'name' cannot be null
in SYSTEMPATH\Database\MySQLi\Connection.php on line 317.
 1 SYSTEMPATH\Database\BaseConnection.php(734): CodeIgniter\Database\MySQLi\Connection->execute('INSERT INTO `kindergarten_students` (`name`, `date_of_birth`, `gender`, `nationality`, `caste`, `community`, `mother_tongue`, `class_last_studied`, `school_last_attended`, `curriculum`, `grade_applying_for`, `residential_address`, `telephone_number`, `father_name`, `father_religion`, `father_language`, `father_qualification`, `father_occupation`, `father_office_address`, `father_mobile_number`, `father_email_id`, `mother_name`, `mother_religion`, `mother_language`, `mother_qualification`, `mother_occupation`, `mother_office_address`, `mother_mobile_number`, `mother_email_id`, `guardian_name`, `guardian_relationship`, `guardian_occupation`, `guardian_address`, `guardian_mobile_number`, `guardian_email_id`, `sibling_name`, `sibling_class`, `additional_info`, `family_photo`, `created_at`, `updated_at`) VALUES (NULL, NULL, \'Female\', \'fghj\', \'fghjk\', \'fghjk\', NULL, NULL, NULL, \'CBSE\', NULL, NULL, NULL, NULL, NULL, NULL, NULL, NULL, NULL, NULL, NULL, NULL, NULL, NULL, NULL, NULL, NULL, NULL, NULL, NULL, NULL, NULL, NULL, NULL, NULL, NULL, NULL, NULL, NULL, \'2024-11-16 06:36:04\', \'2024-11-16 06:36:04\')')
 2 SYSTEMPATH\Database\BaseConnection.php(648): CodeIgniter\Database\BaseConnection->simpleQuery('INSERT INTO `kindergarten_students` (`name`, `date_of_birth`, `gender`, `nationality`, `caste`, `community`, `mother_tongue`, `class_last_studied`, `school_last_attended`, `curriculum`, `grade_applying_for`, `residential_address`, `telephone_number`, `father_name`, `father_religion`, `father_language`, `father_qualification`, `father_occupation`, `father_office_address`, `father_mobile_number`, `father_email_id`, `mother_name`, `mother_religion`, `mother_language`, `mother_qualification`, `mother_occupation`, `mother_office_address`, `mother_mobile_number`, `mother_email_id`, `guardian_name`, `guardian_relationship`, `guardian_occupation`, `guardian_address`, `guardian_mobile_number`, `guardian_email_id`, `sibling_name`, `sibling_class`, `additional_info`, `family_photo`, `created_at`, `updated_at`) VALUES (NULL, NULL, \'Female\', \'fghj\', \'fghjk\', \'fghjk\', NULL, NULL, NULL, \'CBSE\', NULL, NULL, NULL, NULL, NULL, NULL, NULL, NULL, NULL, NULL, NULL, NULL, NULL, NULL, NULL, NULL, NULL, NULL, NULL, NULL, NULL, NULL, NULL, NULL, NULL, NULL, NULL, NULL, NULL, \'2024-11-16 06:36:04\', \'2024-11-16 06:36:04\')')
 3 SYSTEMPATH\Database\BaseBuilder.php(2340): CodeIgniter\Database\BaseConnection->query('INSERT INTO `kindergarten_students` (`name`, `date_of_birth`, `gender`, `nationality`, `caste`, `community`, `mother_tongue`, `class_last_studied`, `school_last_attended`, `curriculum`, `grade_applying_for`, `residential_address`, `telephone_number`, `father_name`, `father_religion`, `father_language`, `father_qualification`, `father_occupation`, `father_office_address`, `father_mobile_number`, `father_email_id`, `mother_name`, `mother_religion`, `mother_language`, `mother_qualification`, `mother_occupation`, `mother_office_address`, `mother_mobile_number`, `mother_email_id`, `guardian_name`, `guardian_relationship`, `guardian_occupation`, `guardian_address`, `guardian_mobile_number`, `guardian_email_id`, `sibling_name`, `sibling_class`, `additional_info`, `family_photo`, `created_at`, `updated_at`) VALUES (:name:, :date_of_birth:, :gender:, :nationality:, :caste:, :community:, :mother_tongue:, :class_last_studied:, :school_last_attended:, :curriculum:, :grade_applying_for:, :residential_address:, :telephone_number:, :father_name:, :father_religion:, :father_language:, :father_qualification:, :father_occupation:, :father_office_address:, :father_mobile_number:, :father_email_id:, :mother_name:, :mother_religion:, :mother_language:, :mother_qualification:, :mother_occupation:, :mother_office_address:, :mother_mobile_number:, :mother_email_id:, :guardian_name:, :guardian_relationship:, :guardian_occupation:, :guardian_address:, :guardian_mobile_number:, :guardian_email_id:, :sibling_name:, :sibling_class:, :additional_info:, :family_photo:, :created_at:, :updated_at:)', [...], false)
 4 SYSTEMPATH\Model.php(394): CodeIgniter\Database\BaseBuilder->insert()
 5 SYSTEMPATH\BaseModel.php(840): CodeIgniter\Model->doInsert([...])
 6 SYSTEMPATH\Model.php(802): CodeIgniter\BaseModel->insert([...], true)
 7 APPPATH\Controllers\Kindergarten.php(68): CodeIgniter\Model->insert([...])
 8 SYSTEMPATH\CodeIgniter.php(933): App\Controllers\Kindergarten->submit()
 9 SYSTEMPATH\CodeIgniter.php(509): CodeIgniter\CodeIgniter->runController(Object(App\Controllers\Kindergarten))
10 SYSTEMPATH\CodeIgniter.php(355): CodeIgniter\CodeIgniter->handleRequest(null, Object(Config\Cache), false)
11 SYSTEMPATH\Boot.php(325): CodeIgniter\CodeIgniter->run()
12 SYSTEMPATH\Boot.php(67): CodeIgniter\Boot::runCodeIgniter(Object(CodeIgniter\CodeIgniter))
13 FCPATH\index.php(56): CodeIgniter\Boot::bootWeb(Object(Config\Paths))
14 SYSTEMPATH\rewrite.php(44): require_once('C:\\xampp\\htdocs\\LadyAndalSchool\\public\\index.php')
CRITICAL - 2024-11-16 06:36:05 --> [Caused by] mysqli_sql_exception: Column 'name' cannot be null
in SYSTEMPATH\Database\MySQLi\Connection.php on line 312.
 1 SYSTEMPATH\Database\MySQLi\Connection.php(312): mysqli->query('INSERT INTO `kindergarten_students` (`name`, `date_of_birth`, `gender`, `nationality`, `caste`, `community`, `mother_tongue`, `class_last_studied`, `school_last_attended`, `curriculum`, `grade_applying_for`, `residential_address`, `telephone_number`, `father_name`, `father_religion`, `father_language`, `father_qualification`, `father_occupation`, `father_office_address`, `father_mobile_number`, `father_email_id`, `mother_name`, `mother_religion`, `mother_language`, `mother_qualification`, `mother_occupation`, `mother_office_address`, `mother_mobile_number`, `mother_email_id`, `guardian_name`, `guardian_relationship`, `guardian_occupation`, `guardian_address`, `guardian_mobile_number`, `guardian_email_id`, `sibling_name`, `sibling_class`, `additional_info`, `family_photo`, `created_at`, `updated_at`) VALUES (NULL, NULL, \'Female\', \'fghj\', \'fghjk\', \'fghjk\', NULL, NULL, NULL, \'CBSE\', NULL, NULL, NULL, NULL, NULL, NULL, NULL, NULL, NULL, NULL, NULL, NULL, NULL, NULL, NULL, NULL, NULL, NULL, NULL, NULL, NULL, NULL, NULL, NULL, NULL, NULL, NULL, NULL, NULL, \'2024-11-16 06:36:04\', \'2024-11-16 06:36:04\')', 0)
 2 SYSTEMPATH\Database\BaseConnection.php(734): CodeIgniter\Database\MySQLi\Connection->execute('INSERT INTO `kindergarten_students` (`name`, `date_of_birth`, `gender`, `nationality`, `caste`, `community`, `mother_tongue`, `class_last_studied`, `school_last_attended`, `curriculum`, `grade_applying_for`, `residential_address`, `telephone_number`, `father_name`, `father_religion`, `father_language`, `father_qualification`, `father_occupation`, `father_office_address`, `father_mobile_number`, `father_email_id`, `mother_name`, `mother_religion`, `mother_language`, `mother_qualification`, `mother_occupation`, `mother_office_address`, `mother_mobile_number`, `mother_email_id`, `guardian_name`, `guardian_relationship`, `guardian_occupation`, `guardian_address`, `guardian_mobile_number`, `guardian_email_id`, `sibling_name`, `sibling_class`, `additional_info`, `family_photo`, `created_at`, `updated_at`) VALUES (NULL, NULL, \'Female\', \'fghj\', \'fghjk\', \'fghjk\', NULL, NULL, NULL, \'CBSE\', NULL, NULL, NULL, NULL, NULL, NULL, NULL, NULL, NULL, NULL, NULL, NULL, NULL, NULL, NULL, NULL, NULL, NULL, NULL, NULL, NULL, NULL, NULL, NULL, NULL, NULL, NULL, NULL, NULL, \'2024-11-16 06:36:04\', \'2024-11-16 06:36:04\')')
 3 SYSTEMPATH\Database\BaseConnection.php(648): CodeIgniter\Database\BaseConnection->simpleQuery('INSERT INTO `kindergarten_students` (`name`, `date_of_birth`, `gender`, `nationality`, `caste`, `community`, `mother_tongue`, `class_last_studied`, `school_last_attended`, `curriculum`, `grade_applying_for`, `residential_address`, `telephone_number`, `father_name`, `father_religion`, `father_language`, `father_qualification`, `father_occupation`, `father_office_address`, `father_mobile_number`, `father_email_id`, `mother_name`, `mother_religion`, `mother_language`, `mother_qualification`, `mother_occupation`, `mother_office_address`, `mother_mobile_number`, `mother_email_id`, `guardian_name`, `guardian_relationship`, `guardian_occupation`, `guardian_address`, `guardian_mobile_number`, `guardian_email_id`, `sibling_name`, `sibling_class`, `additional_info`, `family_photo`, `created_at`, `updated_at`) VALUES (NULL, NULL, \'Female\', \'fghj\', \'fghjk\', \'fghjk\', NULL, NULL, NULL, \'CBSE\', NULL, NULL, NULL, NULL, NULL, NULL, NULL, NULL, NULL, NULL, NULL, NULL, NULL, NULL, NULL, NULL, NULL, NULL, NULL, NULL, NULL, NULL, NULL, NULL, NULL, NULL, NULL, NULL, NULL, \'2024-11-16 06:36:04\', \'2024-11-16 06:36:04\')')
 4 SYSTEMPATH\Database\BaseBuilder.php(2340): CodeIgniter\Database\BaseConnection->query('INSERT INTO `kindergarten_students` (`name`, `date_of_birth`, `gender`, `nationality`, `caste`, `community`, `mother_tongue`, `class_last_studied`, `school_last_attended`, `curriculum`, `grade_applying_for`, `residential_address`, `telephone_number`, `father_name`, `father_religion`, `father_language`, `father_qualification`, `father_occupation`, `father_office_address`, `father_mobile_number`, `father_email_id`, `mother_name`, `mother_religion`, `mother_language`, `mother_qualification`, `mother_occupation`, `mother_office_address`, `mother_mobile_number`, `mother_email_id`, `guardian_name`, `guardian_relationship`, `guardian_occupation`, `guardian_address`, `guardian_mobile_number`, `guardian_email_id`, `sibling_name`, `sibling_class`, `additional_info`, `family_photo`, `created_at`, `updated_at`) VALUES (:name:, :date_of_birth:, :gender:, :nationality:, :caste:, :community:, :mother_tongue:, :class_last_studied:, :school_last_attended:, :curriculum:, :grade_applying_for:, :residential_address:, :telephone_number:, :father_name:, :father_religion:, :father_language:, :father_qualification:, :father_occupation:, :father_office_address:, :father_mobile_number:, :father_email_id:, :mother_name:, :mother_religion:, :mother_language:, :mother_qualification:, :mother_occupation:, :mother_office_address:, :mother_mobile_number:, :mother_email_id:, :guardian_name:, :guardian_relationship:, :guardian_occupation:, :guardian_address:, :guardian_mobile_number:, :guardian_email_id:, :sibling_name:, :sibling_class:, :additional_info:, :family_photo:, :created_at:, :updated_at:)', [...], false)
 5 SYSTEMPATH\Model.php(394): CodeIgniter\Database\BaseBuilder->insert()
 6 SYSTEMPATH\BaseModel.php(840): CodeIgniter\Model->doInsert([...])
 7 SYSTEMPATH\Model.php(802): CodeIgniter\BaseModel->insert([...], true)
 8 APPPATH\Controllers\Kindergarten.php(68): CodeIgniter\Model->insert([...])
 9 SYSTEMPATH\CodeIgniter.php(933): App\Controllers\Kindergarten->submit()
10 SYSTEMPATH\CodeIgniter.php(509): CodeIgniter\CodeIgniter->runController(Object(App\Controllers\Kindergarten))
11 SYSTEMPATH\CodeIgniter.php(355): CodeIgniter\CodeIgniter->handleRequest(null, Object(Config\Cache), false)
12 SYSTEMPATH\Boot.php(325): CodeIgniter\CodeIgniter->run()
13 SYSTEMPATH\Boot.php(67): CodeIgniter\Boot::runCodeIgniter(Object(CodeIgniter\CodeIgniter))
14 FCPATH\index.php(56): CodeIgniter\Boot::bootWeb(Object(Config\Paths))
15 SYSTEMPATH\rewrite.php(44): require_once('C:\\xampp\\htdocs\\LadyAndalSchool\\public\\index.php')
CRITICAL - 2024-11-16 07:57:29 --> ErrorException: Undefined variable $file
[Method: POST, Route: kindergarten/submit]
in APPPATH\Controllers\Kindergarten.php on line 28.
 1 APPPATH\Controllers\Kindergarten.php(28): CodeIgniter\Debug\Exceptions->errorHandler(2, 'Undefined variable $file', 'C:\\xampp\\htdocs\\LadyAndalSchool\\app\\Controllers\\Kindergarten.php', 28)
 2 SYSTEMPATH\CodeIgniter.php(933): App\Controllers\Kindergarten->submit()
 3 SYSTEMPATH\CodeIgniter.php(509): CodeIgniter\CodeIgniter->runController(Object(App\Controllers\Kindergarten))
 4 SYSTEMPATH\CodeIgniter.php(355): CodeIgniter\CodeIgniter->handleRequest(null, Object(Config\Cache), false)
 5 SYSTEMPATH\Boot.php(325): CodeIgniter\CodeIgniter->run()
 6 SYSTEMPATH\Boot.php(67): CodeIgniter\Boot::runCodeIgniter(Object(CodeIgniter\CodeIgniter))
 7 FCPATH\index.php(56): CodeIgniter\Boot::bootWeb(Object(Config\Paths))
 8 SYSTEMPATH\rewrite.php(44): require_once('C:\\xampp\\htdocs\\LadyAndalSchool\\public\\index.php')
