ERROR - 2024-12-17 06:58:08 --> Error connecting to the database: mysqli_sql_exception: Unknown database 'sirmuthaschool' in C:\xampp\htdocs\SirMuthaSchool\vendor\codeigniter4\framework\system\Database\MySQLi\Connection.php:186
Stack trace:
#0 C:\xampp\htdocs\SirMuthaSchool\vendor\codeigniter4\framework\system\Database\MySQLi\Connection.php(186): mysqli->real_connect('localhost', 'root', Object(SensitiveParameterValue), 'sirmuthaschool', 3306, '', 0)
#1 C:\xampp\htdocs\SirMuthaSchool\vendor\codeigniter4\framework\system\Database\BaseConnection.php(421): CodeIgniter\Database\MySQLi\Connection->connect(false)
#2 C:\xampp\htdocs\SirMuthaSchool\vendor\codeigniter4\framework\system\Database\BaseConnection.php(616): CodeIgniter\Database\BaseConnection->initialize()
#3 C:\xampp\htdocs\SirMuthaSchool\vendor\codeigniter4\framework\system\Database\BaseConnection.php(1485): CodeIgniter\Database\BaseConnection->query('SHOW TABLES FRO...')
#4 C:\xampp\htdocs\SirMuthaSchool\vendor\codeigniter4\framework\system\Database\BaseConnection.php(1505): CodeIgniter\Database\BaseConnection->listTables()
#5 C:\xampp\htdocs\SirMuthaSchool\vendor\codeigniter4\framework\system\Database\MigrationRunner.php(759): CodeIgniter\Database\BaseConnection->tableExists('migrations')
#6 C:\xampp\htdocs\SirMuthaSchool\vendor\codeigniter4\framework\system\Database\MigrationRunner.php(163): CodeIgniter\Database\MigrationRunner->ensureTable()
#7 C:\xampp\htdocs\SirMuthaSchool\vendor\codeigniter4\framework\system\Commands\Database\Migrate.php(85): CodeIgniter\Database\MigrationRunner->latest(NULL)
#8 C:\xampp\htdocs\SirMuthaSchool\vendor\codeigniter4\framework\system\CLI\Commands.php(70): CodeIgniter\Commands\Database\Migrate->run(Array)
#9 C:\xampp\htdocs\SirMuthaSchool\vendor\codeigniter4\framework\system\CLI\Console.php(48): CodeIgniter\CLI\Commands->run('migrate', Array)
#10 C:\xampp\htdocs\SirMuthaSchool\vendor\codeigniter4\framework\system\Boot.php(351): CodeIgniter\CLI\Console->run()
#11 C:\xampp\htdocs\SirMuthaSchool\vendor\codeigniter4\framework\system\Boot.php(104): CodeIgniter\Boot::runCommand(Object(CodeIgniter\CLI\Console))
#12 C:\xampp\htdocs\SirMuthaSchool\spark(84): CodeIgniter\Boot::bootSpark(Object(Config\Paths))
#13 {main}

Next CodeIgniter\Database\Exceptions\DatabaseException: Unknown database 'sirmuthaschool' in C:\xampp\htdocs\SirMuthaSchool\vendor\codeigniter4\framework\system\Database\MySQLi\Connection.php:231
Stack trace:
#0 C:\xampp\htdocs\SirMuthaSchool\vendor\codeigniter4\framework\system\Database\BaseConnection.php(421): CodeIgniter\Database\MySQLi\Connection->connect(false)
#1 C:\xampp\htdocs\SirMuthaSchool\vendor\codeigniter4\framework\system\Database\BaseConnection.php(616): CodeIgniter\Database\BaseConnection->initialize()
#2 C:\xampp\htdocs\SirMuthaSchool\vendor\codeigniter4\framework\system\Database\BaseConnection.php(1485): CodeIgniter\Database\BaseConnection->query('SHOW TABLES FRO...')
#3 C:\xampp\htdocs\SirMuthaSchool\vendor\codeigniter4\framework\system\Database\BaseConnection.php(1505): CodeIgniter\Database\BaseConnection->listTables()
#4 C:\xampp\htdocs\SirMuthaSchool\vendor\codeigniter4\framework\system\Database\MigrationRunner.php(759): CodeIgniter\Database\BaseConnection->tableExists('migrations')
#5 C:\xampp\htdocs\SirMuthaSchool\vendor\codeigniter4\framework\system\Database\MigrationRunner.php(163): CodeIgniter\Database\MigrationRunner->ensureTable()
#6 C:\xampp\htdocs\SirMuthaSchool\vendor\codeigniter4\framework\system\Commands\Database\Migrate.php(85): CodeIgniter\Database\MigrationRunner->latest(NULL)
#7 C:\xampp\htdocs\SirMuthaSchool\vendor\codeigniter4\framework\system\CLI\Commands.php(70): CodeIgniter\Commands\Database\Migrate->run(Array)
#8 C:\xampp\htdocs\SirMuthaSchool\vendor\codeigniter4\framework\system\CLI\Console.php(48): CodeIgniter\CLI\Commands->run('migrate', Array)
#9 C:\xampp\htdocs\SirMuthaSchool\vendor\codeigniter4\framework\system\Boot.php(351): CodeIgniter\CLI\Console->run()
#10 C:\xampp\htdocs\SirMuthaSchool\vendor\codeigniter4\framework\system\Boot.php(104): CodeIgniter\Boot::runCommand(Object(CodeIgniter\CLI\Console))
#11 C:\xampp\htdocs\SirMuthaSchool\spark(84): CodeIgniter\Boot::bootSpark(Object(Config\Paths))
#12 {main}
ERROR - 2024-12-17 09:59:14 --> Error connecting to the database: mysqli_sql_exception: Unknown database 'sirmuthaschool' in D:\xampp\htdocs\SirMuthaSchool\vendor\codeigniter4\framework\system\Database\MySQLi\Connection.php:186
Stack trace:
#0 D:\xampp\htdocs\SirMuthaSchool\vendor\codeigniter4\framework\system\Database\MySQLi\Connection.php(186): mysqli->real_connect()
#1 D:\xampp\htdocs\SirMuthaSchool\vendor\codeigniter4\framework\system\Database\BaseConnection.php(421): CodeIgniter\Database\MySQLi\Connection->connect()
#2 D:\xampp\htdocs\SirMuthaSchool\vendor\codeigniter4\framework\system\Database\BaseConnection.php(616): CodeIgniter\Database\BaseConnection->initialize()
#3 D:\xampp\htdocs\SirMuthaSchool\vendor\codeigniter4\framework\system\Database\BaseBuilder.php(1644): CodeIgniter\Database\BaseConnection->query()
#4 D:\xampp\htdocs\SirMuthaSchool\vendor\codeigniter4\framework\system\Model.php(286): CodeIgniter\Database\BaseBuilder->get()
#5 D:\xampp\htdocs\SirMuthaSchool\vendor\codeigniter4\framework\system\BaseModel.php(676): CodeIgniter\Model->doFindAll()
#6 D:\xampp\htdocs\SirMuthaSchool\app\Controllers\BannerController.php(14): CodeIgniter\BaseModel->findAll()
#7 D:\xampp\htdocs\SirMuthaSchool\vendor\codeigniter4\framework\system\CodeIgniter.php(933): App\Controllers\BannerController->index()
#8 D:\xampp\htdocs\SirMuthaSchool\vendor\codeigniter4\framework\system\CodeIgniter.php(509): CodeIgniter\CodeIgniter->runController()
#9 D:\xampp\htdocs\SirMuthaSchool\vendor\codeigniter4\framework\system\CodeIgniter.php(355): CodeIgniter\CodeIgniter->handleRequest()
#10 D:\xampp\htdocs\SirMuthaSchool\vendor\codeigniter4\framework\system\Boot.php(325): CodeIgniter\CodeIgniter->run()
#11 D:\xampp\htdocs\SirMuthaSchool\vendor\codeigniter4\framework\system\Boot.php(67): CodeIgniter\Boot::runCodeIgniter()
#12 D:\xampp\htdocs\SirMuthaSchool\public\index.php(56): CodeIgniter\Boot::bootWeb()
#13 D:\xampp\htdocs\SirMuthaSchool\vendor\codeigniter4\framework\system\rewrite.php(44): require_once('...')
#14 {main}

Next CodeIgniter\Database\Exceptions\DatabaseException: Unknown database 'sirmuthaschool' in D:\xampp\htdocs\SirMuthaSchool\vendor\codeigniter4\framework\system\Database\MySQLi\Connection.php:231
Stack trace:
#0 D:\xampp\htdocs\SirMuthaSchool\vendor\codeigniter4\framework\system\Database\BaseConnection.php(421): CodeIgniter\Database\MySQLi\Connection->connect()
#1 D:\xampp\htdocs\SirMuthaSchool\vendor\codeigniter4\framework\system\Database\BaseConnection.php(616): CodeIgniter\Database\BaseConnection->initialize()
#2 D:\xampp\htdocs\SirMuthaSchool\vendor\codeigniter4\framework\system\Database\BaseBuilder.php(1644): CodeIgniter\Database\BaseConnection->query()
#3 D:\xampp\htdocs\SirMuthaSchool\vendor\codeigniter4\framework\system\Model.php(286): CodeIgniter\Database\BaseBuilder->get()
#4 D:\xampp\htdocs\SirMuthaSchool\vendor\codeigniter4\framework\system\BaseModel.php(676): CodeIgniter\Model->doFindAll()
#5 D:\xampp\htdocs\SirMuthaSchool\app\Controllers\BannerController.php(14): CodeIgniter\BaseModel->findAll()
#6 D:\xampp\htdocs\SirMuthaSchool\vendor\codeigniter4\framework\system\CodeIgniter.php(933): App\Controllers\BannerController->index()
#7 D:\xampp\htdocs\SirMuthaSchool\vendor\codeigniter4\framework\system\CodeIgniter.php(509): CodeIgniter\CodeIgniter->runController()
#8 D:\xampp\htdocs\SirMuthaSchool\vendor\codeigniter4\framework\system\CodeIgniter.php(355): CodeIgniter\CodeIgniter->handleRequest()
#9 D:\xampp\htdocs\SirMuthaSchool\vendor\codeigniter4\framework\system\Boot.php(325): CodeIgniter\CodeIgniter->run()
#10 D:\xampp\htdocs\SirMuthaSchool\vendor\codeigniter4\framework\system\Boot.php(67): CodeIgniter\Boot::runCodeIgniter()
#11 D:\xampp\htdocs\SirMuthaSchool\public\index.php(56): CodeIgniter\Boot::bootWeb()
#12 D:\xampp\htdocs\SirMuthaSchool\vendor\codeigniter4\framework\system\rewrite.php(44): require_once('...')
#13 {main}
CRITICAL - 2024-12-17 09:59:14 --> CodeIgniter\Database\Exceptions\DatabaseException: Unable to connect to the database.
Main connection [MySQLi]: Unknown database 'sirmuthaschool'
[Method: GET, Route: adm1n/banner]
in SYSTEMPATH\Database\BaseConnection.php on line 467.
 1 SYSTEMPATH\Database\BaseConnection.php(616): CodeIgniter\Database\BaseConnection->initialize()
 2 SYSTEMPATH\Database\BaseBuilder.php(1644): CodeIgniter\Database\BaseConnection->query()
 3 SYSTEMPATH\Model.php(286): CodeIgniter\Database\BaseBuilder->get()
 4 SYSTEMPATH\BaseModel.php(676): CodeIgniter\Model->doFindAll()
 5 APPPATH\Controllers\BannerController.php(14): CodeIgniter\BaseModel->findAll()
 6 SYSTEMPATH\CodeIgniter.php(933): App\Controllers\BannerController->index()
 7 SYSTEMPATH\CodeIgniter.php(509): CodeIgniter\CodeIgniter->runController()
 8 SYSTEMPATH\CodeIgniter.php(355): CodeIgniter\CodeIgniter->handleRequest()
 9 SYSTEMPATH\Boot.php(325): CodeIgniter\CodeIgniter->run()
10 SYSTEMPATH\Boot.php(67): CodeIgniter\Boot::runCodeIgniter()
11 FCPATH\index.php(56): CodeIgniter\Boot::bootWeb()
12 SYSTEMPATH\rewrite.php(44): require_once('D:\\xampp\\htdocs\\SirMuthaSchool\\public\\index.php')
ERROR - 2024-12-17 09:59:23 --> Error connecting to the database: mysqli_sql_exception: Unknown database 'sirmuthaschool' in D:\xampp\htdocs\SirMuthaSchool\vendor\codeigniter4\framework\system\Database\MySQLi\Connection.php:186
Stack trace:
#0 D:\xampp\htdocs\SirMuthaSchool\vendor\codeigniter4\framework\system\Database\MySQLi\Connection.php(186): mysqli->real_connect()
#1 D:\xampp\htdocs\SirMuthaSchool\vendor\codeigniter4\framework\system\Database\BaseConnection.php(421): CodeIgniter\Database\MySQLi\Connection->connect()
#2 D:\xampp\htdocs\SirMuthaSchool\vendor\codeigniter4\framework\system\Database\BaseConnection.php(616): CodeIgniter\Database\BaseConnection->initialize()
#3 D:\xampp\htdocs\SirMuthaSchool\vendor\codeigniter4\framework\system\Database\BaseBuilder.php(1644): CodeIgniter\Database\BaseConnection->query()
#4 D:\xampp\htdocs\SirMuthaSchool\vendor\codeigniter4\framework\system\Model.php(286): CodeIgniter\Database\BaseBuilder->get()
#5 D:\xampp\htdocs\SirMuthaSchool\vendor\codeigniter4\framework\system\BaseModel.php(676): CodeIgniter\Model->doFindAll()
#6 D:\xampp\htdocs\SirMuthaSchool\app\Controllers\BannerController.php(14): CodeIgniter\BaseModel->findAll()
#7 D:\xampp\htdocs\SirMuthaSchool\vendor\codeigniter4\framework\system\CodeIgniter.php(933): App\Controllers\BannerController->index()
#8 D:\xampp\htdocs\SirMuthaSchool\vendor\codeigniter4\framework\system\CodeIgniter.php(509): CodeIgniter\CodeIgniter->runController()
#9 D:\xampp\htdocs\SirMuthaSchool\vendor\codeigniter4\framework\system\CodeIgniter.php(355): CodeIgniter\CodeIgniter->handleRequest()
#10 D:\xampp\htdocs\SirMuthaSchool\vendor\codeigniter4\framework\system\Boot.php(325): CodeIgniter\CodeIgniter->run()
#11 D:\xampp\htdocs\SirMuthaSchool\vendor\codeigniter4\framework\system\Boot.php(67): CodeIgniter\Boot::runCodeIgniter()
#12 D:\xampp\htdocs\SirMuthaSchool\public\index.php(56): CodeIgniter\Boot::bootWeb()
#13 D:\xampp\htdocs\SirMuthaSchool\vendor\codeigniter4\framework\system\rewrite.php(44): require_once('...')
#14 {main}

Next CodeIgniter\Database\Exceptions\DatabaseException: Unknown database 'sirmuthaschool' in D:\xampp\htdocs\SirMuthaSchool\vendor\codeigniter4\framework\system\Database\MySQLi\Connection.php:231
Stack trace:
#0 D:\xampp\htdocs\SirMuthaSchool\vendor\codeigniter4\framework\system\Database\BaseConnection.php(421): CodeIgniter\Database\MySQLi\Connection->connect()
#1 D:\xampp\htdocs\SirMuthaSchool\vendor\codeigniter4\framework\system\Database\BaseConnection.php(616): CodeIgniter\Database\BaseConnection->initialize()
#2 D:\xampp\htdocs\SirMuthaSchool\vendor\codeigniter4\framework\system\Database\BaseBuilder.php(1644): CodeIgniter\Database\BaseConnection->query()
#3 D:\xampp\htdocs\SirMuthaSchool\vendor\codeigniter4\framework\system\Model.php(286): CodeIgniter\Database\BaseBuilder->get()
#4 D:\xampp\htdocs\SirMuthaSchool\vendor\codeigniter4\framework\system\BaseModel.php(676): CodeIgniter\Model->doFindAll()
#5 D:\xampp\htdocs\SirMuthaSchool\app\Controllers\BannerController.php(14): CodeIgniter\BaseModel->findAll()
#6 D:\xampp\htdocs\SirMuthaSchool\vendor\codeigniter4\framework\system\CodeIgniter.php(933): App\Controllers\BannerController->index()
#7 D:\xampp\htdocs\SirMuthaSchool\vendor\codeigniter4\framework\system\CodeIgniter.php(509): CodeIgniter\CodeIgniter->runController()
#8 D:\xampp\htdocs\SirMuthaSchool\vendor\codeigniter4\framework\system\CodeIgniter.php(355): CodeIgniter\CodeIgniter->handleRequest()
#9 D:\xampp\htdocs\SirMuthaSchool\vendor\codeigniter4\framework\system\Boot.php(325): CodeIgniter\CodeIgniter->run()
#10 D:\xampp\htdocs\SirMuthaSchool\vendor\codeigniter4\framework\system\Boot.php(67): CodeIgniter\Boot::runCodeIgniter()
#11 D:\xampp\htdocs\SirMuthaSchool\public\index.php(56): CodeIgniter\Boot::bootWeb()
#12 D:\xampp\htdocs\SirMuthaSchool\vendor\codeigniter4\framework\system\rewrite.php(44): require_once('...')
#13 {main}
CRITICAL - 2024-12-17 09:59:23 --> CodeIgniter\Database\Exceptions\DatabaseException: Unable to connect to the database.
Main connection [MySQLi]: Unknown database 'sirmuthaschool'
[Method: GET, Route: adm1n/banner]
in SYSTEMPATH\Database\BaseConnection.php on line 467.
 1 SYSTEMPATH\Database\BaseConnection.php(616): CodeIgniter\Database\BaseConnection->initialize()
 2 SYSTEMPATH\Database\BaseBuilder.php(1644): CodeIgniter\Database\BaseConnection->query()
 3 SYSTEMPATH\Model.php(286): CodeIgniter\Database\BaseBuilder->get()
 4 SYSTEMPATH\BaseModel.php(676): CodeIgniter\Model->doFindAll()
 5 APPPATH\Controllers\BannerController.php(14): CodeIgniter\BaseModel->findAll()
 6 SYSTEMPATH\CodeIgniter.php(933): App\Controllers\BannerController->index()
 7 SYSTEMPATH\CodeIgniter.php(509): CodeIgniter\CodeIgniter->runController()
 8 SYSTEMPATH\CodeIgniter.php(355): CodeIgniter\CodeIgniter->handleRequest()
 9 SYSTEMPATH\Boot.php(325): CodeIgniter\CodeIgniter->run()
10 SYSTEMPATH\Boot.php(67): CodeIgniter\Boot::runCodeIgniter()
11 FCPATH\index.php(56): CodeIgniter\Boot::bootWeb()
12 SYSTEMPATH\rewrite.php(44): require_once('D:\\xampp\\htdocs\\SirMuthaSchool\\public\\index.php')
CRITICAL - 2024-12-17 10:03:49 --> CodeIgniter\View\Exceptions\ViewException: Invalid file: "banner_list.php"
[Method: GET, Route: adm1n/banner]
in SYSTEMPATH\Exceptions\FrameworkException.php on line 41.
 1 SYSTEMPATH\View\View.php(222): CodeIgniter\Exceptions\FrameworkException::forInvalidFile()
 2 SYSTEMPATH\Common.php(1171): CodeIgniter\View\View->render()
 3 APPPATH\Controllers\BannerController.php(15): view()
 4 SYSTEMPATH\CodeIgniter.php(933): App\Controllers\BannerController->index()
 5 SYSTEMPATH\CodeIgniter.php(509): CodeIgniter\CodeIgniter->runController()
 6 SYSTEMPATH\CodeIgniter.php(355): CodeIgniter\CodeIgniter->handleRequest()
 7 SYSTEMPATH\Boot.php(325): CodeIgniter\CodeIgniter->run()
 8 SYSTEMPATH\Boot.php(67): CodeIgniter\Boot::runCodeIgniter()
 9 FCPATH\index.php(56): CodeIgniter\Boot::bootWeb()
10 SYSTEMPATH\rewrite.php(44): require_once('D:\\xampp\\htdocs\\SirMuthaSchool\\public\\index.php')
CRITICAL - 2024-12-17 10:04:51 --> CodeIgniter\View\Exceptions\ViewException: Invalid file: "banner_list.php"
[Method: GET, Route: adm1n/banner]
in SYSTEMPATH\Exceptions\FrameworkException.php on line 41.
 1 SYSTEMPATH\View\View.php(222): CodeIgniter\Exceptions\FrameworkException::forInvalidFile()
 2 SYSTEMPATH\Common.php(1171): CodeIgniter\View\View->render()
 3 APPPATH\Controllers\BannerController.php(15): view()
 4 SYSTEMPATH\CodeIgniter.php(933): App\Controllers\BannerController->index()
 5 SYSTEMPATH\CodeIgniter.php(509): CodeIgniter\CodeIgniter->runController()
 6 SYSTEMPATH\CodeIgniter.php(355): CodeIgniter\CodeIgniter->handleRequest()
 7 SYSTEMPATH\Boot.php(325): CodeIgniter\CodeIgniter->run()
 8 SYSTEMPATH\Boot.php(67): CodeIgniter\Boot::runCodeIgniter()
 9 FCPATH\index.php(56): CodeIgniter\Boot::bootWeb()
10 SYSTEMPATH\rewrite.php(44): require_once('D:\\xampp\\htdocs\\SirMuthaSchool\\public\\index.php')
